<?xml version="1.0" encoding="UTF-8"?>
<robot generator="Robot 6.1.1 (Python 3.10.14 on win32)" generated="20241212 18:18:08.729" rpa="true" schemaversion="4">
<suite id="s1" name="ActionCallCenter" source="d:\RPA2\PageObject\ActionFile\ActionCallCenter.robot">
<test id="s1-t1" name="TH_Contact_0CRM_0CORE" line="14">
<kw name="Open CRM" library="LoginPageLocators">
<kw name="Open Browser" library="RPA.Browser.Selenium">
<arg>${urlLAB1}</arg>
<arg>chrome</arg>
<doc>Opens a new browser instance to the optional ``url``.</doc>
<msg timestamp="20241212 18:18:10.725" level="INFO">Opening browser 'chrome' to base url 'https://lab.connect247.vn/ucrm-ver3/call-center'.</msg>
<status status="PASS" starttime="20241212 18:18:10.724" endtime="20241212 18:18:21.967"/>
</kw>
<kw name="Maximize Browser Window" library="RPA.Browser.Selenium">
<doc>Maximizes current browser window.</doc>
<status status="PASS" starttime="20241212 18:18:21.968" endtime="20241212 18:18:22.019"/>
</kw>
<status status="PASS" starttime="20241212 18:18:10.723" endtime="20241212 18:18:22.021"/>
</kw>
<kw name="Login CRM" library="LoginPageLocators">
<kw name="Click Element" library="RPA.Browser.Selenium">
<arg>${BtnLoginOutSide}</arg>
<doc>Click the element identified by ``locator``.</doc>
<msg timestamp="20241212 18:18:22.030" level="INFO">Clicking element '//*[@id='root']/div[2]/div/div/div[2]/div/button'.</msg>
<status status="PASS" starttime="20241212 18:18:22.027" endtime="20241212 18:18:22.300"/>
</kw>
<kw name="Wait Until Element Is Visible" library="RPA.Browser.Selenium">
<arg>${EmaiLogin}</arg>
<doc>Waits until the element ``locator`` is visible.</doc>
<status status="PASS" starttime="20241212 18:18:22.301" endtime="20241212 18:18:22.337"/>
</kw>
<kw name="Input Text" library="RPA.Browser.Selenium">
<arg>${EmaiLogin}</arg>
<arg>${email}</arg>
<doc>Types the given ``text`` into the text field identified by ``locator``.</doc>
<msg timestamp="20241212 18:18:22.338" level="INFO">Typing text 'user8010@yopmail.com' into text field 'id:basic_email'.</msg>
<status status="PASS" starttime="20241212 18:18:22.337" endtime="20241212 18:18:22.599"/>
</kw>
<kw name="Input Text" library="RPA.Browser.Selenium">
<arg>${Pwdlogin}</arg>
<arg>${pwd}</arg>
<doc>Types the given ``text`` into the text field identified by ``locator``.</doc>
<msg timestamp="20241212 18:18:22.600" level="INFO">Typing text '12345678x@X' into text field 'id:basic_pass'.</msg>
<status status="PASS" starttime="20241212 18:18:22.599" endtime="20241212 18:18:22.767"/>
</kw>
<kw name="Click Element" library="RPA.Browser.Selenium">
<arg>${Clickbtnlogin}</arg>
<doc>Click the element identified by ``locator``.</doc>
<msg timestamp="20241212 18:18:22.768" level="INFO">Clicking element '//*[@id='basic']/div[3]/div/div/div/div/button'.</msg>
<status status="PASS" starttime="20241212 18:18:22.767" endtime="20241212 18:18:22.870"/>
</kw>
<status status="PASS" starttime="20241212 18:18:22.025" endtime="20241212 18:18:22.870"/>
</kw>
<kw name="Get Window Handles" library="RPA.Browser.Selenium">
<var>${original_tab}</var>
<doc>Returns all child window handles of the selected browser as a list.</doc>
<msg timestamp="20241212 18:18:22.875" level="INFO">${original_tab} = ['D9FFDE6368713335576F97BDC1230D5A']</msg>
<status status="PASS" starttime="20241212 18:18:22.871" endtime="20241212 18:18:22.877"/>
</kw>
<kw name="RPACallAPI_CALL_CTI" library="Common_keyword">
<arg>123</arg>
<arg>8010</arg>
<arg>RINGING</arg>
<arg>1</arg>
<arg>0906453332</arg>
<kw name="Set Variable" library="BuiltIn">
<var>${PAYLOADRINGING}</var>
<arg>{"LinkedID": "${LinkedID}", "QueueID": "", "CallPhone": "${PhoneNumber}", "CallStartTime": "2024-07-22 11:30:34", "CallConnectTime": "", "CallEndTime": "", "CallStatus": "${CallStatus}", "TotalDuration": "0", "BillDuration": "0", "Username": "user8014@email.com", "Hotline": "", "ExtentionID": "${ExtentionID}", "InOutCall": "${Direction}", "CompanyUID": "17e31c2b-c738-4ddb-a406-8f6fce907353", "DepartmentUID": "", "CallHoldStartTime": "", "CallHoldEndTime": "", "ExtentionTransfer": "", "TypeCall": "0", "ReasonCode": "", "ReasonName": "", "uniqueID": "1721622634.1910"}</arg>
<doc>Returns the given values which can then be assigned to a variables.</doc>
<msg timestamp="20241212 18:18:22.882" level="INFO">${PAYLOADRINGING} = {"LinkedID": "123", "QueueID": "", "CallPhone": "0906453332", "CallStartTime": "2024-07-22 11:30:34", "CallConnectTime": "", "CallEndTime": "", "CallStatus": "RINGING", "TotalDuration": "0", "BillDura...</msg>
<status status="PASS" starttime="20241212 18:18:22.881" endtime="20241212 18:18:22.883"/>
</kw>
<kw name="Create Session" library="RequestsLibrary">
<arg>api_session</arg>
<arg>${API_URL}</arg>
<arg>headers=&amp;{HEADERS}</arg>
<arg>verify=False</arg>
<doc>Create Session: create a HTTP session to a server</doc>
<msg timestamp="20241212 18:18:22.885" level="INFO">Creating Session using : alias=api_session, url=https://lab.connect247.vn/ucrmapi-ver3/cti/call-data, headers={'Content-Type': 'application/json', 'Authorization': 'Bearer eyJ0eXAiOiJKV1QiLCJhbGciOiJIUzI1NiJ9.eyJleHAiOjIwMzY5ODQyMTMsIlRlbmFudHMiOiJ0bnRfdGVzdGFjZmN0ZXN0OV82NDQyOTMyMiIsIklEIjoiNjY5ODg5NTIyOGM5ZGEyY2RkNjEyYTkyIiwiRW1haWwiOiJ0ZXN0YWNmYzlAeW9wbWFpbC5jb20iLCJJc19BZG1pbiI6dHJ1ZX0.mumhNV909rOtFAUFNKpOharTYWPRNo85S2Zi9QY5bJs'},                     cookies={}, auth=None, timeout=None, proxies=None, verify=False,                     debug=0 </msg>
<status status="PASS" starttime="20241212 18:18:22.884" endtime="20241212 18:18:22.886"/>
</kw>
<kw name="POST On Session" library="RequestsLibrary">
<var>${response}</var>
<arg>api_session</arg>
<arg>url=${API_URL}</arg>
<arg>data=${PAYLOADRINGING}</arg>
<doc>Sends a POST request on a previously created HTTP Session.</doc>
<msg timestamp="20241212 18:18:26.049" level="INFO">POST Request : url=https://lab.connect247.vn/ucrmapi-ver3/cti/call-data 
 path_url=/ucrmapi-ver3/cti/call-data 
 headers={'User-Agent': 'python-requests/2.32.3', 'Accept-Encoding': 'gzip, deflate', 'Accept': '*/*', 'Connection': 'keep-alive', 'Content-Type': 'application/json', 'Authorization': 'Bearer eyJ0eXAiOiJKV1QiLCJhbGciOiJIUzI1NiJ9.eyJleHAiOjIwMzY5ODQyMTMsIlRlbmFudHMiOiJ0bnRfdGVzdGFjZmN0ZXN0OV82NDQyOTMyMiIsIklEIjoiNjY5ODg5NTIyOGM5ZGEyY2RkNjEyYTkyIiwiRW1haWwiOiJ0ZXN0YWNmYzlAeW9wbWFpbC5jb20iLCJJc19BZG1pbiI6dHJ1ZX0.mumhNV909rOtFAUFNKpOharTYWPRNo85S2Zi9QY5bJs', 'Content-Length': '533'} 
 body={"LinkedID": "123", "QueueID": "", "CallPhone": "0906453332", "CallStartTime": "2024-07-22 11:30:34", "CallConnectTime": "", "CallEndTime": "", "CallStatus": "RINGING", "TotalDuration": "0", "BillDuration": "0", "Username": "user8014@email.com", "Hotline": "", "ExtentionID": "8010", "InOutCall": "1", "CompanyUID": "17e31c2b-c738-4ddb-a406-8f6fce907353", "DepartmentUID": "", "CallHoldStartTime": "", "CallHoldEndTime": "", "ExtentionTransfer": "", "TypeCall": "0", "ReasonCode": "", "ReasonName": "", "uniqueID": "1721622634.1910"} 
 </msg>
<msg timestamp="20241212 18:18:26.050" level="INFO">POST Response : url=https://lab.connect247.vn/ucrmapi-ver3/cti/call-data 
 status=200, reason=OK 
 headers={'Server': 'nginx', 'Date': 'Thu, 12 Dec 2024 11:18:26 GMT', 'Content-Type': 'application/json', 'Content-Length': '54', 'Connection': 'keep-alive', 'Vary': 'Accept, origin', 'Allow': 'GET, POST, OPTIONS', 'X-Content-Type-Options': 'nosniff, nosniff', 'Referrer-Policy': 'same-origin', 'Cross-Origin-Opener-Policy': 'same-origin', 'X-Frame-Options': 'DENY', 'Sec-Fetch-Site': 'cross-site'} 
 body={"data": [], "message": "success", "status_code": 200} 
 </msg>
<msg timestamp="20241212 18:18:26.050" level="INFO">C:\Users\Bui Nguyen Minh Quan\AppData\Local\Programs\Python\Python310\Lib\site-packages\urllib3\connectionpool.py:1064: InsecureRequestWarning: Unverified HTTPS request is being made to host 'lab.connect247.vn'. Adding certificate verification is strongly advised. See: https://urllib3.readthedocs.io/en/1.26.x/advanced-usage.html#ssl-warnings
  warnings.warn(</msg>
<msg timestamp="20241212 18:18:26.051" level="INFO">${response} = &lt;Response [200]&gt;</msg>
<status status="PASS" starttime="20241212 18:18:22.887" endtime="20241212 18:18:26.051"/>
</kw>
<status status="PASS" starttime="20241212 18:18:22.879" endtime="20241212 18:18:26.052"/>
</kw>
<kw name="Sleep" library="BuiltIn">
<arg>2s</arg>
<doc>Pauses the test executed for the given time.</doc>
<msg timestamp="20241212 18:18:28.068" level="INFO">Slept 2 seconds</msg>
<status status="PASS" starttime="20241212 18:18:26.053" endtime="20241212 18:18:28.069"/>
</kw>
<kw name="Get Window Handles" library="RPA.Browser.Selenium">
<var>${all_tab}</var>
<doc>Returns all child window handles of the selected browser as a list.</doc>
<msg timestamp="20241212 18:18:28.075" level="INFO">${all_tab} = ['D9FFDE6368713335576F97BDC1230D5A']</msg>
<status status="PASS" starttime="20241212 18:18:28.070" endtime="20241212 18:18:28.076"/>
</kw>
<kw name="Switch Window" library="RPA.Browser.Selenium">
<arg>${original_tab}[0]</arg>
<doc>Switches to browser window matching ``locator``.</doc>
<status status="PASS" starttime="20241212 18:18:28.081" endtime="20241212 18:18:28.103"/>
</kw>
<kw name="RPACallAPI_CALL_CTI" library="Common_keyword">
<arg>123</arg>
<arg>8010</arg>
<arg>ANSWER</arg>
<arg>1</arg>
<arg>0906453332</arg>
<kw name="Set Variable" library="BuiltIn">
<var>${PAYLOADRINGING}</var>
<arg>{"LinkedID": "${LinkedID}", "QueueID": "", "CallPhone": "${PhoneNumber}", "CallStartTime": "2024-07-22 11:30:34", "CallConnectTime": "", "CallEndTime": "", "CallStatus": "${CallStatus}", "TotalDuration": "0", "BillDuration": "0", "Username": "user8014@email.com", "Hotline": "", "ExtentionID": "${ExtentionID}", "InOutCall": "${Direction}", "CompanyUID": "17e31c2b-c738-4ddb-a406-8f6fce907353", "DepartmentUID": "", "CallHoldStartTime": "", "CallHoldEndTime": "", "ExtentionTransfer": "", "TypeCall": "0", "ReasonCode": "", "ReasonName": "", "uniqueID": "1721622634.1910"}</arg>
<doc>Returns the given values which can then be assigned to a variables.</doc>
<msg timestamp="20241212 18:18:28.109" level="INFO">${PAYLOADRINGING} = {"LinkedID": "123", "QueueID": "", "CallPhone": "0906453332", "CallStartTime": "2024-07-22 11:30:34", "CallConnectTime": "", "CallEndTime": "", "CallStatus": "ANSWER", "TotalDuration": "0", "BillDurat...</msg>
<status status="PASS" starttime="20241212 18:18:28.106" endtime="20241212 18:18:28.112"/>
</kw>
<kw name="Create Session" library="RequestsLibrary">
<arg>api_session</arg>
<arg>${API_URL}</arg>
<arg>headers=&amp;{HEADERS}</arg>
<arg>verify=False</arg>
<doc>Create Session: create a HTTP session to a server</doc>
<msg timestamp="20241212 18:18:28.117" level="INFO">Creating Session using : alias=api_session, url=https://lab.connect247.vn/ucrmapi-ver3/cti/call-data, headers={'Content-Type': 'application/json', 'Authorization': 'Bearer eyJ0eXAiOiJKV1QiLCJhbGciOiJIUzI1NiJ9.eyJleHAiOjIwMzY5ODQyMTMsIlRlbmFudHMiOiJ0bnRfdGVzdGFjZmN0ZXN0OV82NDQyOTMyMiIsIklEIjoiNjY5ODg5NTIyOGM5ZGEyY2RkNjEyYTkyIiwiRW1haWwiOiJ0ZXN0YWNmYzlAeW9wbWFpbC5jb20iLCJJc19BZG1pbiI6dHJ1ZX0.mumhNV909rOtFAUFNKpOharTYWPRNo85S2Zi9QY5bJs'},                     cookies={}, auth=None, timeout=None, proxies=None, verify=False,                     debug=0 </msg>
<status status="PASS" starttime="20241212 18:18:28.115" endtime="20241212 18:18:28.119"/>
</kw>
<kw name="POST On Session" library="RequestsLibrary">
<var>${response}</var>
<arg>api_session</arg>
<arg>url=${API_URL}</arg>
<arg>data=${PAYLOADRINGING}</arg>
<doc>Sends a POST request on a previously created HTTP Session.</doc>
<msg timestamp="20241212 18:18:30.004" level="INFO">POST Request : url=https://lab.connect247.vn/ucrmapi-ver3/cti/call-data 
 path_url=/ucrmapi-ver3/cti/call-data 
 headers={'User-Agent': 'python-requests/2.32.3', 'Accept-Encoding': 'gzip, deflate', 'Accept': '*/*', 'Connection': 'keep-alive', 'Content-Type': 'application/json', 'Authorization': 'Bearer eyJ0eXAiOiJKV1QiLCJhbGciOiJIUzI1NiJ9.eyJleHAiOjIwMzY5ODQyMTMsIlRlbmFudHMiOiJ0bnRfdGVzdGFjZmN0ZXN0OV82NDQyOTMyMiIsIklEIjoiNjY5ODg5NTIyOGM5ZGEyY2RkNjEyYTkyIiwiRW1haWwiOiJ0ZXN0YWNmYzlAeW9wbWFpbC5jb20iLCJJc19BZG1pbiI6dHJ1ZX0.mumhNV909rOtFAUFNKpOharTYWPRNo85S2Zi9QY5bJs', 'Content-Length': '532'} 
 body={"LinkedID": "123", "QueueID": "", "CallPhone": "0906453332", "CallStartTime": "2024-07-22 11:30:34", "CallConnectTime": "", "CallEndTime": "", "CallStatus": "ANSWER", "TotalDuration": "0", "BillDuration": "0", "Username": "user8014@email.com", "Hotline": "", "ExtentionID": "8010", "InOutCall": "1", "CompanyUID": "17e31c2b-c738-4ddb-a406-8f6fce907353", "DepartmentUID": "", "CallHoldStartTime": "", "CallHoldEndTime": "", "ExtentionTransfer": "", "TypeCall": "0", "ReasonCode": "", "ReasonName": "", "uniqueID": "1721622634.1910"} 
 </msg>
<msg timestamp="20241212 18:18:30.004" level="INFO">POST Response : url=https://lab.connect247.vn/ucrmapi-ver3/cti/call-data 
 status=200, reason=OK 
 headers={'Server': 'nginx', 'Date': 'Thu, 12 Dec 2024 11:18:30 GMT', 'Content-Type': 'application/json', 'Content-Length': '54', 'Connection': 'keep-alive', 'Vary': 'Accept, origin', 'Allow': 'POST, GET, OPTIONS', 'X-Content-Type-Options': 'nosniff, nosniff', 'Referrer-Policy': 'same-origin', 'Cross-Origin-Opener-Policy': 'same-origin', 'X-Frame-Options': 'DENY', 'Sec-Fetch-Site': 'cross-site'} 
 body={"data": [], "message": "success", "status_code": 200} 
 </msg>
<msg timestamp="20241212 18:18:30.004" level="INFO">C:\Users\Bui Nguyen Minh Quan\AppData\Local\Programs\Python\Python310\Lib\site-packages\urllib3\connectionpool.py:1064: InsecureRequestWarning: Unverified HTTPS request is being made to host 'lab.connect247.vn'. Adding certificate verification is strongly advised. See: https://urllib3.readthedocs.io/en/1.26.x/advanced-usage.html#ssl-warnings
  warnings.warn(</msg>
<msg timestamp="20241212 18:18:30.005" level="INFO">${response} = &lt;Response [200]&gt;</msg>
<status status="PASS" starttime="20241212 18:18:28.120" endtime="20241212 18:18:30.006"/>
</kw>
<status status="PASS" starttime="20241212 18:18:28.105" endtime="20241212 18:18:30.007"/>
</kw>
<kw name="Sleep" library="BuiltIn">
<arg>1s</arg>
<doc>Pauses the test executed for the given time.</doc>
<msg timestamp="20241212 18:18:31.026" level="INFO">Slept 1 second</msg>
<status status="PASS" starttime="20241212 18:18:30.009" endtime="20241212 18:18:31.028"/>
</kw>
<kw name="EditContactInfo_1_TH_0_ContactCRM" library="CallCenterLocator">
<kw name="Sleep" library="BuiltIn">
<arg>5s</arg>
<doc>Pauses the test executed for the given time.</doc>
<msg timestamp="20241212 18:18:36.050" level="INFO">Slept 5 seconds</msg>
<status status="PASS" starttime="20241212 18:18:31.033" endtime="20241212 18:18:36.052"/>
</kw>
<kw name="Click Element" library="RPA.Browser.Selenium">
<arg>${Settings}</arg>
<doc>Click the element identified by ``locator``.</doc>
<msg timestamp="20241212 18:18:36.054" level="INFO">Clicking element 'id:ucrm_multiDetail_setting'.</msg>
<status status="PASS" starttime="20241212 18:18:36.053" endtime="20241212 18:18:36.169"/>
</kw>
<kw name="Sleep" library="BuiltIn">
<arg>4s</arg>
<doc>Pauses the test executed for the given time.</doc>
<msg timestamp="20241212 18:18:40.180" level="INFO">Slept 4 seconds</msg>
<status status="PASS" starttime="20241212 18:18:36.169" endtime="20241212 18:18:40.180"/>
</kw>
<kw name="Wait Until Element Is Visible" library="RPA.Browser.Selenium">
<arg>${EditRecord}</arg>
<doc>Waits until the element ``locator`` is visible.</doc>
<status status="PASS" starttime="20241212 18:18:40.181" endtime="20241212 18:18:40.223"/>
</kw>
<kw name="Wait Until Element Is Visible" library="RPA.Browser.Selenium">
<arg>${EditRecordBtn}</arg>
<doc>Waits until the element ``locator`` is visible.</doc>
<status status="PASS" starttime="20241212 18:18:40.225" endtime="20241212 18:18:40.262"/>
</kw>
<kw name="Click Element" library="RPA.Browser.Selenium">
<arg>${EditRecordBtn}</arg>
<doc>Click the element identified by ``locator``.</doc>
<msg timestamp="20241212 18:18:40.263" level="INFO">Clicking element '//*[@id="ucrm_multiDetails_EDITRECORD"]'.</msg>
<status status="PASS" starttime="20241212 18:18:40.262" endtime="20241212 18:18:40.462"/>
</kw>
<kw name="Generate_Random_Full_Name" library="Common_keyword">
<var>${RandomName}</var>
<kw name="Evaluate" library="BuiltIn">
<var>${first_name}</var>
<arg>random.choice(${NAMES})</arg>
<doc>Evaluates the given expression in Python and returns the result.</doc>
<msg timestamp="20241212 18:18:40.472" level="INFO">${first_name} = Hải</msg>
<status status="PASS" starttime="20241212 18:18:40.463" endtime="20241212 18:18:40.473"/>
</kw>
<kw name="Evaluate" library="BuiltIn">
<var>${last_name}</var>
<arg>random.choice(${LAST_NAMES})</arg>
<doc>Evaluates the given expression in Python and returns the result.</doc>
<msg timestamp="20241212 18:18:40.477" level="INFO">${last_name} = Trịnh</msg>
<status status="PASS" starttime="20241212 18:18:40.476" endtime="20241212 18:18:40.478"/>
</kw>
<kw name="Evaluate" library="BuiltIn">
<var>${mid_name}</var>
<arg>random.choice(${MID_NAMES})</arg>
<doc>Evaluates the given expression in Python and returns the result.</doc>
<msg timestamp="20241212 18:18:40.480" level="INFO">${mid_name} = Thanh</msg>
<status status="PASS" starttime="20241212 18:18:40.478" endtime="20241212 18:18:40.480"/>
</kw>
<kw name="Set Variable" library="BuiltIn">
<var>${full_name}</var>
<arg>${last_name} ${mid_name} ${first_name}</arg>
<doc>Returns the given values which can then be assigned to a variables.</doc>
<msg timestamp="20241212 18:18:40.481" level="INFO">${full_name} = Trịnh Thanh Hải</msg>
<status status="PASS" starttime="20241212 18:18:40.480" endtime="20241212 18:18:40.481"/>
</kw>
<return>
<value>${full_name}</value>
<status status="PASS" starttime="20241212 18:18:40.481" endtime="20241212 18:18:40.482"/>
</return>
<msg timestamp="20241212 18:18:40.482" level="INFO">${RandomName} = Trịnh Thanh Hải</msg>
<status status="PASS" starttime="20241212 18:18:40.463" endtime="20241212 18:18:40.482"/>
</kw>
<kw name="Sleep" library="BuiltIn">
<arg>5s</arg>
<doc>Pauses the test executed for the given time.</doc>
<msg timestamp="20241212 18:18:45.483" level="INFO">Slept 5 seconds</msg>
<status status="PASS" starttime="20241212 18:18:40.482" endtime="20241212 18:18:45.483"/>
</kw>
<kw name="Wait Until Element Is Visible" library="RPA.Browser.Selenium">
<arg>${FieldName}</arg>
<doc>Waits until the element ``locator`` is visible.</doc>
<status status="PASS" starttime="20241212 18:18:45.483" endtime="20241212 18:18:45.521"/>
</kw>
<for flavor="IN RANGE">
<var>${i}</var>
<value>0</value>
<value>50</value>
<iter>
<var name="${i}">0</var>
<kw name="Get Element Attribute" library="RPA.Browser.Selenium">
<var>${current_value}</var>
<arg>${FieldName}</arg>
<arg>value</arg>
<doc>Returns the value of ``attribute`` from the element ``locator``.</doc>
<msg timestamp="20241212 18:18:45.560" level="INFO">${current_value} = Trần Thị Huy</msg>
<status status="PASS" starttime="20241212 18:18:45.526" endtime="20241212 18:18:45.561"/>
</kw>
<if>
<branch type="IF" condition="'${current_value}' != ''">
<kw name="Click Element" library="RPA.Browser.Selenium">
<arg>${FieldName}</arg>
<doc>Click the element identified by ``locator``.</doc>
<msg timestamp="20241212 18:18:45.562" level="INFO">Clicking element 'id:fld_contact_first_name_00000001_form_interaction'.</msg>
<status status="PASS" starttime="20241212 18:18:45.562" endtime="20241212 18:18:45.700"/>
</kw>
<kw name="Press Keys" library="RPA.Browser.Selenium">
<arg>${FieldName}</arg>
<arg>CONTROL+A</arg>
<doc>Simulates the user pressing key(s) to an element or on the active browser.</doc>
<msg timestamp="20241212 18:18:45.709" level="INFO">Sending key(s) ('CONTROL+A',) to id:fld_contact_first_name_00000001_form_interaction element.</msg>
<msg timestamp="20241212 18:18:46.046" level="INFO">Pressing special key CONTROL down.</msg>
<msg timestamp="20241212 18:18:46.047" level="INFO">Sending key A</msg>
<msg timestamp="20241212 18:18:46.047" level="INFO">Releasing special key CONTROL.</msg>
<status status="PASS" starttime="20241212 18:18:45.701" endtime="20241212 18:18:46.066"/>
</kw>
<kw name="Execute Javascript" library="RPA.Browser.Selenium">
<arg>document.getElementById("fld_contact_first_name_00000001_form_interaction").value = ''</arg>
<doc>Executes the given JavaScript code with possible arguments.</doc>
<msg timestamp="20241212 18:18:46.067" level="INFO">Executing JavaScript:
document.getElementById("fld_contact_first_name_00000001_form_interaction").value = ''
Without any arguments.</msg>
<status status="PASS" starttime="20241212 18:18:46.066" endtime="20241212 18:18:46.164"/>
</kw>
<status status="PASS" starttime="20241212 18:18:45.561" endtime="20241212 18:18:46.164"/>
</branch>
<status status="PASS" starttime="20241212 18:18:45.561" endtime="20241212 18:18:46.164"/>
</if>
<kw name="Sleep" library="BuiltIn">
<arg>1s</arg>
<doc>Pauses the test executed for the given time.</doc>
<msg timestamp="20241212 18:18:47.168" level="INFO">Slept 1 second</msg>
<status status="PASS" starttime="20241212 18:18:46.164" endtime="20241212 18:18:47.170"/>
</kw>
<kw name="Get Element Attribute" library="RPA.Browser.Selenium">
<var>${current_value}</var>
<arg>${FieldName}</arg>
<arg>value</arg>
<doc>Returns the value of ``attribute`` from the element ``locator``.</doc>
<msg timestamp="20241212 18:18:47.204" level="INFO">${current_value} = </msg>
<status status="PASS" starttime="20241212 18:18:47.173" endtime="20241212 18:18:47.206"/>
</kw>
<if>
<branch type="IF" condition="'${current_value}' == ''">
<break>
<status status="PASS" starttime="20241212 18:18:47.207" endtime="20241212 18:18:47.207"/>
</break>
<status status="PASS" starttime="20241212 18:18:47.206" endtime="20241212 18:18:47.207"/>
</branch>
<status status="PASS" starttime="20241212 18:18:47.206" endtime="20241212 18:18:47.207"/>
</if>
<status status="PASS" starttime="20241212 18:18:45.525" endtime="20241212 18:18:47.207"/>
</iter>
<status status="PASS" starttime="20241212 18:18:45.523" endtime="20241212 18:18:47.208"/>
</for>
<kw name="Input Text" library="RPA.Browser.Selenium">
<arg>${FieldName}</arg>
<arg>${RandomName}</arg>
<doc>Types the given ``text`` into the text field identified by ``locator``.</doc>
<msg timestamp="20241212 18:18:47.209" level="INFO">Typing text 'Trịnh Thanh Hải' into text field 'id:fld_contact_first_name_00000001_form_interaction'.</msg>
<status status="PASS" starttime="20241212 18:18:47.208" endtime="20241212 18:18:47.582"/>
</kw>
<kw name="Generate_Random_Email" library="Common_keyword">
<var>${RandomEmail}</var>
<kw name="Evaluate" library="BuiltIn">
<var>${EmailName}</var>
<arg>random.choice(${EmailName})</arg>
<doc>Evaluates the given expression in Python and returns the result.</doc>
<msg timestamp="20241212 18:18:47.584" level="INFO">${EmailName} = huyh</msg>
<status status="PASS" starttime="20241212 18:18:47.583" endtime="20241212 18:18:47.585"/>
</kw>
<kw name="Evaluate" library="BuiltIn">
<var>${EmailNameMiddle}</var>
<arg>random.choice(${EmailNameMiddle})</arg>
<doc>Evaluates the given expression in Python and returns the result.</doc>
<msg timestamp="20241212 18:18:47.590" level="INFO">${EmailNameMiddle} = hah</msg>
<status status="PASS" starttime="20241212 18:18:47.588" endtime="20241212 18:18:47.591"/>
</kw>
<kw name="Evaluate" library="BuiltIn">
<var>${Email_Domanins}</var>
<arg>random.choice(${Email_Domanins})</arg>
<doc>Evaluates the given expression in Python and returns the result.</doc>
<msg timestamp="20241212 18:18:47.591" level="INFO">${Email_Domanins} = @hotmail.com</msg>
<status status="PASS" starttime="20241212 18:18:47.591" endtime="20241212 18:18:47.592"/>
</kw>
<kw name="Set Variable" library="BuiltIn">
<var>${full_email}</var>
<arg>${EmailName}${EmailNameMiddle}${Email_Domanins}</arg>
<doc>Returns the given values which can then be assigned to a variables.</doc>
<msg timestamp="20241212 18:18:47.593" level="INFO">${full_email} = huyhhah@hotmail.com</msg>
<status status="PASS" starttime="20241212 18:18:47.592" endtime="20241212 18:18:47.593"/>
</kw>
<return>
<value>${full_email}</value>
<status status="PASS" starttime="20241212 18:18:47.593" endtime="20241212 18:18:47.594"/>
</return>
<msg timestamp="20241212 18:18:47.594" level="INFO">${RandomEmail} = huyhhah@hotmail.com</msg>
<status status="PASS" starttime="20241212 18:18:47.582" endtime="20241212 18:18:47.595"/>
</kw>
<kw name="Wait Until Element Is Visible" library="RPA.Browser.Selenium">
<arg>${FieldEmail}</arg>
<doc>Waits until the element ``locator`` is visible.</doc>
<status status="PASS" starttime="20241212 18:18:47.595" endtime="20241212 18:18:47.642"/>
</kw>
<kw name="Sleep" library="BuiltIn">
<arg>2s</arg>
<doc>Pauses the test executed for the given time.</doc>
<msg timestamp="20241212 18:18:49.654" level="INFO">Slept 2 seconds</msg>
<status status="PASS" starttime="20241212 18:18:47.643" endtime="20241212 18:18:49.656"/>
</kw>
<kw name="Input Text" library="RPA.Browser.Selenium">
<arg>${FieldEmail}</arg>
<arg>${RandomEmail}</arg>
<doc>Types the given ``text`` into the text field identified by ``locator``.</doc>
<msg timestamp="20241212 18:18:49.659" level="INFO">Typing text 'huyhhah@hotmail.com' into text field 'id:fld_contact_email_00000001_form_interaction'.</msg>
<status status="PASS" starttime="20241212 18:18:49.657" endtime="20241212 18:18:50.097"/>
</kw>
<kw name="Generate_Random_Gender" library="Common_keyword">
<var>${RandomGender}</var>
<kw name="Evaluate" library="BuiltIn">
<var>${Gender}</var>
<arg>random.choice(${Gender})</arg>
<doc>Evaluates the given expression in Python and returns the result.</doc>
<msg timestamp="20241212 18:18:50.099" level="INFO">${Gender} = Male</msg>
<status status="PASS" starttime="20241212 18:18:50.098" endtime="20241212 18:18:50.099"/>
</kw>
<kw name="Set Variable" library="BuiltIn">
<var>${Gender_}</var>
<arg>${Gender}</arg>
<doc>Returns the given values which can then be assigned to a variables.</doc>
<msg timestamp="20241212 18:18:50.104" level="INFO">${Gender_} = Male</msg>
<status status="PASS" starttime="20241212 18:18:50.099" endtime="20241212 18:18:50.104"/>
</kw>
<return>
<value>${Gender_}</value>
<status status="PASS" starttime="20241212 18:18:50.106" endtime="20241212 18:18:50.107"/>
</return>
<msg timestamp="20241212 18:18:50.109" level="INFO">${RandomGender} = Male</msg>
<status status="PASS" starttime="20241212 18:18:50.097" endtime="20241212 18:18:50.109"/>
</kw>
<kw name="Sleep" library="BuiltIn">
<arg>2s</arg>
<doc>Pauses the test executed for the given time.</doc>
<msg timestamp="20241212 18:18:52.114" level="INFO">Slept 2 seconds</msg>
<status status="PASS" starttime="20241212 18:18:50.110" endtime="20241212 18:18:52.114"/>
</kw>
<kw name="Input Text" library="RPA.Browser.Selenium">
<arg>${FieldGender}</arg>
<arg>${RandomGender}</arg>
<doc>Types the given ``text`` into the text field identified by ``locator``.</doc>
<msg timestamp="20241212 18:18:52.115" level="INFO">Typing text 'Male' into text field '//*[@id="basic_fld_contact_gender_00000001"]'.</msg>
<status status="PASS" starttime="20241212 18:18:52.115" endtime="20241212 18:18:52.377"/>
</kw>
<kw name="Press Keys" library="RPA.Browser.Selenium">
<arg>${FieldGender}</arg>
<arg>Enter</arg>
<doc>Simulates the user pressing key(s) to an element or on the active browser.</doc>
<msg timestamp="20241212 18:18:52.379" level="INFO">Sending key(s) ('Enter',) to //*[@id="basic_fld_contact_gender_00000001"] element.</msg>
<msg timestamp="20241212 18:18:52.727" level="INFO">Sending keys Enter</msg>
<status status="PASS" starttime="20241212 18:18:52.377" endtime="20241212 18:18:52.882"/>
</kw>
<kw name="Generate_DepartMent" library="Common_keyword">
<var>${RandomDepartment}</var>
<kw name="Evaluate" library="BuiltIn">
<var>${Street}</var>
<arg>random.choice(${Street})</arg>
<doc>Evaluates the given expression in Python and returns the result.</doc>
<msg timestamp="20241212 18:18:52.890" level="INFO">${Street} = 606 Đường Láng, Phường Láng Thượng, Quận Đống Đa</msg>
<status status="PASS" starttime="20241212 18:18:52.889" endtime="20241212 18:18:52.890"/>
</kw>
<return>
<value>${Street}</value>
<status status="PASS" starttime="20241212 18:18:52.890" endtime="20241212 18:18:52.890"/>
</return>
<msg timestamp="20241212 18:18:52.891" level="INFO">${RandomDepartment} = 606 Đường Láng, Phường Láng Thượng, Quận Đống Đa</msg>
<status status="PASS" starttime="20241212 18:18:52.883" endtime="20241212 18:18:52.891"/>
</kw>
<kw name="Sleep" library="BuiltIn">
<arg>2s</arg>
<doc>Pauses the test executed for the given time.</doc>
<msg timestamp="20241212 18:18:54.904" level="INFO">Slept 2 seconds</msg>
<status status="PASS" starttime="20241212 18:18:52.891" endtime="20241212 18:18:54.904"/>
</kw>
<kw name="Input Text" library="RPA.Browser.Selenium">
<arg>${FieldDepartment}</arg>
<arg>${RandomDepartment}</arg>
<doc>Types the given ``text`` into the text field identified by ``locator``.</doc>
<msg timestamp="20241212 18:18:54.906" level="INFO">Typing text '606 Đường Láng, Phường Láng Thượng, Quận Đống Đa' into text field 'id:fld_contact_department_00000001_form_interaction'.</msg>
<status status="PASS" starttime="20241212 18:18:54.906" endtime="20241212 18:18:55.606"/>
</kw>
<kw name="Click Element" library="RPA.Browser.Selenium">
<arg>${SaveContact}</arg>
<doc>Click the element identified by ``locator``.</doc>
<msg timestamp="20241212 18:18:55.608" level="INFO">Clicking element '//*[@id="basic"]/div[4]/button[1]'.</msg>
<status status="PASS" starttime="20241212 18:18:55.607" endtime="20241212 18:18:56.127"/>
</kw>
<status status="PASS" starttime="20241212 18:18:31.031" endtime="20241212 18:18:56.127"/>
</kw>
<status status="PASS" starttime="20241212 18:18:10.721" endtime="20241212 18:18:56.128"/>
</test>
<status status="PASS" starttime="20241212 18:18:08.744" endtime="20241212 18:18:56.135"/>
</suite>
<statistics>
<total>
<stat pass="1" fail="0" skip="0">All Tasks</stat>
</total>
<tag>
</tag>
<suite>
<stat pass="1" fail="0" skip="0" id="s1" name="ActionCallCenter">ActionCallCenter</stat>
</suite>
</statistics>
<errors>
<msg timestamp="20241212 18:18:10.697" level="ERROR">Error in file 'd:\RPA2\PageObject\ActionFile\ActionCallCenter.robot' on line 8: Error in file 'd:\RPA2\PageObject\ActionFile\ActionLogin.robot' on line 6: Resource file with 'Tasks' section is invalid.</msg>
</errors>
</robot>
