<?xml version="1.0" encoding="UTF-8"?>
<robot generator="Robot 6.1.1 (Python 3.10.11 on win32)" generated="20250113 15:17:09.348" rpa="false" schemaversion="4">
<suite id="s1" name="Tasks" source="D:\RPA2\tasks.robot">
<test id="s1-t1" name="test 1" line="14">
<kw name="How Many User Login And Call API" library="Common_keyword">
<arg>0</arg>
<arg>10</arg>
<kw name="Get From List" library="Collections">
<var>${extension}</var>
<arg>${Extension2}</arg>
<arg>${number_users}</arg>
<doc>Returns the value specified with an ``index`` from ``list``.</doc>
<msg timestamp="20250113 15:17:11.961" level="INFO">${extension} = 1909</msg>
<status status="PASS" starttime="20250113 15:17:11.961" endtime="20250113 15:17:11.961"/>
</kw>
<kw name="Open Browser" library="RPA.Browser.Selenium">
<arg>${urlCTI}</arg>
<arg>chrome</arg>
<doc>Opens a new browser instance to the optional ``url``.</doc>
<msg timestamp="20250113 15:17:11.964" level="INFO">Opening browser 'chrome' to base url 'https://lab.connect247.vn/ucrm-cti/call-center'.</msg>
<status status="PASS" starttime="20250113 15:17:11.963" endtime="20250113 15:17:17.713"/>
</kw>
<kw name="Wait Until Element Is Visible" library="RPA.Browser.Selenium">
<arg>${BtnLoginOutSide}</arg>
<arg>timeout=10s</arg>
<doc>Waits until the element ``locator`` is visible.</doc>
<status status="PASS" starttime="20250113 15:17:17.714" endtime="20250113 15:17:17.811"/>
</kw>
<kw name="Click Element" library="RPA.Browser.Selenium">
<arg>${BtnLoginOutSide}</arg>
<doc>Click the element identified by ``locator``.</doc>
<msg timestamp="20250113 15:17:17.815" level="INFO">Clicking element '//*[@id='root']/div[2]/div/div/div[2]/div/button'.</msg>
<status status="PASS" starttime="20250113 15:17:17.813" endtime="20250113 15:17:18.020"/>
</kw>
<kw name="Wait Until Element Is Visible" library="RPA.Browser.Selenium">
<arg>${EmaiLogin}</arg>
<doc>Waits until the element ``locator`` is visible.</doc>
<status status="PASS" starttime="20250113 15:17:18.021" endtime="20250113 15:17:18.073"/>
</kw>
<kw name="Set Variable" library="BuiltIn">
<var>${email}</var>
<arg>user${extension}@email.com</arg>
<doc>Returns the given values which can then be assigned to a variables.</doc>
<msg timestamp="20250113 15:17:18.075" level="INFO">${email} = user1909@email.com</msg>
<status status="PASS" starttime="20250113 15:17:18.073" endtime="20250113 15:17:18.075"/>
</kw>
<kw name="Input Text" library="RPA.Browser.Selenium">
<arg>${EmaiLogin}</arg>
<arg>${email}</arg>
<doc>Types the given ``text`` into the text field identified by ``locator``.</doc>
<msg timestamp="20250113 15:17:18.078" level="INFO">Typing text 'user1909@email.com' into text field 'id:basic_email'.</msg>
<status status="PASS" starttime="20250113 15:17:18.076" endtime="20250113 15:17:18.537"/>
</kw>
<kw name="Log" library="BuiltIn">
<arg>Email nè : ${email}</arg>
<doc>Logs the given message with the given level.</doc>
<msg timestamp="20250113 15:17:18.539" level="INFO">Email nè : user1909@email.com</msg>
<status status="PASS" starttime="20250113 15:17:18.538" endtime="20250113 15:17:18.539"/>
</kw>
<kw name="Input Text" library="RPA.Browser.Selenium">
<arg>${Pwdlogin}</arg>
<arg>12345678x@X</arg>
<doc>Types the given ``text`` into the text field identified by ``locator``.</doc>
<msg timestamp="20250113 15:17:18.543" level="INFO">Typing text '12345678x@X' into text field 'id:basic_pass'.</msg>
<status status="PASS" starttime="20250113 15:17:18.540" endtime="20250113 15:17:18.774"/>
</kw>
<kw name="Click Element" library="RPA.Browser.Selenium">
<arg>${Clickbtnlogin}</arg>
<doc>Click the element identified by ``locator``.</doc>
<msg timestamp="20250113 15:17:18.777" level="INFO">Clicking element '//*[@id='basic']/div[3]/div/div/div/div/button'.</msg>
<status status="PASS" starttime="20250113 15:17:18.775" endtime="20250113 15:17:18.924"/>
</kw>
<kw name="Wait Until Element Is Visible" library="RPA.Browser.Selenium">
<arg>//div[@class='ant-empty-description']/p[text()='Hiện chưa có cuộc gọi']</arg>
<arg>timeout=50s</arg>
<doc>Waits until the element ``locator`` is visible.</doc>
<status status="PASS" starttime="20250113 15:17:18.925" endtime="20250113 15:17:20.698"/>
</kw>
<kw name="Log To Console" library="BuiltIn">
<arg>Login Success with extension: ${email}</arg>
<doc>Logs the given message to the console.</doc>
<status status="PASS" starttime="20250113 15:17:20.698" endtime="20250113 15:17:20.699"/>
</kw>
<kw name="How many calls currently and how long does the Popup tab display" library="CallCenterLocator">
<arg>${extension}</arg>
<arg>${callcurrent}</arg>
<for flavor="IN RANGE">
<var>${i}</var>
<value>${CallConCurent}</value>
<iter>
<var name="${i}">0</var>
<kw name="random_number" library="Common_keyword">
<var>${LINKEDID RANDOM}</var>
<arg>1</arg>
<arg>1000000000</arg>
<kw name="Evaluate" library="BuiltIn">
<var>${random_number}</var>
<arg>random.randint(${min}, ${max})</arg>
<doc>Evaluates the given expression in Python and returns the result.</doc>
<msg timestamp="20250113 15:17:20.702" level="INFO">${random_number} = 910566805</msg>
<status status="PASS" starttime="20250113 15:17:20.701" endtime="20250113 15:17:20.702"/>
</kw>
<return>
<value>${random_number}</value>
<status status="PASS" starttime="20250113 15:17:20.702" endtime="20250113 15:17:20.702"/>
</return>
<msg timestamp="20250113 15:17:20.703" level="INFO">${LINKEDID RANDOM} = 910566805</msg>
<status status="PASS" starttime="20250113 15:17:20.701" endtime="20250113 15:17:20.703"/>
</kw>
<kw name="Generate_Phone" library="Common_keyword">
<var>${RANDOMPHONE}</var>
<kw name="Set Variable" library="BuiltIn">
<var>${prefix}</var>
<arg>090</arg>
<doc>Returns the given values which can then be assigned to a variables.</doc>
<msg timestamp="20250113 15:17:20.704" level="INFO">${prefix} = 090</msg>
<status status="PASS" starttime="20250113 15:17:20.703" endtime="20250113 15:17:20.704"/>
</kw>
<kw name="random_number" library="Common_keyword">
<var>${phone_number}</var>
<arg>1000000</arg>
<arg>9999999</arg>
<kw name="Evaluate" library="BuiltIn">
<var>${random_number}</var>
<arg>random.randint(${min}, ${max})</arg>
<doc>Evaluates the given expression in Python and returns the result.</doc>
<msg timestamp="20250113 15:17:20.705" level="INFO">${random_number} = 3754489</msg>
<status status="PASS" starttime="20250113 15:17:20.705" endtime="20250113 15:17:20.705"/>
</kw>
<return>
<value>${random_number}</value>
<status status="PASS" starttime="20250113 15:17:20.705" endtime="20250113 15:17:20.706"/>
</return>
<msg timestamp="20250113 15:17:20.706" level="INFO">${phone_number} = 3754489</msg>
<status status="PASS" starttime="20250113 15:17:20.704" endtime="20250113 15:17:20.706"/>
</kw>
<kw name="Set Variable" library="BuiltIn">
<var>${phone}</var>
<arg>${prefix}${phone_number}</arg>
<doc>Returns the given values which can then be assigned to a variables.</doc>
<msg timestamp="20250113 15:17:20.707" level="INFO">${phone} = 0903754489</msg>
<status status="PASS" starttime="20250113 15:17:20.706" endtime="20250113 15:17:20.707"/>
</kw>
<return>
<value>${phone}</value>
<status status="PASS" starttime="20250113 15:17:20.707" endtime="20250113 15:17:20.708"/>
</return>
<kw name="Log To Console" library="BuiltIn">
<arg>message: ${phone}</arg>
<doc>Logs the given message to the console.</doc>
<status status="NOT RUN" starttime="20250113 15:17:20.708" endtime="20250113 15:17:20.708"/>
</kw>
<msg timestamp="20250113 15:17:20.709" level="INFO">${RANDOMPHONE} = 0903754489</msg>
<status status="PASS" starttime="20250113 15:17:20.703" endtime="20250113 15:17:20.709"/>
</kw>
<kw name="Log To Console" library="BuiltIn">
<arg>Phone= ${RANDOMPHONE}</arg>
<doc>Logs the given message to the console.</doc>
<status status="PASS" starttime="20250113 15:17:20.709" endtime="20250113 15:17:20.710"/>
</kw>
<kw name="Log To Console" library="BuiltIn">
<arg>LinkedID= ${LINKEDID RANDOM}</arg>
<doc>Logs the given message to the console.</doc>
<status status="PASS" starttime="20250113 15:17:20.710" endtime="20250113 15:17:20.711"/>
</kw>
<kw name="Log To Console" library="BuiltIn">
<arg>Extension= ${extension}</arg>
<doc>Logs the given message to the console.</doc>
<status status="PASS" starttime="20250113 15:17:20.712" endtime="20250113 15:17:20.713"/>
</kw>
<kw name="RPACallAPI_CALL_FI" library="Common_keyword">
<arg>${LINKEDID RANDOM}</arg>
<arg>${extension}</arg>
<arg>RINGING</arg>
<arg>1</arg>
<arg>${RANDOMPHONE}</arg>
<kw name="Create Dictionary" library="BuiltIn">
<var>&amp;{PAYLOADRINGING}</var>
<arg>LinkedID=${LinkedID}</arg>
<arg>CallPhone=${PhoneNumber}</arg>
<arg>CallStartTime=2024-07-22 11:30:34</arg>
<arg>CallConnectTime=</arg>
<arg>CallEndTime=</arg>
<arg>CallStatus=${CallStatus}</arg>
<arg>Username=${ExtensionID}</arg>
<arg>ExtentionID=${ExtensionID}</arg>
<arg>InOutCall=${Direction}</arg>
<doc>Creates and returns a dictionary based on the given ``items``.</doc>
<msg timestamp="20250113 15:17:20.715" level="INFO">&amp;{PAYLOADRINGING} = { LinkedID=910566805 | CallPhone=0903754489 | CallStartTime=2024-07-22 11:30:34 | CallConnectTime= | CallEndTime= | CallStatus=RINGING | Username=1909 | ExtentionID=1909 | InOutCall=1 }</msg>
<status status="PASS" starttime="20250113 15:17:20.714" endtime="20250113 15:17:20.715"/>
</kw>
<kw name="Get Time" library="BuiltIn">
<var>${start_time}</var>
<arg>epoch</arg>
<doc>Returns the given time in the requested format.</doc>
<msg timestamp="20250113 15:17:20.716" level="INFO">${start_time} = 1736756240</msg>
<status status="PASS" starttime="20250113 15:17:20.715" endtime="20250113 15:17:20.716"/>
</kw>
<kw name="Create Session" library="RequestsLibrary">
<arg>api_session</arg>
<arg>${API_URL_FIN}</arg>
<arg>headers=&amp;{HEADERS_FIN}</arg>
<doc>Create Session: create a HTTP session to a server</doc>
<msg timestamp="20250113 15:17:20.717" level="INFO">Creating Session using : alias=api_session, url=https://lab.connect247.vn/ucrmapi-cti/finesse-integration/handle-response-from-server, headers={'Content-Type': 'application/x-www-form-urlencoded', 'Authorization': 'Bearer eyJ0eXAiOiJKV1QiLCJhbGciOiJIUzI1NiJ9.eyJleHAiOjE3MDYwMDI5MjEsIlRlbmFudHMiOiJ0bnRfY2FsbGMyNDdzdGFuZGFyZF80MTQ1NzUyMSIsIklEIjoiNjU0OThhNWE0MjEzMTc2YTczOTE3OWZjIiwiRW1haWwiOiJjYWxsYzI0N3N0YW5kYXJkQGdtYWlsLmNvbSIsIklzX0FkbWluIjp0cnVlfQ.RywH1LqP6cjTSoGEJrsTPOl_uhiIWNuntG8ay0mxXx8'},                     cookies={}, auth=None, timeout=None, proxies=None, verify=False,                     debug=0 </msg>
<status status="PASS" starttime="20250113 15:17:20.716" endtime="20250113 15:17:20.717"/>
</kw>
<kw name="Post Request" library="RequestsLibrary">
<var>${response}</var>
<arg>api_session</arg>
<arg>${API_URL_FIN}</arg>
<arg>data=&amp;{PAYLOADRINGING}</arg>
<doc>*DEPRECATED* Please use `POST On Session` instead.</doc>
<msg timestamp="20250113 15:17:20.717" level="WARN">Keyword 'RequestsLibrary.Post Request' is deprecated. Please use `POST On Session` instead.</msg>
<msg timestamp="20250113 15:17:20.847" level="INFO">POST Request : url=https://lab.connect247.vn/ucrmapi-cti/finesse-integration/handle-response-from-server 
 path_url=/ucrmapi-cti/finesse-integration/handle-response-from-server 
 headers={'User-Agent': 'python-requests/2.32.3', 'Accept-Encoding': 'gzip, deflate', 'Accept': '*/*', 'Connection': 'keep-alive', 'Content-Type': 'application/x-www-form-urlencoded', 'Authorization': 'Bearer eyJ0eXAiOiJKV1QiLCJhbGciOiJIUzI1NiJ9.eyJleHAiOjE3MDYwMDI5MjEsIlRlbmFudHMiOiJ0bnRfY2FsbGMyNDdzdGFuZGFyZF80MTQ1NzUyMSIsIklEIjoiNjU0OThhNWE0MjEzMTc2YTczOTE3OWZjIiwiRW1haWwiOiJjYWxsYzI0N3N0YW5kYXJkQGdtYWlsLmNvbSIsIklzX0FkbWluIjp0cnVlfQ.RywH1LqP6cjTSoGEJrsTPOl_uhiIWNuntG8ay0mxXx8', 'Content-Length': '169'} 
 body=LinkedID=910566805&amp;CallPhone=0903754489&amp;CallStartTime=2024-07-22+11%3A30%3A34&amp;CallConnectTime=&amp;CallEndTime=&amp;CallStatus=RINGING&amp;Username=1909&amp;ExtentionID=1909&amp;InOutCall=1 
 </msg>
<msg timestamp="20250113 15:17:20.847" level="INFO">POST Response : url=https://lab.connect247.vn/ucrmapi-cti/finesse-integration/handle-response-from-server 
 status=200, reason=OK 
 headers={'Server': 'nginx', 'Date': 'Mon, 13 Jan 2025 08:17:21 GMT', 'Content-Type': 'application/json', 'Content-Length': '54', 'Connection': 'keep-alive', 'X-Content-Type-Options': 'nosniff, nosniff', 'Referrer-Policy': 'same-origin', 'Cross-Origin-Opener-Policy': 'same-origin', 'Vary': 'Origin', 'X-Frame-Options': 'DENY', 'Strict-Transport-Security': 'max-age=31536000; includeSubDomains; preload', 'X-XSS-Protection': '1; mode=block', 'Accept-Ranges': 'bytes'} 
 body={"data": [], "message": "success", "status_code": 200} 
 </msg>
<msg timestamp="20250113 15:17:20.847" level="INFO">C:\Users\Bui Nguyen Minh Quan\AppData\Local\Programs\Python\Python310\lib\site-packages\urllib3\connectionpool.py:1064: InsecureRequestWarning: Unverified HTTPS request is being made to host 'lab.connect247.vn'. Adding certificate verification is strongly advised. See: https://urllib3.readthedocs.io/en/1.26.x/advanced-usage.html#ssl-warnings
  warnings.warn(</msg>
<msg timestamp="20250113 15:17:20.847" level="INFO">${response} = &lt;Response [200]&gt;</msg>
<status status="PASS" starttime="20250113 15:17:20.717" endtime="20250113 15:17:20.848"/>
</kw>
<kw name="Get Time" library="BuiltIn">
<var>${end_time}</var>
<arg>epoch</arg>
<doc>Returns the given time in the requested format.</doc>
<msg timestamp="20250113 15:17:20.849" level="INFO">${end_time} = 1736756240</msg>
<status status="PASS" starttime="20250113 15:17:20.848" endtime="20250113 15:17:20.849"/>
</kw>
<kw name="Subtract Time From Date" library="DateTime">
<var>${elapsed_time2}</var>
<arg>${end_time}</arg>
<arg>${start_time}</arg>
<arg>result_format=%S.%f</arg>
<doc>Subtracts time from date and returns the resulting date.</doc>
<msg timestamp="20250113 15:17:20.851" level="INFO">${elapsed_time2} = 00.000000</msg>
<status status="PASS" starttime="20250113 15:17:20.850" endtime="20250113 15:17:20.851"/>
</kw>
<kw name="Log To Console" library="BuiltIn">
<arg>Response: ${response} | Time taken: ${elapsed_time2} seconds</arg>
<doc>Logs the given message to the console.</doc>
<status status="PASS" starttime="20250113 15:17:20.851" endtime="20250113 15:17:20.852"/>
</kw>
<status status="PASS" starttime="20250113 15:17:20.713" endtime="20250113 15:17:20.852"/>
</kw>
<kw name="RPACallAPI_CALL_FI" library="Common_keyword">
<arg>${LINKEDID RANDOM}</arg>
<arg>${extension}</arg>
<arg>ANSWER</arg>
<arg>1</arg>
<arg>${RANDOMPHONE}</arg>
<kw name="Create Dictionary" library="BuiltIn">
<var>&amp;{PAYLOADRINGING}</var>
<arg>LinkedID=${LinkedID}</arg>
<arg>CallPhone=${PhoneNumber}</arg>
<arg>CallStartTime=2024-07-22 11:30:34</arg>
<arg>CallConnectTime=</arg>
<arg>CallEndTime=</arg>
<arg>CallStatus=${CallStatus}</arg>
<arg>Username=${ExtensionID}</arg>
<arg>ExtentionID=${ExtensionID}</arg>
<arg>InOutCall=${Direction}</arg>
<doc>Creates and returns a dictionary based on the given ``items``.</doc>
<msg timestamp="20250113 15:17:20.856" level="INFO">&amp;{PAYLOADRINGING} = { LinkedID=910566805 | CallPhone=0903754489 | CallStartTime=2024-07-22 11:30:34 | CallConnectTime= | CallEndTime= | CallStatus=ANSWER | Username=1909 | ExtentionID=1909 | InOutCall=1 }</msg>
<status status="PASS" starttime="20250113 15:17:20.854" endtime="20250113 15:17:20.856"/>
</kw>
<kw name="Get Time" library="BuiltIn">
<var>${start_time}</var>
<arg>epoch</arg>
<doc>Returns the given time in the requested format.</doc>
<msg timestamp="20250113 15:17:20.857" level="INFO">${start_time} = 1736756240</msg>
<status status="PASS" starttime="20250113 15:17:20.856" endtime="20250113 15:17:20.857"/>
</kw>
<kw name="Create Session" library="RequestsLibrary">
<arg>api_session</arg>
<arg>${API_URL_FIN}</arg>
<arg>headers=&amp;{HEADERS_FIN}</arg>
<doc>Create Session: create a HTTP session to a server</doc>
<msg timestamp="20250113 15:17:20.860" level="INFO">Creating Session using : alias=api_session, url=https://lab.connect247.vn/ucrmapi-cti/finesse-integration/handle-response-from-server, headers={'Content-Type': 'application/x-www-form-urlencoded', 'Authorization': 'Bearer eyJ0eXAiOiJKV1QiLCJhbGciOiJIUzI1NiJ9.eyJleHAiOjE3MDYwMDI5MjEsIlRlbmFudHMiOiJ0bnRfY2FsbGMyNDdzdGFuZGFyZF80MTQ1NzUyMSIsIklEIjoiNjU0OThhNWE0MjEzMTc2YTczOTE3OWZjIiwiRW1haWwiOiJjYWxsYzI0N3N0YW5kYXJkQGdtYWlsLmNvbSIsIklzX0FkbWluIjp0cnVlfQ.RywH1LqP6cjTSoGEJrsTPOl_uhiIWNuntG8ay0mxXx8'},                     cookies={}, auth=None, timeout=None, proxies=None, verify=False,                     debug=0 </msg>
<status status="PASS" starttime="20250113 15:17:20.857" endtime="20250113 15:17:20.860"/>
</kw>
<kw name="Post Request" library="RequestsLibrary">
<var>${response}</var>
<arg>api_session</arg>
<arg>${API_URL_FIN}</arg>
<arg>data=&amp;{PAYLOADRINGING}</arg>
<doc>*DEPRECATED* Please use `POST On Session` instead.</doc>
<msg timestamp="20250113 15:17:20.861" level="WARN">Keyword 'RequestsLibrary.Post Request' is deprecated. Please use `POST On Session` instead.</msg>
<msg timestamp="20250113 15:17:20.961" level="INFO">POST Request : url=https://lab.connect247.vn/ucrmapi-cti/finesse-integration/handle-response-from-server 
 path_url=/ucrmapi-cti/finesse-integration/handle-response-from-server 
 headers={'User-Agent': 'python-requests/2.32.3', 'Accept-Encoding': 'gzip, deflate', 'Accept': '*/*', 'Connection': 'keep-alive', 'Content-Type': 'application/x-www-form-urlencoded', 'Authorization': 'Bearer eyJ0eXAiOiJKV1QiLCJhbGciOiJIUzI1NiJ9.eyJleHAiOjE3MDYwMDI5MjEsIlRlbmFudHMiOiJ0bnRfY2FsbGMyNDdzdGFuZGFyZF80MTQ1NzUyMSIsIklEIjoiNjU0OThhNWE0MjEzMTc2YTczOTE3OWZjIiwiRW1haWwiOiJjYWxsYzI0N3N0YW5kYXJkQGdtYWlsLmNvbSIsIklzX0FkbWluIjp0cnVlfQ.RywH1LqP6cjTSoGEJrsTPOl_uhiIWNuntG8ay0mxXx8', 'Content-Length': '168'} 
 body=LinkedID=910566805&amp;CallPhone=0903754489&amp;CallStartTime=2024-07-22+11%3A30%3A34&amp;CallConnectTime=&amp;CallEndTime=&amp;CallStatus=ANSWER&amp;Username=1909&amp;ExtentionID=1909&amp;InOutCall=1 
 </msg>
<msg timestamp="20250113 15:17:20.963" level="INFO">POST Response : url=https://lab.connect247.vn/ucrmapi-cti/finesse-integration/handle-response-from-server 
 status=200, reason=OK 
 headers={'Server': 'nginx', 'Date': 'Mon, 13 Jan 2025 08:17:21 GMT', 'Content-Type': 'application/json', 'Content-Length': '54', 'Connection': 'keep-alive', 'X-Content-Type-Options': 'nosniff, nosniff', 'Referrer-Policy': 'same-origin', 'Cross-Origin-Opener-Policy': 'same-origin', 'Vary': 'Origin', 'X-Frame-Options': 'DENY', 'Strict-Transport-Security': 'max-age=31536000; includeSubDomains; preload', 'X-XSS-Protection': '1; mode=block', 'Accept-Ranges': 'bytes'} 
 body={"data": [], "message": "success", "status_code": 200} 
 </msg>
<msg timestamp="20250113 15:17:20.963" level="INFO">C:\Users\Bui Nguyen Minh Quan\AppData\Local\Programs\Python\Python310\lib\site-packages\urllib3\connectionpool.py:1064: InsecureRequestWarning: Unverified HTTPS request is being made to host 'lab.connect247.vn'. Adding certificate verification is strongly advised. See: https://urllib3.readthedocs.io/en/1.26.x/advanced-usage.html#ssl-warnings
  warnings.warn(</msg>
<msg timestamp="20250113 15:17:20.963" level="INFO">${response} = &lt;Response [200]&gt;</msg>
<status status="PASS" starttime="20250113 15:17:20.860" endtime="20250113 15:17:20.963"/>
</kw>
<kw name="Get Time" library="BuiltIn">
<var>${end_time}</var>
<arg>epoch</arg>
<doc>Returns the given time in the requested format.</doc>
<msg timestamp="20250113 15:17:20.963" level="INFO">${end_time} = 1736756240</msg>
<status status="PASS" starttime="20250113 15:17:20.963" endtime="20250113 15:17:20.964"/>
</kw>
<kw name="Subtract Time From Date" library="DateTime">
<var>${elapsed_time2}</var>
<arg>${end_time}</arg>
<arg>${start_time}</arg>
<arg>result_format=%S.%f</arg>
<doc>Subtracts time from date and returns the resulting date.</doc>
<msg timestamp="20250113 15:17:20.964" level="INFO">${elapsed_time2} = 00.000000</msg>
<status status="PASS" starttime="20250113 15:17:20.964" endtime="20250113 15:17:20.964"/>
</kw>
<kw name="Log To Console" library="BuiltIn">
<arg>Response: ${response} | Time taken: ${elapsed_time2} seconds</arg>
<doc>Logs the given message to the console.</doc>
<status status="PASS" starttime="20250113 15:17:20.965" endtime="20250113 15:17:20.965"/>
</kw>
<status status="PASS" starttime="20250113 15:17:20.852" endtime="20250113 15:17:20.965"/>
</kw>
<kw name="Wait For Element To Appear" library="CallCenterLocator">
<arg>${ELEMENT_CLASS}</arg>
<kw name="Get Current Time" library="CallCenterLocator">
<var>${start_time}</var>
<kw name="Evaluate" library="BuiltIn">
<var>${current_time}</var>
<arg>time.time()</arg>
<arg>modules=time</arg>
<doc>Evaluates the given expression in Python and returns the result.</doc>
<msg timestamp="20250113 15:17:20.967" level="INFO">${current_time} = 1736756240.9671757</msg>
<status status="PASS" starttime="20250113 15:17:20.967" endtime="20250113 15:17:20.967"/>
</kw>
<return>
<value>${current_time}</value>
<status status="PASS" starttime="20250113 15:17:20.967" endtime="20250113 15:17:20.968"/>
</return>
<msg timestamp="20250113 15:17:20.968" level="INFO">${start_time} = 1736756240.9671757</msg>
<status status="PASS" starttime="20250113 15:17:20.966" endtime="20250113 15:17:20.968"/>
</kw>
<kw name="Wait Until Element Is Visible" library="RPA.Browser.Selenium">
<arg>${locator}</arg>
<arg>timeout=5s</arg>
<doc>Waits until the element ``locator`` is visible.</doc>
<status status="PASS" starttime="20250113 15:17:20.968" endtime="20250113 15:17:21.657"/>
</kw>
<kw name="Get Current Time" library="CallCenterLocator">
<var>${end_time}</var>
<kw name="Evaluate" library="BuiltIn">
<var>${current_time}</var>
<arg>time.time()</arg>
<arg>modules=time</arg>
<doc>Evaluates the given expression in Python and returns the result.</doc>
<msg timestamp="20250113 15:17:21.659" level="INFO">${current_time} = 1736756241.658546</msg>
<status status="PASS" starttime="20250113 15:17:21.659" endtime="20250113 15:17:21.660"/>
</kw>
<return>
<value>${current_time}</value>
<status status="PASS" starttime="20250113 15:17:21.660" endtime="20250113 15:17:21.660"/>
</return>
<msg timestamp="20250113 15:17:21.661" level="INFO">${end_time} = 1736756241.658546</msg>
<status status="PASS" starttime="20250113 15:17:21.657" endtime="20250113 15:17:21.661"/>
</kw>
<kw name="Measure Elapsed Time" library="CallCenterLocator">
<var>${duration}</var>
<arg>${start_time}</arg>
<arg>${end_time}</arg>
<kw name="Evaluate" library="BuiltIn">
<var>${elapsed}</var>
<arg>(float(${end}) - float(${start_time}))</arg>
<doc>Evaluates the given expression in Python and returns the result.</doc>
<msg timestamp="20250113 15:17:21.663" level="INFO">${elapsed} = 0.6913702487945557</msg>
<status status="PASS" starttime="20250113 15:17:21.662" endtime="20250113 15:17:21.663"/>
</kw>
<return>
<value>${elapsed}</value>
<status status="PASS" starttime="20250113 15:17:21.663" endtime="20250113 15:17:21.664"/>
</return>
<msg timestamp="20250113 15:17:21.664" level="INFO">${duration} = 0.6913702487945557</msg>
<status status="PASS" starttime="20250113 15:17:21.661" endtime="20250113 15:17:21.664"/>
</kw>
<kw name="Log To Console" library="BuiltIn">
<arg>Thời gian xuất hiện tab: ${duration} giây</arg>
<doc>Logs the given message to the console.</doc>
<status status="PASS" starttime="20250113 15:17:21.665" endtime="20250113 15:17:21.665"/>
</kw>
<status status="PASS" starttime="20250113 15:17:20.966" endtime="20250113 15:17:21.666"/>
</kw>
<kw name="RPACallAPI_CALL_FI" library="Common_keyword">
<arg>${LINKEDID RANDOM}</arg>
<arg>${extension}</arg>
<arg>SUCCESS</arg>
<arg>1</arg>
<arg>${RANDOMPHONE}</arg>
<kw name="Create Dictionary" library="BuiltIn">
<var>&amp;{PAYLOADRINGING}</var>
<arg>LinkedID=${LinkedID}</arg>
<arg>CallPhone=${PhoneNumber}</arg>
<arg>CallStartTime=2024-07-22 11:30:34</arg>
<arg>CallConnectTime=</arg>
<arg>CallEndTime=</arg>
<arg>CallStatus=${CallStatus}</arg>
<arg>Username=${ExtensionID}</arg>
<arg>ExtentionID=${ExtensionID}</arg>
<arg>InOutCall=${Direction}</arg>
<doc>Creates and returns a dictionary based on the given ``items``.</doc>
<msg timestamp="20250113 15:17:21.669" level="INFO">&amp;{PAYLOADRINGING} = { LinkedID=910566805 | CallPhone=0903754489 | CallStartTime=2024-07-22 11:30:34 | CallConnectTime= | CallEndTime= | CallStatus=SUCCESS | Username=1909 | ExtentionID=1909 | InOutCall=1 }</msg>
<status status="PASS" starttime="20250113 15:17:21.667" endtime="20250113 15:17:21.670"/>
</kw>
<kw name="Get Time" library="BuiltIn">
<var>${start_time}</var>
<arg>epoch</arg>
<doc>Returns the given time in the requested format.</doc>
<msg timestamp="20250113 15:17:21.671" level="INFO">${start_time} = 1736756241</msg>
<status status="PASS" starttime="20250113 15:17:21.670" endtime="20250113 15:17:21.671"/>
</kw>
<kw name="Create Session" library="RequestsLibrary">
<arg>api_session</arg>
<arg>${API_URL_FIN}</arg>
<arg>headers=&amp;{HEADERS_FIN}</arg>
<doc>Create Session: create a HTTP session to a server</doc>
<msg timestamp="20250113 15:17:21.673" level="INFO">Creating Session using : alias=api_session, url=https://lab.connect247.vn/ucrmapi-cti/finesse-integration/handle-response-from-server, headers={'Content-Type': 'application/x-www-form-urlencoded', 'Authorization': 'Bearer eyJ0eXAiOiJKV1QiLCJhbGciOiJIUzI1NiJ9.eyJleHAiOjE3MDYwMDI5MjEsIlRlbmFudHMiOiJ0bnRfY2FsbGMyNDdzdGFuZGFyZF80MTQ1NzUyMSIsIklEIjoiNjU0OThhNWE0MjEzMTc2YTczOTE3OWZjIiwiRW1haWwiOiJjYWxsYzI0N3N0YW5kYXJkQGdtYWlsLmNvbSIsIklzX0FkbWluIjp0cnVlfQ.RywH1LqP6cjTSoGEJrsTPOl_uhiIWNuntG8ay0mxXx8'},                     cookies={}, auth=None, timeout=None, proxies=None, verify=False,                     debug=0 </msg>
<status status="PASS" starttime="20250113 15:17:21.671" endtime="20250113 15:17:21.674"/>
</kw>
<kw name="Post Request" library="RequestsLibrary">
<var>${response}</var>
<arg>api_session</arg>
<arg>${API_URL_FIN}</arg>
<arg>data=&amp;{PAYLOADRINGING}</arg>
<doc>*DEPRECATED* Please use `POST On Session` instead.</doc>
<msg timestamp="20250113 15:17:21.675" level="WARN">Keyword 'RequestsLibrary.Post Request' is deprecated. Please use `POST On Session` instead.</msg>
<msg timestamp="20250113 15:17:21.798" level="INFO">POST Request : url=https://lab.connect247.vn/ucrmapi-cti/finesse-integration/handle-response-from-server 
 path_url=/ucrmapi-cti/finesse-integration/handle-response-from-server 
 headers={'User-Agent': 'python-requests/2.32.3', 'Accept-Encoding': 'gzip, deflate', 'Accept': '*/*', 'Connection': 'keep-alive', 'Content-Type': 'application/x-www-form-urlencoded', 'Authorization': 'Bearer eyJ0eXAiOiJKV1QiLCJhbGciOiJIUzI1NiJ9.eyJleHAiOjE3MDYwMDI5MjEsIlRlbmFudHMiOiJ0bnRfY2FsbGMyNDdzdGFuZGFyZF80MTQ1NzUyMSIsIklEIjoiNjU0OThhNWE0MjEzMTc2YTczOTE3OWZjIiwiRW1haWwiOiJjYWxsYzI0N3N0YW5kYXJkQGdtYWlsLmNvbSIsIklzX0FkbWluIjp0cnVlfQ.RywH1LqP6cjTSoGEJrsTPOl_uhiIWNuntG8ay0mxXx8', 'Content-Length': '169'} 
 body=LinkedID=910566805&amp;CallPhone=0903754489&amp;CallStartTime=2024-07-22+11%3A30%3A34&amp;CallConnectTime=&amp;CallEndTime=&amp;CallStatus=SUCCESS&amp;Username=1909&amp;ExtentionID=1909&amp;InOutCall=1 
 </msg>
<msg timestamp="20250113 15:17:21.798" level="INFO">POST Response : url=https://lab.connect247.vn/ucrmapi-cti/finesse-integration/handle-response-from-server 
 status=200, reason=OK 
 headers={'Server': 'nginx', 'Date': 'Mon, 13 Jan 2025 08:17:22 GMT', 'Content-Type': 'application/json', 'Content-Length': '54', 'Connection': 'keep-alive', 'X-Content-Type-Options': 'nosniff, nosniff', 'Referrer-Policy': 'same-origin', 'Cross-Origin-Opener-Policy': 'same-origin', 'Vary': 'Origin', 'X-Frame-Options': 'DENY', 'Strict-Transport-Security': 'max-age=31536000; includeSubDomains; preload', 'X-XSS-Protection': '1; mode=block', 'Accept-Ranges': 'bytes'} 
 body={"data": [], "message": "success", "status_code": 200} 
 </msg>
<msg timestamp="20250113 15:17:21.798" level="INFO">C:\Users\Bui Nguyen Minh Quan\AppData\Local\Programs\Python\Python310\lib\site-packages\urllib3\connectionpool.py:1064: InsecureRequestWarning: Unverified HTTPS request is being made to host 'lab.connect247.vn'. Adding certificate verification is strongly advised. See: https://urllib3.readthedocs.io/en/1.26.x/advanced-usage.html#ssl-warnings
  warnings.warn(</msg>
<msg timestamp="20250113 15:17:21.798" level="INFO">${response} = &lt;Response [200]&gt;</msg>
<status status="PASS" starttime="20250113 15:17:21.675" endtime="20250113 15:17:21.798"/>
</kw>
<kw name="Get Time" library="BuiltIn">
<var>${end_time}</var>
<arg>epoch</arg>
<doc>Returns the given time in the requested format.</doc>
<msg timestamp="20250113 15:17:21.803" level="INFO">${end_time} = 1736756241</msg>
<status status="PASS" starttime="20250113 15:17:21.799" endtime="20250113 15:17:21.803"/>
</kw>
<kw name="Subtract Time From Date" library="DateTime">
<var>${elapsed_time2}</var>
<arg>${end_time}</arg>
<arg>${start_time}</arg>
<arg>result_format=%S.%f</arg>
<doc>Subtracts time from date and returns the resulting date.</doc>
<msg timestamp="20250113 15:17:21.807" level="INFO">${elapsed_time2} = 00.000000</msg>
<status status="PASS" starttime="20250113 15:17:21.804" endtime="20250113 15:17:21.807"/>
</kw>
<kw name="Log To Console" library="BuiltIn">
<arg>Response: ${response} | Time taken: ${elapsed_time2} seconds</arg>
<doc>Logs the given message to the console.</doc>
<status status="PASS" starttime="20250113 15:17:21.808" endtime="20250113 15:17:21.809"/>
</kw>
<status status="PASS" starttime="20250113 15:17:21.666" endtime="20250113 15:17:21.809"/>
</kw>
<status status="PASS" starttime="20250113 15:17:20.701" endtime="20250113 15:17:21.809"/>
</iter>
<iter>
<var name="${i}">1</var>
<kw name="random_number" library="Common_keyword">
<var>${LINKEDID RANDOM}</var>
<arg>1</arg>
<arg>1000000000</arg>
<kw name="Evaluate" library="BuiltIn">
<var>${random_number}</var>
<arg>random.randint(${min}, ${max})</arg>
<doc>Evaluates the given expression in Python and returns the result.</doc>
<msg timestamp="20250113 15:17:21.815" level="INFO">${random_number} = 294497408</msg>
<status status="PASS" starttime="20250113 15:17:21.814" endtime="20250113 15:17:21.815"/>
</kw>
<return>
<value>${random_number}</value>
<status status="PASS" starttime="20250113 15:17:21.816" endtime="20250113 15:17:21.816"/>
</return>
<msg timestamp="20250113 15:17:21.817" level="INFO">${LINKEDID RANDOM} = 294497408</msg>
<status status="PASS" starttime="20250113 15:17:21.811" endtime="20250113 15:17:21.817"/>
</kw>
<kw name="Generate_Phone" library="Common_keyword">
<var>${RANDOMPHONE}</var>
<kw name="Set Variable" library="BuiltIn">
<var>${prefix}</var>
<arg>090</arg>
<doc>Returns the given values which can then be assigned to a variables.</doc>
<msg timestamp="20250113 15:17:21.819" level="INFO">${prefix} = 090</msg>
<status status="PASS" starttime="20250113 15:17:21.818" endtime="20250113 15:17:21.819"/>
</kw>
<kw name="random_number" library="Common_keyword">
<var>${phone_number}</var>
<arg>1000000</arg>
<arg>9999999</arg>
<kw name="Evaluate" library="BuiltIn">
<var>${random_number}</var>
<arg>random.randint(${min}, ${max})</arg>
<doc>Evaluates the given expression in Python and returns the result.</doc>
<msg timestamp="20250113 15:17:21.822" level="INFO">${random_number} = 2819377</msg>
<status status="PASS" starttime="20250113 15:17:21.821" endtime="20250113 15:17:21.822"/>
</kw>
<return>
<value>${random_number}</value>
<status status="PASS" starttime="20250113 15:17:21.823" endtime="20250113 15:17:21.826"/>
</return>
<msg timestamp="20250113 15:17:21.827" level="INFO">${phone_number} = 2819377</msg>
<status status="PASS" starttime="20250113 15:17:21.820" endtime="20250113 15:17:21.827"/>
</kw>
<kw name="Set Variable" library="BuiltIn">
<var>${phone}</var>
<arg>${prefix}${phone_number}</arg>
<doc>Returns the given values which can then be assigned to a variables.</doc>
<msg timestamp="20250113 15:17:21.828" level="INFO">${phone} = 0902819377</msg>
<status status="PASS" starttime="20250113 15:17:21.827" endtime="20250113 15:17:21.829"/>
</kw>
<return>
<value>${phone}</value>
<status status="PASS" starttime="20250113 15:17:21.829" endtime="20250113 15:17:21.830"/>
</return>
<kw name="Log To Console" library="BuiltIn">
<arg>message: ${phone}</arg>
<doc>Logs the given message to the console.</doc>
<status status="NOT RUN" starttime="20250113 15:17:21.832" endtime="20250113 15:17:21.833"/>
</kw>
<msg timestamp="20250113 15:17:21.833" level="INFO">${RANDOMPHONE} = 0902819377</msg>
<status status="PASS" starttime="20250113 15:17:21.817" endtime="20250113 15:17:21.833"/>
</kw>
<kw name="Log To Console" library="BuiltIn">
<arg>Phone= ${RANDOMPHONE}</arg>
<doc>Logs the given message to the console.</doc>
<status status="PASS" starttime="20250113 15:17:21.834" endtime="20250113 15:17:21.834"/>
</kw>
<kw name="Log To Console" library="BuiltIn">
<arg>LinkedID= ${LINKEDID RANDOM}</arg>
<doc>Logs the given message to the console.</doc>
<status status="PASS" starttime="20250113 15:17:21.835" endtime="20250113 15:17:21.835"/>
</kw>
<kw name="Log To Console" library="BuiltIn">
<arg>Extension= ${extension}</arg>
<doc>Logs the given message to the console.</doc>
<status status="PASS" starttime="20250113 15:17:21.835" endtime="20250113 15:17:21.836"/>
</kw>
<kw name="RPACallAPI_CALL_FI" library="Common_keyword">
<arg>${LINKEDID RANDOM}</arg>
<arg>${extension}</arg>
<arg>RINGING</arg>
<arg>1</arg>
<arg>${RANDOMPHONE}</arg>
<kw name="Create Dictionary" library="BuiltIn">
<var>&amp;{PAYLOADRINGING}</var>
<arg>LinkedID=${LinkedID}</arg>
<arg>CallPhone=${PhoneNumber}</arg>
<arg>CallStartTime=2024-07-22 11:30:34</arg>
<arg>CallConnectTime=</arg>
<arg>CallEndTime=</arg>
<arg>CallStatus=${CallStatus}</arg>
<arg>Username=${ExtensionID}</arg>
<arg>ExtentionID=${ExtensionID}</arg>
<arg>InOutCall=${Direction}</arg>
<doc>Creates and returns a dictionary based on the given ``items``.</doc>
<msg timestamp="20250113 15:17:21.839" level="INFO">&amp;{PAYLOADRINGING} = { LinkedID=294497408 | CallPhone=0902819377 | CallStartTime=2024-07-22 11:30:34 | CallConnectTime= | CallEndTime= | CallStatus=RINGING | Username=1909 | ExtentionID=1909 | InOutCall=1 }</msg>
<status status="PASS" starttime="20250113 15:17:21.837" endtime="20250113 15:17:21.839"/>
</kw>
<kw name="Get Time" library="BuiltIn">
<var>${start_time}</var>
<arg>epoch</arg>
<doc>Returns the given time in the requested format.</doc>
<msg timestamp="20250113 15:17:21.841" level="INFO">${start_time} = 1736756241</msg>
<status status="PASS" starttime="20250113 15:17:21.840" endtime="20250113 15:17:21.841"/>
</kw>
<kw name="Create Session" library="RequestsLibrary">
<arg>api_session</arg>
<arg>${API_URL_FIN}</arg>
<arg>headers=&amp;{HEADERS_FIN}</arg>
<doc>Create Session: create a HTTP session to a server</doc>
<msg timestamp="20250113 15:17:21.841" level="INFO">Creating Session using : alias=api_session, url=https://lab.connect247.vn/ucrmapi-cti/finesse-integration/handle-response-from-server, headers={'Content-Type': 'application/x-www-form-urlencoded', 'Authorization': 'Bearer eyJ0eXAiOiJKV1QiLCJhbGciOiJIUzI1NiJ9.eyJleHAiOjE3MDYwMDI5MjEsIlRlbmFudHMiOiJ0bnRfY2FsbGMyNDdzdGFuZGFyZF80MTQ1NzUyMSIsIklEIjoiNjU0OThhNWE0MjEzMTc2YTczOTE3OWZjIiwiRW1haWwiOiJjYWxsYzI0N3N0YW5kYXJkQGdtYWlsLmNvbSIsIklzX0FkbWluIjp0cnVlfQ.RywH1LqP6cjTSoGEJrsTPOl_uhiIWNuntG8ay0mxXx8'},                     cookies={}, auth=None, timeout=None, proxies=None, verify=False,                     debug=0 </msg>
<status status="PASS" starttime="20250113 15:17:21.841" endtime="20250113 15:17:21.841"/>
</kw>
<kw name="Post Request" library="RequestsLibrary">
<var>${response}</var>
<arg>api_session</arg>
<arg>${API_URL_FIN}</arg>
<arg>data=&amp;{PAYLOADRINGING}</arg>
<doc>*DEPRECATED* Please use `POST On Session` instead.</doc>
<msg timestamp="20250113 15:17:21.843" level="WARN">Keyword 'RequestsLibrary.Post Request' is deprecated. Please use `POST On Session` instead.</msg>
<msg timestamp="20250113 15:17:22.940" level="INFO">POST Request : url=https://lab.connect247.vn/ucrmapi-cti/finesse-integration/handle-response-from-server 
 path_url=/ucrmapi-cti/finesse-integration/handle-response-from-server 
 headers={'User-Agent': 'python-requests/2.32.3', 'Accept-Encoding': 'gzip, deflate', 'Accept': '*/*', 'Connection': 'keep-alive', 'Content-Type': 'application/x-www-form-urlencoded', 'Authorization': 'Bearer eyJ0eXAiOiJKV1QiLCJhbGciOiJIUzI1NiJ9.eyJleHAiOjE3MDYwMDI5MjEsIlRlbmFudHMiOiJ0bnRfY2FsbGMyNDdzdGFuZGFyZF80MTQ1NzUyMSIsIklEIjoiNjU0OThhNWE0MjEzMTc2YTczOTE3OWZjIiwiRW1haWwiOiJjYWxsYzI0N3N0YW5kYXJkQGdtYWlsLmNvbSIsIklzX0FkbWluIjp0cnVlfQ.RywH1LqP6cjTSoGEJrsTPOl_uhiIWNuntG8ay0mxXx8', 'Content-Length': '169'} 
 body=LinkedID=294497408&amp;CallPhone=0902819377&amp;CallStartTime=2024-07-22+11%3A30%3A34&amp;CallConnectTime=&amp;CallEndTime=&amp;CallStatus=RINGING&amp;Username=1909&amp;ExtentionID=1909&amp;InOutCall=1 
 </msg>
<msg timestamp="20250113 15:17:22.940" level="INFO">POST Response : url=https://lab.connect247.vn/ucrmapi-cti/finesse-integration/handle-response-from-server 
 status=200, reason=OK 
 headers={'Server': 'nginx', 'Date': 'Mon, 13 Jan 2025 08:17:23 GMT', 'Content-Type': 'application/json', 'Content-Length': '54', 'Connection': 'keep-alive', 'X-Content-Type-Options': 'nosniff, nosniff', 'Referrer-Policy': 'same-origin', 'Cross-Origin-Opener-Policy': 'same-origin', 'Vary': 'Origin', 'X-Frame-Options': 'DENY', 'Strict-Transport-Security': 'max-age=31536000; includeSubDomains; preload', 'X-XSS-Protection': '1; mode=block', 'Accept-Ranges': 'bytes'} 
 body={"data": [], "message": "success", "status_code": 200} 
 </msg>
<msg timestamp="20250113 15:17:22.940" level="INFO">C:\Users\Bui Nguyen Minh Quan\AppData\Local\Programs\Python\Python310\lib\site-packages\urllib3\connectionpool.py:1064: InsecureRequestWarning: Unverified HTTPS request is being made to host 'lab.connect247.vn'. Adding certificate verification is strongly advised. See: https://urllib3.readthedocs.io/en/1.26.x/advanced-usage.html#ssl-warnings
  warnings.warn(</msg>
<msg timestamp="20250113 15:17:22.940" level="INFO">${response} = &lt;Response [200]&gt;</msg>
<status status="PASS" starttime="20250113 15:17:21.843" endtime="20250113 15:17:22.940"/>
</kw>
<kw name="Get Time" library="BuiltIn">
<var>${end_time}</var>
<arg>epoch</arg>
<doc>Returns the given time in the requested format.</doc>
<msg timestamp="20250113 15:17:22.941" level="INFO">${end_time} = 1736756242</msg>
<status status="PASS" starttime="20250113 15:17:22.941" endtime="20250113 15:17:22.941"/>
</kw>
<kw name="Subtract Time From Date" library="DateTime">
<var>${elapsed_time2}</var>
<arg>${end_time}</arg>
<arg>${start_time}</arg>
<arg>result_format=%S.%f</arg>
<doc>Subtracts time from date and returns the resulting date.</doc>
<msg timestamp="20250113 15:17:22.943" level="INFO">${elapsed_time2} = 01.000000</msg>
<status status="PASS" starttime="20250113 15:17:22.941" endtime="20250113 15:17:22.943"/>
</kw>
<kw name="Log To Console" library="BuiltIn">
<arg>Response: ${response} | Time taken: ${elapsed_time2} seconds</arg>
<doc>Logs the given message to the console.</doc>
<status status="PASS" starttime="20250113 15:17:22.943" endtime="20250113 15:17:22.944"/>
</kw>
<status status="PASS" starttime="20250113 15:17:21.836" endtime="20250113 15:17:22.945"/>
</kw>
<kw name="RPACallAPI_CALL_FI" library="Common_keyword">
<arg>${LINKEDID RANDOM}</arg>
<arg>${extension}</arg>
<arg>ANSWER</arg>
<arg>1</arg>
<arg>${RANDOMPHONE}</arg>
<kw name="Create Dictionary" library="BuiltIn">
<var>&amp;{PAYLOADRINGING}</var>
<arg>LinkedID=${LinkedID}</arg>
<arg>CallPhone=${PhoneNumber}</arg>
<arg>CallStartTime=2024-07-22 11:30:34</arg>
<arg>CallConnectTime=</arg>
<arg>CallEndTime=</arg>
<arg>CallStatus=${CallStatus}</arg>
<arg>Username=${ExtensionID}</arg>
<arg>ExtentionID=${ExtensionID}</arg>
<arg>InOutCall=${Direction}</arg>
<doc>Creates and returns a dictionary based on the given ``items``.</doc>
<msg timestamp="20250113 15:17:22.949" level="INFO">&amp;{PAYLOADRINGING} = { LinkedID=294497408 | CallPhone=0902819377 | CallStartTime=2024-07-22 11:30:34 | CallConnectTime= | CallEndTime= | CallStatus=ANSWER | Username=1909 | ExtentionID=1909 | InOutCall=1 }</msg>
<status status="PASS" starttime="20250113 15:17:22.947" endtime="20250113 15:17:22.949"/>
</kw>
<kw name="Get Time" library="BuiltIn">
<var>${start_time}</var>
<arg>epoch</arg>
<doc>Returns the given time in the requested format.</doc>
<msg timestamp="20250113 15:17:22.951" level="INFO">${start_time} = 1736756242</msg>
<status status="PASS" starttime="20250113 15:17:22.950" endtime="20250113 15:17:22.951"/>
</kw>
<kw name="Create Session" library="RequestsLibrary">
<arg>api_session</arg>
<arg>${API_URL_FIN}</arg>
<arg>headers=&amp;{HEADERS_FIN}</arg>
<doc>Create Session: create a HTTP session to a server</doc>
<msg timestamp="20250113 15:17:22.951" level="INFO">Creating Session using : alias=api_session, url=https://lab.connect247.vn/ucrmapi-cti/finesse-integration/handle-response-from-server, headers={'Content-Type': 'application/x-www-form-urlencoded', 'Authorization': 'Bearer eyJ0eXAiOiJKV1QiLCJhbGciOiJIUzI1NiJ9.eyJleHAiOjE3MDYwMDI5MjEsIlRlbmFudHMiOiJ0bnRfY2FsbGMyNDdzdGFuZGFyZF80MTQ1NzUyMSIsIklEIjoiNjU0OThhNWE0MjEzMTc2YTczOTE3OWZjIiwiRW1haWwiOiJjYWxsYzI0N3N0YW5kYXJkQGdtYWlsLmNvbSIsIklzX0FkbWluIjp0cnVlfQ.RywH1LqP6cjTSoGEJrsTPOl_uhiIWNuntG8ay0mxXx8'},                     cookies={}, auth=None, timeout=None, proxies=None, verify=False,                     debug=0 </msg>
<status status="PASS" starttime="20250113 15:17:22.951" endtime="20250113 15:17:22.953"/>
</kw>
<kw name="Post Request" library="RequestsLibrary">
<var>${response}</var>
<arg>api_session</arg>
<arg>${API_URL_FIN}</arg>
<arg>data=&amp;{PAYLOADRINGING}</arg>
<doc>*DEPRECATED* Please use `POST On Session` instead.</doc>
<msg timestamp="20250113 15:17:22.953" level="WARN">Keyword 'RequestsLibrary.Post Request' is deprecated. Please use `POST On Session` instead.</msg>
<msg timestamp="20250113 15:17:23.040" level="INFO">POST Request : url=https://lab.connect247.vn/ucrmapi-cti/finesse-integration/handle-response-from-server 
 path_url=/ucrmapi-cti/finesse-integration/handle-response-from-server 
 headers={'User-Agent': 'python-requests/2.32.3', 'Accept-Encoding': 'gzip, deflate', 'Accept': '*/*', 'Connection': 'keep-alive', 'Content-Type': 'application/x-www-form-urlencoded', 'Authorization': 'Bearer eyJ0eXAiOiJKV1QiLCJhbGciOiJIUzI1NiJ9.eyJleHAiOjE3MDYwMDI5MjEsIlRlbmFudHMiOiJ0bnRfY2FsbGMyNDdzdGFuZGFyZF80MTQ1NzUyMSIsIklEIjoiNjU0OThhNWE0MjEzMTc2YTczOTE3OWZjIiwiRW1haWwiOiJjYWxsYzI0N3N0YW5kYXJkQGdtYWlsLmNvbSIsIklzX0FkbWluIjp0cnVlfQ.RywH1LqP6cjTSoGEJrsTPOl_uhiIWNuntG8ay0mxXx8', 'Content-Length': '168'} 
 body=LinkedID=294497408&amp;CallPhone=0902819377&amp;CallStartTime=2024-07-22+11%3A30%3A34&amp;CallConnectTime=&amp;CallEndTime=&amp;CallStatus=ANSWER&amp;Username=1909&amp;ExtentionID=1909&amp;InOutCall=1 
 </msg>
<msg timestamp="20250113 15:17:23.040" level="INFO">POST Response : url=https://lab.connect247.vn/ucrmapi-cti/finesse-integration/handle-response-from-server 
 status=200, reason=OK 
 headers={'Server': 'nginx', 'Date': 'Mon, 13 Jan 2025 08:17:23 GMT', 'Content-Type': 'application/json', 'Content-Length': '54', 'Connection': 'keep-alive', 'X-Content-Type-Options': 'nosniff, nosniff', 'Referrer-Policy': 'same-origin', 'Cross-Origin-Opener-Policy': 'same-origin', 'Vary': 'Origin', 'X-Frame-Options': 'DENY', 'Strict-Transport-Security': 'max-age=31536000; includeSubDomains; preload', 'X-XSS-Protection': '1; mode=block', 'Accept-Ranges': 'bytes'} 
 body={"data": [], "message": "success", "status_code": 200} 
 </msg>
<msg timestamp="20250113 15:17:23.040" level="INFO">C:\Users\Bui Nguyen Minh Quan\AppData\Local\Programs\Python\Python310\lib\site-packages\urllib3\connectionpool.py:1064: InsecureRequestWarning: Unverified HTTPS request is being made to host 'lab.connect247.vn'. Adding certificate verification is strongly advised. See: https://urllib3.readthedocs.io/en/1.26.x/advanced-usage.html#ssl-warnings
  warnings.warn(</msg>
<msg timestamp="20250113 15:17:23.040" level="INFO">${response} = &lt;Response [200]&gt;</msg>
<status status="PASS" starttime="20250113 15:17:22.953" endtime="20250113 15:17:23.040"/>
</kw>
<kw name="Get Time" library="BuiltIn">
<var>${end_time}</var>
<arg>epoch</arg>
<doc>Returns the given time in the requested format.</doc>
<msg timestamp="20250113 15:17:23.041" level="INFO">${end_time} = 1736756243</msg>
<status status="PASS" starttime="20250113 15:17:23.041" endtime="20250113 15:17:23.041"/>
</kw>
<kw name="Subtract Time From Date" library="DateTime">
<var>${elapsed_time2}</var>
<arg>${end_time}</arg>
<arg>${start_time}</arg>
<arg>result_format=%S.%f</arg>
<doc>Subtracts time from date and returns the resulting date.</doc>
<msg timestamp="20250113 15:17:23.042" level="INFO">${elapsed_time2} = 01.000000</msg>
<status status="PASS" starttime="20250113 15:17:23.042" endtime="20250113 15:17:23.042"/>
</kw>
<kw name="Log To Console" library="BuiltIn">
<arg>Response: ${response} | Time taken: ${elapsed_time2} seconds</arg>
<doc>Logs the given message to the console.</doc>
<status status="PASS" starttime="20250113 15:17:23.043" endtime="20250113 15:17:23.043"/>
</kw>
<status status="PASS" starttime="20250113 15:17:22.945" endtime="20250113 15:17:23.043"/>
</kw>
<kw name="Wait For Element To Appear" library="CallCenterLocator">
<arg>${ELEMENT_CLASS}</arg>
<kw name="Get Current Time" library="CallCenterLocator">
<var>${start_time}</var>
<kw name="Evaluate" library="BuiltIn">
<var>${current_time}</var>
<arg>time.time()</arg>
<arg>modules=time</arg>
<doc>Evaluates the given expression in Python and returns the result.</doc>
<msg timestamp="20250113 15:17:23.045" level="INFO">${current_time} = 1736756243.0452645</msg>
<status status="PASS" starttime="20250113 15:17:23.044" endtime="20250113 15:17:23.045"/>
</kw>
<return>
<value>${current_time}</value>
<status status="PASS" starttime="20250113 15:17:23.045" endtime="20250113 15:17:23.046"/>
</return>
<msg timestamp="20250113 15:17:23.046" level="INFO">${start_time} = 1736756243.0452645</msg>
<status status="PASS" starttime="20250113 15:17:23.044" endtime="20250113 15:17:23.046"/>
</kw>
<kw name="Wait Until Element Is Visible" library="RPA.Browser.Selenium">
<arg>${locator}</arg>
<arg>timeout=5s</arg>
<doc>Waits until the element ``locator`` is visible.</doc>
<status status="PASS" starttime="20250113 15:17:23.046" endtime="20250113 15:17:23.107"/>
</kw>
<kw name="Get Current Time" library="CallCenterLocator">
<var>${end_time}</var>
<kw name="Evaluate" library="BuiltIn">
<var>${current_time}</var>
<arg>time.time()</arg>
<arg>modules=time</arg>
<doc>Evaluates the given expression in Python and returns the result.</doc>
<msg timestamp="20250113 15:17:23.109" level="INFO">${current_time} = 1736756243.1091156</msg>
<status status="PASS" starttime="20250113 15:17:23.109" endtime="20250113 15:17:23.109"/>
</kw>
<return>
<value>${current_time}</value>
<status status="PASS" starttime="20250113 15:17:23.110" endtime="20250113 15:17:23.110"/>
</return>
<msg timestamp="20250113 15:17:23.110" level="INFO">${end_time} = 1736756243.1091156</msg>
<status status="PASS" starttime="20250113 15:17:23.108" endtime="20250113 15:17:23.110"/>
</kw>
<kw name="Measure Elapsed Time" library="CallCenterLocator">
<var>${duration}</var>
<arg>${start_time}</arg>
<arg>${end_time}</arg>
<kw name="Evaluate" library="BuiltIn">
<var>${elapsed}</var>
<arg>(float(${end}) - float(${start_time}))</arg>
<doc>Evaluates the given expression in Python and returns the result.</doc>
<msg timestamp="20250113 15:17:23.113" level="INFO">${elapsed} = 0.06385111808776855</msg>
<status status="PASS" starttime="20250113 15:17:23.111" endtime="20250113 15:17:23.113"/>
</kw>
<return>
<value>${elapsed}</value>
<status status="PASS" starttime="20250113 15:17:23.113" endtime="20250113 15:17:23.114"/>
</return>
<msg timestamp="20250113 15:17:23.114" level="INFO">${duration} = 0.06385111808776855</msg>
<status status="PASS" starttime="20250113 15:17:23.110" endtime="20250113 15:17:23.114"/>
</kw>
<kw name="Log To Console" library="BuiltIn">
<arg>Thời gian xuất hiện tab: ${duration} giây</arg>
<doc>Logs the given message to the console.</doc>
<status status="PASS" starttime="20250113 15:17:23.114" endtime="20250113 15:17:23.115"/>
</kw>
<status status="PASS" starttime="20250113 15:17:23.043" endtime="20250113 15:17:23.115"/>
</kw>
<kw name="RPACallAPI_CALL_FI" library="Common_keyword">
<arg>${LINKEDID RANDOM}</arg>
<arg>${extension}</arg>
<arg>SUCCESS</arg>
<arg>1</arg>
<arg>${RANDOMPHONE}</arg>
<kw name="Create Dictionary" library="BuiltIn">
<var>&amp;{PAYLOADRINGING}</var>
<arg>LinkedID=${LinkedID}</arg>
<arg>CallPhone=${PhoneNumber}</arg>
<arg>CallStartTime=2024-07-22 11:30:34</arg>
<arg>CallConnectTime=</arg>
<arg>CallEndTime=</arg>
<arg>CallStatus=${CallStatus}</arg>
<arg>Username=${ExtensionID}</arg>
<arg>ExtentionID=${ExtensionID}</arg>
<arg>InOutCall=${Direction}</arg>
<doc>Creates and returns a dictionary based on the given ``items``.</doc>
<msg timestamp="20250113 15:17:23.117" level="INFO">&amp;{PAYLOADRINGING} = { LinkedID=294497408 | CallPhone=0902819377 | CallStartTime=2024-07-22 11:30:34 | CallConnectTime= | CallEndTime= | CallStatus=SUCCESS | Username=1909 | ExtentionID=1909 | InOutCall=1 }</msg>
<status status="PASS" starttime="20250113 15:17:23.116" endtime="20250113 15:17:23.117"/>
</kw>
<kw name="Get Time" library="BuiltIn">
<var>${start_time}</var>
<arg>epoch</arg>
<doc>Returns the given time in the requested format.</doc>
<msg timestamp="20250113 15:17:23.117" level="INFO">${start_time} = 1736756243</msg>
<status status="PASS" starttime="20250113 15:17:23.117" endtime="20250113 15:17:23.118"/>
</kw>
<kw name="Create Session" library="RequestsLibrary">
<arg>api_session</arg>
<arg>${API_URL_FIN}</arg>
<arg>headers=&amp;{HEADERS_FIN}</arg>
<doc>Create Session: create a HTTP session to a server</doc>
<msg timestamp="20250113 15:17:23.118" level="INFO">Creating Session using : alias=api_session, url=https://lab.connect247.vn/ucrmapi-cti/finesse-integration/handle-response-from-server, headers={'Content-Type': 'application/x-www-form-urlencoded', 'Authorization': 'Bearer eyJ0eXAiOiJKV1QiLCJhbGciOiJIUzI1NiJ9.eyJleHAiOjE3MDYwMDI5MjEsIlRlbmFudHMiOiJ0bnRfY2FsbGMyNDdzdGFuZGFyZF80MTQ1NzUyMSIsIklEIjoiNjU0OThhNWE0MjEzMTc2YTczOTE3OWZjIiwiRW1haWwiOiJjYWxsYzI0N3N0YW5kYXJkQGdtYWlsLmNvbSIsIklzX0FkbWluIjp0cnVlfQ.RywH1LqP6cjTSoGEJrsTPOl_uhiIWNuntG8ay0mxXx8'},                     cookies={}, auth=None, timeout=None, proxies=None, verify=False,                     debug=0 </msg>
<status status="PASS" starttime="20250113 15:17:23.118" endtime="20250113 15:17:23.119"/>
</kw>
<kw name="Post Request" library="RequestsLibrary">
<var>${response}</var>
<arg>api_session</arg>
<arg>${API_URL_FIN}</arg>
<arg>data=&amp;{PAYLOADRINGING}</arg>
<doc>*DEPRECATED* Please use `POST On Session` instead.</doc>
<msg timestamp="20250113 15:17:23.119" level="WARN">Keyword 'RequestsLibrary.Post Request' is deprecated. Please use `POST On Session` instead.</msg>
<msg timestamp="20250113 15:17:23.206" level="INFO">POST Request : url=https://lab.connect247.vn/ucrmapi-cti/finesse-integration/handle-response-from-server 
 path_url=/ucrmapi-cti/finesse-integration/handle-response-from-server 
 headers={'User-Agent': 'python-requests/2.32.3', 'Accept-Encoding': 'gzip, deflate', 'Accept': '*/*', 'Connection': 'keep-alive', 'Content-Type': 'application/x-www-form-urlencoded', 'Authorization': 'Bearer eyJ0eXAiOiJKV1QiLCJhbGciOiJIUzI1NiJ9.eyJleHAiOjE3MDYwMDI5MjEsIlRlbmFudHMiOiJ0bnRfY2FsbGMyNDdzdGFuZGFyZF80MTQ1NzUyMSIsIklEIjoiNjU0OThhNWE0MjEzMTc2YTczOTE3OWZjIiwiRW1haWwiOiJjYWxsYzI0N3N0YW5kYXJkQGdtYWlsLmNvbSIsIklzX0FkbWluIjp0cnVlfQ.RywH1LqP6cjTSoGEJrsTPOl_uhiIWNuntG8ay0mxXx8', 'Content-Length': '169'} 
 body=LinkedID=294497408&amp;CallPhone=0902819377&amp;CallStartTime=2024-07-22+11%3A30%3A34&amp;CallConnectTime=&amp;CallEndTime=&amp;CallStatus=SUCCESS&amp;Username=1909&amp;ExtentionID=1909&amp;InOutCall=1 
 </msg>
<msg timestamp="20250113 15:17:23.206" level="INFO">POST Response : url=https://lab.connect247.vn/ucrmapi-cti/finesse-integration/handle-response-from-server 
 status=200, reason=OK 
 headers={'Server': 'nginx', 'Date': 'Mon, 13 Jan 2025 08:17:23 GMT', 'Content-Type': 'application/json', 'Content-Length': '54', 'Connection': 'keep-alive', 'X-Content-Type-Options': 'nosniff, nosniff', 'Referrer-Policy': 'same-origin', 'Cross-Origin-Opener-Policy': 'same-origin', 'Vary': 'Origin', 'X-Frame-Options': 'DENY', 'Strict-Transport-Security': 'max-age=31536000; includeSubDomains; preload', 'X-XSS-Protection': '1; mode=block', 'Accept-Ranges': 'bytes'} 
 body={"data": [], "message": "success", "status_code": 200} 
 </msg>
<msg timestamp="20250113 15:17:23.206" level="INFO">C:\Users\Bui Nguyen Minh Quan\AppData\Local\Programs\Python\Python310\lib\site-packages\urllib3\connectionpool.py:1064: InsecureRequestWarning: Unverified HTTPS request is being made to host 'lab.connect247.vn'. Adding certificate verification is strongly advised. See: https://urllib3.readthedocs.io/en/1.26.x/advanced-usage.html#ssl-warnings
  warnings.warn(</msg>
<msg timestamp="20250113 15:17:23.206" level="INFO">${response} = &lt;Response [200]&gt;</msg>
<status status="PASS" starttime="20250113 15:17:23.119" endtime="20250113 15:17:23.206"/>
</kw>
<kw name="Get Time" library="BuiltIn">
<var>${end_time}</var>
<arg>epoch</arg>
<doc>Returns the given time in the requested format.</doc>
<msg timestamp="20250113 15:17:23.207" level="INFO">${end_time} = 1736756243</msg>
<status status="PASS" starttime="20250113 15:17:23.207" endtime="20250113 15:17:23.207"/>
</kw>
<kw name="Subtract Time From Date" library="DateTime">
<var>${elapsed_time2}</var>
<arg>${end_time}</arg>
<arg>${start_time}</arg>
<arg>result_format=%S.%f</arg>
<doc>Subtracts time from date and returns the resulting date.</doc>
<msg timestamp="20250113 15:17:23.208" level="INFO">${elapsed_time2} = 00.000000</msg>
<status status="PASS" starttime="20250113 15:17:23.208" endtime="20250113 15:17:23.208"/>
</kw>
<kw name="Log To Console" library="BuiltIn">
<arg>Response: ${response} | Time taken: ${elapsed_time2} seconds</arg>
<doc>Logs the given message to the console.</doc>
<status status="PASS" starttime="20250113 15:17:23.208" endtime="20250113 15:17:23.209"/>
</kw>
<status status="PASS" starttime="20250113 15:17:23.115" endtime="20250113 15:17:23.209"/>
</kw>
<status status="PASS" starttime="20250113 15:17:21.810" endtime="20250113 15:17:23.209"/>
</iter>
<iter>
<var name="${i}">2</var>
<kw name="random_number" library="Common_keyword">
<var>${LINKEDID RANDOM}</var>
<arg>1</arg>
<arg>1000000000</arg>
<kw name="Evaluate" library="BuiltIn">
<var>${random_number}</var>
<arg>random.randint(${min}, ${max})</arg>
<doc>Evaluates the given expression in Python and returns the result.</doc>
<msg timestamp="20250113 15:17:23.213" level="INFO">${random_number} = 96044471</msg>
<status status="PASS" starttime="20250113 15:17:23.211" endtime="20250113 15:17:23.213"/>
</kw>
<return>
<value>${random_number}</value>
<status status="PASS" starttime="20250113 15:17:23.213" endtime="20250113 15:17:23.214"/>
</return>
<msg timestamp="20250113 15:17:23.214" level="INFO">${LINKEDID RANDOM} = 96044471</msg>
<status status="PASS" starttime="20250113 15:17:23.210" endtime="20250113 15:17:23.214"/>
</kw>
<kw name="Generate_Phone" library="Common_keyword">
<var>${RANDOMPHONE}</var>
<kw name="Set Variable" library="BuiltIn">
<var>${prefix}</var>
<arg>090</arg>
<doc>Returns the given values which can then be assigned to a variables.</doc>
<msg timestamp="20250113 15:17:23.215" level="INFO">${prefix} = 090</msg>
<status status="PASS" starttime="20250113 15:17:23.215" endtime="20250113 15:17:23.216"/>
</kw>
<kw name="random_number" library="Common_keyword">
<var>${phone_number}</var>
<arg>1000000</arg>
<arg>9999999</arg>
<kw name="Evaluate" library="BuiltIn">
<var>${random_number}</var>
<arg>random.randint(${min}, ${max})</arg>
<doc>Evaluates the given expression in Python and returns the result.</doc>
<msg timestamp="20250113 15:17:23.217" level="INFO">${random_number} = 8245835</msg>
<status status="PASS" starttime="20250113 15:17:23.216" endtime="20250113 15:17:23.217"/>
</kw>
<return>
<value>${random_number}</value>
<status status="PASS" starttime="20250113 15:17:23.217" endtime="20250113 15:17:23.217"/>
</return>
<msg timestamp="20250113 15:17:23.218" level="INFO">${phone_number} = 8245835</msg>
<status status="PASS" starttime="20250113 15:17:23.216" endtime="20250113 15:17:23.218"/>
</kw>
<kw name="Set Variable" library="BuiltIn">
<var>${phone}</var>
<arg>${prefix}${phone_number}</arg>
<doc>Returns the given values which can then be assigned to a variables.</doc>
<msg timestamp="20250113 15:17:23.218" level="INFO">${phone} = 0908245835</msg>
<status status="PASS" starttime="20250113 15:17:23.218" endtime="20250113 15:17:23.218"/>
</kw>
<return>
<value>${phone}</value>
<status status="PASS" starttime="20250113 15:17:23.218" endtime="20250113 15:17:23.219"/>
</return>
<kw name="Log To Console" library="BuiltIn">
<arg>message: ${phone}</arg>
<doc>Logs the given message to the console.</doc>
<status status="NOT RUN" starttime="20250113 15:17:23.219" endtime="20250113 15:17:23.219"/>
</kw>
<msg timestamp="20250113 15:17:23.219" level="INFO">${RANDOMPHONE} = 0908245835</msg>
<status status="PASS" starttime="20250113 15:17:23.214" endtime="20250113 15:17:23.219"/>
</kw>
<kw name="Log To Console" library="BuiltIn">
<arg>Phone= ${RANDOMPHONE}</arg>
<doc>Logs the given message to the console.</doc>
<status status="PASS" starttime="20250113 15:17:23.220" endtime="20250113 15:17:23.220"/>
</kw>
<kw name="Log To Console" library="BuiltIn">
<arg>LinkedID= ${LINKEDID RANDOM}</arg>
<doc>Logs the given message to the console.</doc>
<status status="PASS" starttime="20250113 15:17:23.220" endtime="20250113 15:17:23.221"/>
</kw>
<kw name="Log To Console" library="BuiltIn">
<arg>Extension= ${extension}</arg>
<doc>Logs the given message to the console.</doc>
<status status="PASS" starttime="20250113 15:17:23.221" endtime="20250113 15:17:23.221"/>
</kw>
<kw name="RPACallAPI_CALL_FI" library="Common_keyword">
<arg>${LINKEDID RANDOM}</arg>
<arg>${extension}</arg>
<arg>RINGING</arg>
<arg>1</arg>
<arg>${RANDOMPHONE}</arg>
<kw name="Create Dictionary" library="BuiltIn">
<var>&amp;{PAYLOADRINGING}</var>
<arg>LinkedID=${LinkedID}</arg>
<arg>CallPhone=${PhoneNumber}</arg>
<arg>CallStartTime=2024-07-22 11:30:34</arg>
<arg>CallConnectTime=</arg>
<arg>CallEndTime=</arg>
<arg>CallStatus=${CallStatus}</arg>
<arg>Username=${ExtensionID}</arg>
<arg>ExtentionID=${ExtensionID}</arg>
<arg>InOutCall=${Direction}</arg>
<doc>Creates and returns a dictionary based on the given ``items``.</doc>
<msg timestamp="20250113 15:17:23.222" level="INFO">&amp;{PAYLOADRINGING} = { LinkedID=96044471 | CallPhone=0908245835 | CallStartTime=2024-07-22 11:30:34 | CallConnectTime= | CallEndTime= | CallStatus=RINGING | Username=1909 | ExtentionID=1909 | InOutCall=1 }</msg>
<status status="PASS" starttime="20250113 15:17:23.222" endtime="20250113 15:17:23.223"/>
</kw>
<kw name="Get Time" library="BuiltIn">
<var>${start_time}</var>
<arg>epoch</arg>
<doc>Returns the given time in the requested format.</doc>
<msg timestamp="20250113 15:17:23.223" level="INFO">${start_time} = 1736756243</msg>
<status status="PASS" starttime="20250113 15:17:23.223" endtime="20250113 15:17:23.223"/>
</kw>
<kw name="Create Session" library="RequestsLibrary">
<arg>api_session</arg>
<arg>${API_URL_FIN}</arg>
<arg>headers=&amp;{HEADERS_FIN}</arg>
<doc>Create Session: create a HTTP session to a server</doc>
<msg timestamp="20250113 15:17:23.224" level="INFO">Creating Session using : alias=api_session, url=https://lab.connect247.vn/ucrmapi-cti/finesse-integration/handle-response-from-server, headers={'Content-Type': 'application/x-www-form-urlencoded', 'Authorization': 'Bearer eyJ0eXAiOiJKV1QiLCJhbGciOiJIUzI1NiJ9.eyJleHAiOjE3MDYwMDI5MjEsIlRlbmFudHMiOiJ0bnRfY2FsbGMyNDdzdGFuZGFyZF80MTQ1NzUyMSIsIklEIjoiNjU0OThhNWE0MjEzMTc2YTczOTE3OWZjIiwiRW1haWwiOiJjYWxsYzI0N3N0YW5kYXJkQGdtYWlsLmNvbSIsIklzX0FkbWluIjp0cnVlfQ.RywH1LqP6cjTSoGEJrsTPOl_uhiIWNuntG8ay0mxXx8'},                     cookies={}, auth=None, timeout=None, proxies=None, verify=False,                     debug=0 </msg>
<status status="PASS" starttime="20250113 15:17:23.224" endtime="20250113 15:17:23.224"/>
</kw>
<kw name="Post Request" library="RequestsLibrary">
<var>${response}</var>
<arg>api_session</arg>
<arg>${API_URL_FIN}</arg>
<arg>data=&amp;{PAYLOADRINGING}</arg>
<doc>*DEPRECATED* Please use `POST On Session` instead.</doc>
<msg timestamp="20250113 15:17:23.225" level="WARN">Keyword 'RequestsLibrary.Post Request' is deprecated. Please use `POST On Session` instead.</msg>
<msg timestamp="20250113 15:17:23.345" level="INFO">POST Request : url=https://lab.connect247.vn/ucrmapi-cti/finesse-integration/handle-response-from-server 
 path_url=/ucrmapi-cti/finesse-integration/handle-response-from-server 
 headers={'User-Agent': 'python-requests/2.32.3', 'Accept-Encoding': 'gzip, deflate', 'Accept': '*/*', 'Connection': 'keep-alive', 'Content-Type': 'application/x-www-form-urlencoded', 'Authorization': 'Bearer eyJ0eXAiOiJKV1QiLCJhbGciOiJIUzI1NiJ9.eyJleHAiOjE3MDYwMDI5MjEsIlRlbmFudHMiOiJ0bnRfY2FsbGMyNDdzdGFuZGFyZF80MTQ1NzUyMSIsIklEIjoiNjU0OThhNWE0MjEzMTc2YTczOTE3OWZjIiwiRW1haWwiOiJjYWxsYzI0N3N0YW5kYXJkQGdtYWlsLmNvbSIsIklzX0FkbWluIjp0cnVlfQ.RywH1LqP6cjTSoGEJrsTPOl_uhiIWNuntG8ay0mxXx8', 'Content-Length': '168'} 
 body=LinkedID=96044471&amp;CallPhone=0908245835&amp;CallStartTime=2024-07-22+11%3A30%3A34&amp;CallConnectTime=&amp;CallEndTime=&amp;CallStatus=RINGING&amp;Username=1909&amp;ExtentionID=1909&amp;InOutCall=1 
 </msg>
<msg timestamp="20250113 15:17:23.345" level="INFO">POST Response : url=https://lab.connect247.vn/ucrmapi-cti/finesse-integration/handle-response-from-server 
 status=200, reason=OK 
 headers={'Server': 'nginx', 'Date': 'Mon, 13 Jan 2025 08:17:23 GMT', 'Content-Type': 'application/json', 'Content-Length': '54', 'Connection': 'keep-alive', 'X-Content-Type-Options': 'nosniff, nosniff', 'Referrer-Policy': 'same-origin', 'Cross-Origin-Opener-Policy': 'same-origin', 'Vary': 'Origin', 'X-Frame-Options': 'DENY', 'Strict-Transport-Security': 'max-age=31536000; includeSubDomains; preload', 'X-XSS-Protection': '1; mode=block', 'Accept-Ranges': 'bytes'} 
 body={"data": [], "message": "success", "status_code": 200} 
 </msg>
<msg timestamp="20250113 15:17:23.345" level="INFO">C:\Users\Bui Nguyen Minh Quan\AppData\Local\Programs\Python\Python310\lib\site-packages\urllib3\connectionpool.py:1064: InsecureRequestWarning: Unverified HTTPS request is being made to host 'lab.connect247.vn'. Adding certificate verification is strongly advised. See: https://urllib3.readthedocs.io/en/1.26.x/advanced-usage.html#ssl-warnings
  warnings.warn(</msg>
<msg timestamp="20250113 15:17:23.345" level="INFO">${response} = &lt;Response [200]&gt;</msg>
<status status="PASS" starttime="20250113 15:17:23.225" endtime="20250113 15:17:23.345"/>
</kw>
<kw name="Get Time" library="BuiltIn">
<var>${end_time}</var>
<arg>epoch</arg>
<doc>Returns the given time in the requested format.</doc>
<msg timestamp="20250113 15:17:23.346" level="INFO">${end_time} = 1736756243</msg>
<status status="PASS" starttime="20250113 15:17:23.346" endtime="20250113 15:17:23.346"/>
</kw>
<kw name="Subtract Time From Date" library="DateTime">
<var>${elapsed_time2}</var>
<arg>${end_time}</arg>
<arg>${start_time}</arg>
<arg>result_format=%S.%f</arg>
<doc>Subtracts time from date and returns the resulting date.</doc>
<msg timestamp="20250113 15:17:23.347" level="INFO">${elapsed_time2} = 00.000000</msg>
<status status="PASS" starttime="20250113 15:17:23.346" endtime="20250113 15:17:23.347"/>
</kw>
<kw name="Log To Console" library="BuiltIn">
<arg>Response: ${response} | Time taken: ${elapsed_time2} seconds</arg>
<doc>Logs the given message to the console.</doc>
<status status="PASS" starttime="20250113 15:17:23.348" endtime="20250113 15:17:23.348"/>
</kw>
<status status="PASS" starttime="20250113 15:17:23.221" endtime="20250113 15:17:23.349"/>
</kw>
<kw name="RPACallAPI_CALL_FI" library="Common_keyword">
<arg>${LINKEDID RANDOM}</arg>
<arg>${extension}</arg>
<arg>ANSWER</arg>
<arg>1</arg>
<arg>${RANDOMPHONE}</arg>
<kw name="Create Dictionary" library="BuiltIn">
<var>&amp;{PAYLOADRINGING}</var>
<arg>LinkedID=${LinkedID}</arg>
<arg>CallPhone=${PhoneNumber}</arg>
<arg>CallStartTime=2024-07-22 11:30:34</arg>
<arg>CallConnectTime=</arg>
<arg>CallEndTime=</arg>
<arg>CallStatus=${CallStatus}</arg>
<arg>Username=${ExtensionID}</arg>
<arg>ExtentionID=${ExtensionID}</arg>
<arg>InOutCall=${Direction}</arg>
<doc>Creates and returns a dictionary based on the given ``items``.</doc>
<msg timestamp="20250113 15:17:23.351" level="INFO">&amp;{PAYLOADRINGING} = { LinkedID=96044471 | CallPhone=0908245835 | CallStartTime=2024-07-22 11:30:34 | CallConnectTime= | CallEndTime= | CallStatus=ANSWER | Username=1909 | ExtentionID=1909 | InOutCall=1 }</msg>
<status status="PASS" starttime="20250113 15:17:23.350" endtime="20250113 15:17:23.351"/>
</kw>
<kw name="Get Time" library="BuiltIn">
<var>${start_time}</var>
<arg>epoch</arg>
<doc>Returns the given time in the requested format.</doc>
<msg timestamp="20250113 15:17:23.352" level="INFO">${start_time} = 1736756243</msg>
<status status="PASS" starttime="20250113 15:17:23.351" endtime="20250113 15:17:23.352"/>
</kw>
<kw name="Create Session" library="RequestsLibrary">
<arg>api_session</arg>
<arg>${API_URL_FIN}</arg>
<arg>headers=&amp;{HEADERS_FIN}</arg>
<doc>Create Session: create a HTTP session to a server</doc>
<msg timestamp="20250113 15:17:23.353" level="INFO">Creating Session using : alias=api_session, url=https://lab.connect247.vn/ucrmapi-cti/finesse-integration/handle-response-from-server, headers={'Content-Type': 'application/x-www-form-urlencoded', 'Authorization': 'Bearer eyJ0eXAiOiJKV1QiLCJhbGciOiJIUzI1NiJ9.eyJleHAiOjE3MDYwMDI5MjEsIlRlbmFudHMiOiJ0bnRfY2FsbGMyNDdzdGFuZGFyZF80MTQ1NzUyMSIsIklEIjoiNjU0OThhNWE0MjEzMTc2YTczOTE3OWZjIiwiRW1haWwiOiJjYWxsYzI0N3N0YW5kYXJkQGdtYWlsLmNvbSIsIklzX0FkbWluIjp0cnVlfQ.RywH1LqP6cjTSoGEJrsTPOl_uhiIWNuntG8ay0mxXx8'},                     cookies={}, auth=None, timeout=None, proxies=None, verify=False,                     debug=0 </msg>
<status status="PASS" starttime="20250113 15:17:23.352" endtime="20250113 15:17:23.353"/>
</kw>
<kw name="Post Request" library="RequestsLibrary">
<var>${response}</var>
<arg>api_session</arg>
<arg>${API_URL_FIN}</arg>
<arg>data=&amp;{PAYLOADRINGING}</arg>
<doc>*DEPRECATED* Please use `POST On Session` instead.</doc>
<msg timestamp="20250113 15:17:23.353" level="WARN">Keyword 'RequestsLibrary.Post Request' is deprecated. Please use `POST On Session` instead.</msg>
<msg timestamp="20250113 15:17:23.453" level="INFO">POST Request : url=https://lab.connect247.vn/ucrmapi-cti/finesse-integration/handle-response-from-server 
 path_url=/ucrmapi-cti/finesse-integration/handle-response-from-server 
 headers={'User-Agent': 'python-requests/2.32.3', 'Accept-Encoding': 'gzip, deflate', 'Accept': '*/*', 'Connection': 'keep-alive', 'Content-Type': 'application/x-www-form-urlencoded', 'Authorization': 'Bearer eyJ0eXAiOiJKV1QiLCJhbGciOiJIUzI1NiJ9.eyJleHAiOjE3MDYwMDI5MjEsIlRlbmFudHMiOiJ0bnRfY2FsbGMyNDdzdGFuZGFyZF80MTQ1NzUyMSIsIklEIjoiNjU0OThhNWE0MjEzMTc2YTczOTE3OWZjIiwiRW1haWwiOiJjYWxsYzI0N3N0YW5kYXJkQGdtYWlsLmNvbSIsIklzX0FkbWluIjp0cnVlfQ.RywH1LqP6cjTSoGEJrsTPOl_uhiIWNuntG8ay0mxXx8', 'Content-Length': '167'} 
 body=LinkedID=96044471&amp;CallPhone=0908245835&amp;CallStartTime=2024-07-22+11%3A30%3A34&amp;CallConnectTime=&amp;CallEndTime=&amp;CallStatus=ANSWER&amp;Username=1909&amp;ExtentionID=1909&amp;InOutCall=1 
 </msg>
<msg timestamp="20250113 15:17:23.453" level="INFO">POST Response : url=https://lab.connect247.vn/ucrmapi-cti/finesse-integration/handle-response-from-server 
 status=200, reason=OK 
 headers={'Server': 'nginx', 'Date': 'Mon, 13 Jan 2025 08:17:23 GMT', 'Content-Type': 'application/json', 'Content-Length': '54', 'Connection': 'keep-alive', 'X-Content-Type-Options': 'nosniff, nosniff', 'Referrer-Policy': 'same-origin', 'Cross-Origin-Opener-Policy': 'same-origin', 'Vary': 'Origin', 'X-Frame-Options': 'DENY', 'Strict-Transport-Security': 'max-age=31536000; includeSubDomains; preload', 'X-XSS-Protection': '1; mode=block', 'Accept-Ranges': 'bytes'} 
 body={"data": [], "message": "success", "status_code": 200} 
 </msg>
<msg timestamp="20250113 15:17:23.453" level="INFO">C:\Users\Bui Nguyen Minh Quan\AppData\Local\Programs\Python\Python310\lib\site-packages\urllib3\connectionpool.py:1064: InsecureRequestWarning: Unverified HTTPS request is being made to host 'lab.connect247.vn'. Adding certificate verification is strongly advised. See: https://urllib3.readthedocs.io/en/1.26.x/advanced-usage.html#ssl-warnings
  warnings.warn(</msg>
<msg timestamp="20250113 15:17:23.454" level="INFO">${response} = &lt;Response [200]&gt;</msg>
<status status="PASS" starttime="20250113 15:17:23.353" endtime="20250113 15:17:23.454"/>
</kw>
<kw name="Get Time" library="BuiltIn">
<var>${end_time}</var>
<arg>epoch</arg>
<doc>Returns the given time in the requested format.</doc>
<msg timestamp="20250113 15:17:23.455" level="INFO">${end_time} = 1736756243</msg>
<status status="PASS" starttime="20250113 15:17:23.454" endtime="20250113 15:17:23.455"/>
</kw>
<kw name="Subtract Time From Date" library="DateTime">
<var>${elapsed_time2}</var>
<arg>${end_time}</arg>
<arg>${start_time}</arg>
<arg>result_format=%S.%f</arg>
<doc>Subtracts time from date and returns the resulting date.</doc>
<msg timestamp="20250113 15:17:23.456" level="INFO">${elapsed_time2} = 00.000000</msg>
<status status="PASS" starttime="20250113 15:17:23.455" endtime="20250113 15:17:23.456"/>
</kw>
<kw name="Log To Console" library="BuiltIn">
<arg>Response: ${response} | Time taken: ${elapsed_time2} seconds</arg>
<doc>Logs the given message to the console.</doc>
<status status="PASS" starttime="20250113 15:17:23.456" endtime="20250113 15:17:23.457"/>
</kw>
<status status="PASS" starttime="20250113 15:17:23.349" endtime="20250113 15:17:23.457"/>
</kw>
<kw name="Wait For Element To Appear" library="CallCenterLocator">
<arg>${ELEMENT_CLASS}</arg>
<kw name="Get Current Time" library="CallCenterLocator">
<var>${start_time}</var>
<kw name="Evaluate" library="BuiltIn">
<var>${current_time}</var>
<arg>time.time()</arg>
<arg>modules=time</arg>
<doc>Evaluates the given expression in Python and returns the result.</doc>
<msg timestamp="20250113 15:17:23.459" level="INFO">${current_time} = 1736756243.45853</msg>
<status status="PASS" starttime="20250113 15:17:23.458" endtime="20250113 15:17:23.459"/>
</kw>
<return>
<value>${current_time}</value>
<status status="PASS" starttime="20250113 15:17:23.459" endtime="20250113 15:17:23.459"/>
</return>
<msg timestamp="20250113 15:17:23.460" level="INFO">${start_time} = 1736756243.45853</msg>
<status status="PASS" starttime="20250113 15:17:23.458" endtime="20250113 15:17:23.460"/>
</kw>
<kw name="Wait Until Element Is Visible" library="RPA.Browser.Selenium">
<arg>${locator}</arg>
<arg>timeout=5s</arg>
<doc>Waits until the element ``locator`` is visible.</doc>
<status status="PASS" starttime="20250113 15:17:23.460" endtime="20250113 15:17:23.532"/>
</kw>
<kw name="Get Current Time" library="CallCenterLocator">
<var>${end_time}</var>
<kw name="Evaluate" library="BuiltIn">
<var>${current_time}</var>
<arg>time.time()</arg>
<arg>modules=time</arg>
<doc>Evaluates the given expression in Python and returns the result.</doc>
<msg timestamp="20250113 15:17:23.535" level="INFO">${current_time} = 1736756243.5350196</msg>
<status status="PASS" starttime="20250113 15:17:23.534" endtime="20250113 15:17:23.535"/>
</kw>
<return>
<value>${current_time}</value>
<status status="PASS" starttime="20250113 15:17:23.535" endtime="20250113 15:17:23.536"/>
</return>
<msg timestamp="20250113 15:17:23.536" level="INFO">${end_time} = 1736756243.5350196</msg>
<status status="PASS" starttime="20250113 15:17:23.533" endtime="20250113 15:17:23.537"/>
</kw>
<kw name="Measure Elapsed Time" library="CallCenterLocator">
<var>${duration}</var>
<arg>${start_time}</arg>
<arg>${end_time}</arg>
<kw name="Evaluate" library="BuiltIn">
<var>${elapsed}</var>
<arg>(float(${end}) - float(${start_time}))</arg>
<doc>Evaluates the given expression in Python and returns the result.</doc>
<msg timestamp="20250113 15:17:23.539" level="INFO">${elapsed} = 0.07648968696594238</msg>
<status status="PASS" starttime="20250113 15:17:23.538" endtime="20250113 15:17:23.539"/>
</kw>
<return>
<value>${elapsed}</value>
<status status="PASS" starttime="20250113 15:17:23.539" endtime="20250113 15:17:23.539"/>
</return>
<msg timestamp="20250113 15:17:23.539" level="INFO">${duration} = 0.07648968696594238</msg>
<status status="PASS" starttime="20250113 15:17:23.537" endtime="20250113 15:17:23.539"/>
</kw>
<kw name="Log To Console" library="BuiltIn">
<arg>Thời gian xuất hiện tab: ${duration} giây</arg>
<doc>Logs the given message to the console.</doc>
<status status="PASS" starttime="20250113 15:17:23.540" endtime="20250113 15:17:23.540"/>
</kw>
<status status="PASS" starttime="20250113 15:17:23.457" endtime="20250113 15:17:23.540"/>
</kw>
<kw name="RPACallAPI_CALL_FI" library="Common_keyword">
<arg>${LINKEDID RANDOM}</arg>
<arg>${extension}</arg>
<arg>SUCCESS</arg>
<arg>1</arg>
<arg>${RANDOMPHONE}</arg>
<kw name="Create Dictionary" library="BuiltIn">
<var>&amp;{PAYLOADRINGING}</var>
<arg>LinkedID=${LinkedID}</arg>
<arg>CallPhone=${PhoneNumber}</arg>
<arg>CallStartTime=2024-07-22 11:30:34</arg>
<arg>CallConnectTime=</arg>
<arg>CallEndTime=</arg>
<arg>CallStatus=${CallStatus}</arg>
<arg>Username=${ExtensionID}</arg>
<arg>ExtentionID=${ExtensionID}</arg>
<arg>InOutCall=${Direction}</arg>
<doc>Creates and returns a dictionary based on the given ``items``.</doc>
<msg timestamp="20250113 15:17:23.543" level="INFO">&amp;{PAYLOADRINGING} = { LinkedID=96044471 | CallPhone=0908245835 | CallStartTime=2024-07-22 11:30:34 | CallConnectTime= | CallEndTime= | CallStatus=SUCCESS | Username=1909 | ExtentionID=1909 | InOutCall=1 }</msg>
<status status="PASS" starttime="20250113 15:17:23.541" endtime="20250113 15:17:23.543"/>
</kw>
<kw name="Get Time" library="BuiltIn">
<var>${start_time}</var>
<arg>epoch</arg>
<doc>Returns the given time in the requested format.</doc>
<msg timestamp="20250113 15:17:23.544" level="INFO">${start_time} = 1736756243</msg>
<status status="PASS" starttime="20250113 15:17:23.543" endtime="20250113 15:17:23.544"/>
</kw>
<kw name="Create Session" library="RequestsLibrary">
<arg>api_session</arg>
<arg>${API_URL_FIN}</arg>
<arg>headers=&amp;{HEADERS_FIN}</arg>
<doc>Create Session: create a HTTP session to a server</doc>
<msg timestamp="20250113 15:17:23.545" level="INFO">Creating Session using : alias=api_session, url=https://lab.connect247.vn/ucrmapi-cti/finesse-integration/handle-response-from-server, headers={'Content-Type': 'application/x-www-form-urlencoded', 'Authorization': 'Bearer eyJ0eXAiOiJKV1QiLCJhbGciOiJIUzI1NiJ9.eyJleHAiOjE3MDYwMDI5MjEsIlRlbmFudHMiOiJ0bnRfY2FsbGMyNDdzdGFuZGFyZF80MTQ1NzUyMSIsIklEIjoiNjU0OThhNWE0MjEzMTc2YTczOTE3OWZjIiwiRW1haWwiOiJjYWxsYzI0N3N0YW5kYXJkQGdtYWlsLmNvbSIsIklzX0FkbWluIjp0cnVlfQ.RywH1LqP6cjTSoGEJrsTPOl_uhiIWNuntG8ay0mxXx8'},                     cookies={}, auth=None, timeout=None, proxies=None, verify=False,                     debug=0 </msg>
<status status="PASS" starttime="20250113 15:17:23.544" endtime="20250113 15:17:23.545"/>
</kw>
<kw name="Post Request" library="RequestsLibrary">
<var>${response}</var>
<arg>api_session</arg>
<arg>${API_URL_FIN}</arg>
<arg>data=&amp;{PAYLOADRINGING}</arg>
<doc>*DEPRECATED* Please use `POST On Session` instead.</doc>
<msg timestamp="20250113 15:17:23.546" level="WARN">Keyword 'RequestsLibrary.Post Request' is deprecated. Please use `POST On Session` instead.</msg>
<msg timestamp="20250113 15:17:23.642" level="INFO">POST Request : url=https://lab.connect247.vn/ucrmapi-cti/finesse-integration/handle-response-from-server 
 path_url=/ucrmapi-cti/finesse-integration/handle-response-from-server 
 headers={'User-Agent': 'python-requests/2.32.3', 'Accept-Encoding': 'gzip, deflate', 'Accept': '*/*', 'Connection': 'keep-alive', 'Content-Type': 'application/x-www-form-urlencoded', 'Authorization': 'Bearer eyJ0eXAiOiJKV1QiLCJhbGciOiJIUzI1NiJ9.eyJleHAiOjE3MDYwMDI5MjEsIlRlbmFudHMiOiJ0bnRfY2FsbGMyNDdzdGFuZGFyZF80MTQ1NzUyMSIsIklEIjoiNjU0OThhNWE0MjEzMTc2YTczOTE3OWZjIiwiRW1haWwiOiJjYWxsYzI0N3N0YW5kYXJkQGdtYWlsLmNvbSIsIklzX0FkbWluIjp0cnVlfQ.RywH1LqP6cjTSoGEJrsTPOl_uhiIWNuntG8ay0mxXx8', 'Content-Length': '168'} 
 body=LinkedID=96044471&amp;CallPhone=0908245835&amp;CallStartTime=2024-07-22+11%3A30%3A34&amp;CallConnectTime=&amp;CallEndTime=&amp;CallStatus=SUCCESS&amp;Username=1909&amp;ExtentionID=1909&amp;InOutCall=1 
 </msg>
<msg timestamp="20250113 15:17:23.642" level="INFO">POST Response : url=https://lab.connect247.vn/ucrmapi-cti/finesse-integration/handle-response-from-server 
 status=200, reason=OK 
 headers={'Server': 'nginx', 'Date': 'Mon, 13 Jan 2025 08:17:23 GMT', 'Content-Type': 'application/json', 'Content-Length': '54', 'Connection': 'keep-alive', 'X-Content-Type-Options': 'nosniff, nosniff', 'Referrer-Policy': 'same-origin', 'Cross-Origin-Opener-Policy': 'same-origin', 'Vary': 'Origin', 'X-Frame-Options': 'DENY', 'Strict-Transport-Security': 'max-age=31536000; includeSubDomains; preload', 'X-XSS-Protection': '1; mode=block', 'Accept-Ranges': 'bytes'} 
 body={"data": [], "message": "success", "status_code": 200} 
 </msg>
<msg timestamp="20250113 15:17:23.642" level="INFO">C:\Users\Bui Nguyen Minh Quan\AppData\Local\Programs\Python\Python310\lib\site-packages\urllib3\connectionpool.py:1064: InsecureRequestWarning: Unverified HTTPS request is being made to host 'lab.connect247.vn'. Adding certificate verification is strongly advised. See: https://urllib3.readthedocs.io/en/1.26.x/advanced-usage.html#ssl-warnings
  warnings.warn(</msg>
<msg timestamp="20250113 15:17:23.642" level="INFO">${response} = &lt;Response [200]&gt;</msg>
<status status="PASS" starttime="20250113 15:17:23.545" endtime="20250113 15:17:23.642"/>
</kw>
<kw name="Get Time" library="BuiltIn">
<var>${end_time}</var>
<arg>epoch</arg>
<doc>Returns the given time in the requested format.</doc>
<msg timestamp="20250113 15:17:23.643" level="INFO">${end_time} = 1736756243</msg>
<status status="PASS" starttime="20250113 15:17:23.643" endtime="20250113 15:17:23.643"/>
</kw>
<kw name="Subtract Time From Date" library="DateTime">
<var>${elapsed_time2}</var>
<arg>${end_time}</arg>
<arg>${start_time}</arg>
<arg>result_format=%S.%f</arg>
<doc>Subtracts time from date and returns the resulting date.</doc>
<msg timestamp="20250113 15:17:23.645" level="INFO">${elapsed_time2} = 00.000000</msg>
<status status="PASS" starttime="20250113 15:17:23.643" endtime="20250113 15:17:23.645"/>
</kw>
<kw name="Log To Console" library="BuiltIn">
<arg>Response: ${response} | Time taken: ${elapsed_time2} seconds</arg>
<doc>Logs the given message to the console.</doc>
<status status="PASS" starttime="20250113 15:17:23.645" endtime="20250113 15:17:23.646"/>
</kw>
<status status="PASS" starttime="20250113 15:17:23.540" endtime="20250113 15:17:23.647"/>
</kw>
<status status="PASS" starttime="20250113 15:17:23.209" endtime="20250113 15:17:23.647"/>
</iter>
<iter>
<var name="${i}">3</var>
<kw name="random_number" library="Common_keyword">
<var>${LINKEDID RANDOM}</var>
<arg>1</arg>
<arg>1000000000</arg>
<kw name="Evaluate" library="BuiltIn">
<var>${random_number}</var>
<arg>random.randint(${min}, ${max})</arg>
<doc>Evaluates the given expression in Python and returns the result.</doc>
<msg timestamp="20250113 15:17:23.649" level="INFO">${random_number} = 209268404</msg>
[...]
<status status="PASS" starttime="20250113 15:18:55.432" endtime="20250113 15:18:55.435"/>
</kw>
<kw name="Get Time" library="BuiltIn">
<var>${start_time}</var>
<arg>epoch</arg>
<doc>Returns the given time in the requested format.</doc>
<msg timestamp="20250113 15:18:55.439" level="INFO">${start_time} = 1736756335</msg>
<status status="PASS" starttime="20250113 15:18:55.436" endtime="20250113 15:18:55.439"/>
</kw>
<kw name="Create Session" library="RequestsLibrary">
<arg>api_session</arg>
<arg>${API_URL_FIN}</arg>
<arg>headers=&amp;{HEADERS_FIN}</arg>
<doc>Create Session: create a HTTP session to a server</doc>
<msg timestamp="20250113 15:18:55.443" level="INFO">Creating Session using : alias=api_session, url=https://lab.connect247.vn/ucrmapi-cti/finesse-integration/handle-response-from-server, headers={'Content-Type': 'application/x-www-form-urlencoded', 'Authorization': 'Bearer eyJ0eXAiOiJKV1QiLCJhbGciOiJIUzI1NiJ9.eyJleHAiOjE3MDYwMDI5MjEsIlRlbmFudHMiOiJ0bnRfY2FsbGMyNDdzdGFuZGFyZF80MTQ1NzUyMSIsIklEIjoiNjU0OThhNWE0MjEzMTc2YTczOTE3OWZjIiwiRW1haWwiOiJjYWxsYzI0N3N0YW5kYXJkQGdtYWlsLmNvbSIsIklzX0FkbWluIjp0cnVlfQ.RywH1LqP6cjTSoGEJrsTPOl_uhiIWNuntG8ay0mxXx8'},                     cookies={}, auth=None, timeout=None, proxies=None, verify=False,                     debug=0 </msg>
<status status="PASS" starttime="20250113 15:18:55.440" endtime="20250113 15:18:55.444"/>
</kw>
<kw name="Post Request" library="RequestsLibrary">
<var>${response}</var>
<arg>api_session</arg>
<arg>${API_URL_FIN}</arg>
<arg>data=&amp;{PAYLOADRINGING}</arg>
<doc>*DEPRECATED* Please use `POST On Session` instead.</doc>
<msg timestamp="20250113 15:18:55.445" level="WARN">Keyword 'RequestsLibrary.Post Request' is deprecated. Please use `POST On Session` instead.</msg>
<msg timestamp="20250113 15:18:55.547" level="INFO">POST Request : url=https://lab.connect247.vn/ucrmapi-cti/finesse-integration/handle-response-from-server 
 path_url=/ucrmapi-cti/finesse-integration/handle-response-from-server 
 headers={'User-Agent': 'python-requests/2.32.3', 'Accept-Encoding': 'gzip, deflate', 'Accept': '*/*', 'Connection': 'keep-alive', 'Content-Type': 'application/x-www-form-urlencoded', 'Authorization': 'Bearer eyJ0eXAiOiJKV1QiLCJhbGciOiJIUzI1NiJ9.eyJleHAiOjE3MDYwMDI5MjEsIlRlbmFudHMiOiJ0bnRfY2FsbGMyNDdzdGFuZGFyZF80MTQ1NzUyMSIsIklEIjoiNjU0OThhNWE0MjEzMTc2YTczOTE3OWZjIiwiRW1haWwiOiJjYWxsYzI0N3N0YW5kYXJkQGdtYWlsLmNvbSIsIklzX0FkbWluIjp0cnVlfQ.RywH1LqP6cjTSoGEJrsTPOl_uhiIWNuntG8ay0mxXx8', 'Content-Length': '168'} 
 body=LinkedID=994852764&amp;CallPhone=0907132853&amp;CallStartTime=2024-07-22+11%3A30%3A34&amp;CallConnectTime=&amp;CallEndTime=&amp;CallStatus=ANSWER&amp;Username=1911&amp;ExtentionID=1911&amp;InOutCall=1 
 </msg>
<msg timestamp="20250113 15:18:55.547" level="INFO">POST Response : url=https://lab.connect247.vn/ucrmapi-cti/finesse-integration/handle-response-from-server 
 status=200, reason=OK 
 headers={'Server': 'nginx', 'Date': 'Mon, 13 Jan 2025 08:18:55 GMT', 'Content-Type': 'application/json', 'Content-Length': '54', 'Connection': 'keep-alive', 'X-Content-Type-Options': 'nosniff, nosniff', 'Referrer-Policy': 'same-origin', 'Cross-Origin-Opener-Policy': 'same-origin', 'Vary': 'Origin', 'X-Frame-Options': 'DENY', 'Strict-Transport-Security': 'max-age=31536000; includeSubDomains; preload', 'X-XSS-Protection': '1; mode=block', 'Accept-Ranges': 'bytes'} 
 body={"data": [], "message": "success", "status_code": 200} 
 </msg>
<msg timestamp="20250113 15:18:55.547" level="INFO">C:\Users\Bui Nguyen Minh Quan\AppData\Local\Programs\Python\Python310\lib\site-packages\urllib3\connectionpool.py:1064: InsecureRequestWarning: Unverified HTTPS request is being made to host 'lab.connect247.vn'. Adding certificate verification is strongly advised. See: https://urllib3.readthedocs.io/en/1.26.x/advanced-usage.html#ssl-warnings
  warnings.warn(</msg>
<msg timestamp="20250113 15:18:55.547" level="INFO">${response} = &lt;Response [200]&gt;</msg>
<status status="PASS" starttime="20250113 15:18:55.445" endtime="20250113 15:18:55.547"/>
</kw>
<kw name="Get Time" library="BuiltIn">
<var>${end_time}</var>
<arg>epoch</arg>
<doc>Returns the given time in the requested format.</doc>
<msg timestamp="20250113 15:18:55.549" level="INFO">${end_time} = 1736756335</msg>
<status status="PASS" starttime="20250113 15:18:55.548" endtime="20250113 15:18:55.549"/>
</kw>
<kw name="Subtract Time From Date" library="DateTime">
<var>${elapsed_time2}</var>
<arg>${end_time}</arg>
<arg>${start_time}</arg>
<arg>result_format=%S.%f</arg>
<doc>Subtracts time from date and returns the resulting date.</doc>
<msg timestamp="20250113 15:18:55.551" level="INFO">${elapsed_time2} = 00.000000</msg>
<status status="PASS" starttime="20250113 15:18:55.550" endtime="20250113 15:18:55.551"/>
</kw>
<kw name="Log To Console" library="BuiltIn">
<arg>Response: ${response} | Time taken: ${elapsed_time2} seconds</arg>
<doc>Logs the given message to the console.</doc>
<status status="PASS" starttime="20250113 15:18:55.551" endtime="20250113 15:18:55.554"/>
</kw>
<status status="PASS" starttime="20250113 15:18:55.431" endtime="20250113 15:18:55.554"/>
</kw>
<kw name="Wait For Element To Appear" library="CallCenterLocator">
<arg>${ELEMENT_CLASS}</arg>
<kw name="Get Current Time" library="CallCenterLocator">
<var>${start_time}</var>
<kw name="Evaluate" library="BuiltIn">
<var>${current_time}</var>
<arg>time.time()</arg>
<arg>modules=time</arg>
<doc>Evaluates the given expression in Python and returns the result.</doc>
<msg timestamp="20250113 15:18:55.560" level="INFO">${current_time} = 1736756335.558916</msg>
<status status="PASS" starttime="20250113 15:18:55.559" endtime="20250113 15:18:55.560"/>
</kw>
<return>
<value>${current_time}</value>
<status status="PASS" starttime="20250113 15:18:55.560" endtime="20250113 15:18:55.561"/>
</return>
<msg timestamp="20250113 15:18:55.562" level="INFO">${start_time} = 1736756335.558916</msg>
<status status="PASS" starttime="20250113 15:18:55.557" endtime="20250113 15:18:55.562"/>
</kw>
<kw name="Wait Until Element Is Visible" library="RPA.Browser.Selenium">
<arg>${locator}</arg>
<arg>timeout=5s</arg>
<doc>Waits until the element ``locator`` is visible.</doc>
<errors>
<msg timestamp="20250113 15:17:10.162" level="ERROR">Error in file 'D:\RPA2\PageObject\Locators\CallCenterLocator.robot' on line 2: Resource file 'PageObject\Locators\Common_keyword.robot' does not exist.</msg>
<msg timestamp="20250113 15:17:20.717" level="WARN">Keyword 'RequestsLibrary.Post Request' is deprecated. Please use `POST On Session` instead.</msg>
<msg timestamp="20250113 15:17:20.861" level="WARN">Keyword 'RequestsLibrary.Post Request' is deprecated. Please use `POST On Session` instead.</msg>
<msg timestamp="20250113 15:17:21.675" level="WARN">Keyword 'RequestsLibrary.Post Request' is deprecated. Please use `POST On Session` instead.</msg>
<msg timestamp="20250113 15:17:21.843" level="WARN">Keyword 'RequestsLibrary.Post Request' is deprecated. Please use `POST On Session` instead.</msg>
<msg timestamp="20250113 15:17:22.953" level="WARN">Keyword 'RequestsLibrary.Post Request' is deprecated. Please use `POST On Session` instead.</msg>
<msg timestamp="20250113 15:17:23.119" level="WARN">Keyword 'RequestsLibrary.Post Request' is deprecated. Please use `POST On Session` instead.</msg>
<msg timestamp="20250113 15:17:23.225" level="WARN">Keyword 'RequestsLibrary.Post Request' is deprecated. Please use `POST On Session` instead.</msg>
<msg timestamp="20250113 15:17:23.353" level="WARN">Keyword 'RequestsLibrary.Post Request' is deprecated. Please use `POST On Session` instead.</msg>
<msg timestamp="20250113 15:17:23.546" level="WARN">Keyword 'RequestsLibrary.Post Request' is deprecated. Please use `POST On Session` instead.</msg>
<msg timestamp="20250113 15:17:23.665" level="WARN">Keyword 'RequestsLibrary.Post Request' is deprecated. Please use `POST On Session` instead.</msg>
<msg timestamp="20250113 15:17:23.762" level="WARN">Keyword 'RequestsLibrary.Post Request' is deprecated. Please use `POST On Session` instead.</msg>
<msg timestamp="20250113 15:17:24.074" level="WARN">Keyword 'RequestsLibrary.Post Request' is deprecated. Please use `POST On Session` instead.</msg>
<msg timestamp="20250113 15:17:24.241" level="WARN">Keyword 'RequestsLibrary.Post Request' is deprecated. Please use `POST On Session` instead.</msg>
<msg timestamp="20250113 15:17:24.349" level="WARN">Keyword 'RequestsLibrary.Post Request' is deprecated. Please use `POST On Session` instead.</msg>
<msg timestamp="20250113 15:17:28.116" level="WARN">Keyword 'RequestsLibrary.Post Request' is deprecated. Please use `POST On Session` instead.</msg>
<msg timestamp="20250113 15:17:28.236" level="WARN">Keyword 'RequestsLibrary.Post Request' is deprecated. Please use `POST On Session` instead.</msg>
<msg timestamp="20250113 15:17:28.326" level="WARN">Keyword 'RequestsLibrary.Post Request' is deprecated. Please use `POST On Session` instead.</msg>
<msg timestamp="20250113 15:17:28.631" level="WARN">Keyword 'RequestsLibrary.Post Request' is deprecated. Please use `POST On Session` instead.</msg>
<msg timestamp="20250113 15:17:28.756" level="WARN">Keyword 'RequestsLibrary.Post Request' is deprecated. Please use `POST On Session` instead.</msg>
<msg timestamp="20250113 15:17:28.873" level="WARN">Keyword 'RequestsLibrary.Post Request' is deprecated. Please use `POST On Session` instead.</msg>
<msg timestamp="20250113 15:17:33.988" level="WARN">Keyword 'RequestsLibrary.Post Request' is deprecated. Please use `POST On Session` instead.</msg>
<msg timestamp="20250113 15:17:34.191" level="WARN">Keyword 'RequestsLibrary.Post Request' is deprecated. Please use `POST On Session` instead.</msg>
<msg timestamp="20250113 15:17:34.376" level="WARN">Keyword 'RequestsLibrary.Post Request' is deprecated. Please use `POST On Session` instead.</msg>
<msg timestamp="20250113 15:17:34.892" level="WARN">Keyword 'RequestsLibrary.Post Request' is deprecated. Please use `POST On Session` instead.</msg>
<msg timestamp="20250113 15:17:35.069" level="WARN">Keyword 'RequestsLibrary.Post Request' is deprecated. Please use `POST On Session` instead.</msg>
<msg timestamp="20250113 15:17:35.207" level="WARN">Keyword 'RequestsLibrary.Post Request' is deprecated. Please use `POST On Session` instead.</msg>
<msg timestamp="20250113 15:17:45.494" level="WARN">Keyword 'RequestsLibrary.Post Request' is deprecated. Please use `POST On Session` instead.</msg>
<msg timestamp="20250113 15:17:45.633" level="WARN">Keyword 'RequestsLibrary.Post Request' is deprecated. Please use `POST On Session` instead.</msg>
<msg timestamp="20250113 15:17:45.748" level="WARN">Keyword 'RequestsLibrary.Post Request' is deprecated. Please use `POST On Session` instead.</msg>
<msg timestamp="20250113 15:17:46.068" level="WARN">Keyword 'RequestsLibrary.Post Request' is deprecated. Please use `POST On Session` instead.</msg>
<msg timestamp="20250113 15:17:56.270" level="WARN">Keyword 'RequestsLibrary.Post Request' is deprecated. Please use `POST On Session` instead.</msg>
<msg timestamp="20250113 15:17:56.423" level="WARN">Keyword 'RequestsLibrary.Post Request' is deprecated. Please use `POST On Session` instead.</msg>
<msg timestamp="20250113 15:17:57.168" level="WARN">Keyword 'RequestsLibrary.Post Request' is deprecated. Please use `POST On Session` instead.</msg>
<msg timestamp="20250113 15:17:57.317" level="WARN">Keyword 'RequestsLibrary.Post Request' is deprecated. Please use `POST On Session` instead.</msg>
<msg timestamp="20250113 15:17:57.472" level="WARN">Keyword 'RequestsLibrary.Post Request' is deprecated. Please use `POST On Session` instead.</msg>
<msg timestamp="20250113 15:17:57.677" level="WARN">Keyword 'RequestsLibrary.Post Request' is deprecated. Please use `POST On Session` instead.</msg>
<msg timestamp="20250113 15:17:57.838" level="WARN">Keyword 'RequestsLibrary.Post Request' is deprecated. Please use `POST On Session` instead.</msg>
<msg timestamp="20250113 15:17:57.991" level="WARN">Keyword 'RequestsLibrary.Post Request' is deprecated. Please use `POST On Session` instead.</msg>
<msg timestamp="20250113 15:18:02.378" level="WARN">Keyword 'RequestsLibrary.Post Request' is deprecated. Please use `POST On Session` instead.</msg>
<msg timestamp="20250113 15:18:02.494" level="WARN">Keyword 'RequestsLibrary.Post Request' is deprecated. Please use `POST On Session` instead.</msg>
<msg timestamp="20250113 15:18:02.611" level="WARN">Keyword 'RequestsLibrary.Post Request' is deprecated. Please use `POST On Session` instead.</msg>
<msg timestamp="20250113 15:18:03.010" level="WARN">Keyword 'RequestsLibrary.Post Request' is deprecated. Please use `POST On Session` instead.</msg>
<msg timestamp="20250113 15:18:03.303" level="WARN">Keyword 'RequestsLibrary.Post Request' is deprecated. Please use `POST On Session` instead.</msg>
<msg timestamp="20250113 15:18:03.824" level="WARN">Keyword 'RequestsLibrary.Post Request' is deprecated. Please use `POST On Session` instead.</msg>
<msg timestamp="20250113 15:18:08.831" level="WARN">Keyword 'RequestsLibrary.Post Request' is deprecated. Please use `POST On Session` instead.</msg>
<msg timestamp="20250113 15:18:08.953" level="WARN">Keyword 'RequestsLibrary.Post Request' is deprecated. Please use `POST On Session` instead.</msg>
<msg timestamp="20250113 15:18:09.052" level="WARN">Keyword 'RequestsLibrary.Post Request' is deprecated. Please use `POST On Session` instead.</msg>
<msg timestamp="20250113 15:18:09.341" level="WARN">Keyword 'RequestsLibrary.Post Request' is deprecated. Please use `POST On Session` instead.</msg>
<msg timestamp="20250113 15:18:09.450" level="WARN">Keyword 'RequestsLibrary.Post Request' is deprecated. Please use `POST On Session` instead.</msg>
<msg timestamp="20250113 15:18:09.552" level="WARN">Keyword 'RequestsLibrary.Post Request' is deprecated. Please use `POST On Session` instead.</msg>
<msg timestamp="20250113 15:18:14.124" level="WARN">Keyword 'RequestsLibrary.Post Request' is deprecated. Please use `POST On Session` instead.</msg>
<msg timestamp="20250113 15:18:14.229" level="WARN">Keyword 'RequestsLibrary.Post Request' is deprecated. Please use `POST On Session` instead.</msg>
<msg timestamp="20250113 15:18:14.344" level="WARN">Keyword 'RequestsLibrary.Post Request' is deprecated. Please use `POST On Session` instead.</msg>
<msg timestamp="20250113 15:18:14.685" level="WARN">Keyword 'RequestsLibrary.Post Request' is deprecated. Please use `POST On Session` instead.</msg>
<msg timestamp="20250113 15:18:14.798" level="WARN">Keyword 'RequestsLibrary.Post Request' is deprecated. Please use `POST On Session` instead.</msg>
<msg timestamp="20250113 15:18:14.910" level="WARN">Keyword 'RequestsLibrary.Post Request' is deprecated. Please use `POST On Session` instead.</msg>
<msg timestamp="20250113 15:18:19.300" level="WARN">Keyword 'RequestsLibrary.Post Request' is deprecated. Please use `POST On Session` instead.</msg>
<msg timestamp="20250113 15:18:19.514" level="WARN">Keyword 'RequestsLibrary.Post Request' is deprecated. Please use `POST On Session` instead.</msg>
<msg timestamp="20250113 15:18:19.672" level="WARN">Keyword 'RequestsLibrary.Post Request' is deprecated. Please use `POST On Session` instead.</msg>
<msg timestamp="20250113 15:18:20.042" level="WARN">Keyword 'RequestsLibrary.Post Request' is deprecated. Please use `POST On Session` instead.</msg>
<msg timestamp="20250113 15:18:28.967" level="WARN">Keyword 'RequestsLibrary.Post Request' is deprecated. Please use `POST On Session` instead.</msg>
<msg timestamp="20250113 15:18:29.067" level="WARN">Keyword 'RequestsLibrary.Post Request' is deprecated. Please use `POST On Session` instead.</msg>
<msg timestamp="20250113 15:18:33.830" level="WARN">Keyword 'RequestsLibrary.Post Request' is deprecated. Please use `POST On Session` instead.</msg>
<msg timestamp="20250113 15:18:33.958" level="WARN">Keyword 'RequestsLibrary.Post Request' is deprecated. Please use `POST On Session` instead.</msg>
<msg timestamp="20250113 15:18:34.061" level="WARN">Keyword 'RequestsLibrary.Post Request' is deprecated. Please use `POST On Session` instead.</msg>
<msg timestamp="20250113 15:18:35.469" level="WARN">Keyword 'RequestsLibrary.Post Request' is deprecated. Please use `POST On Session` instead.</msg>
<msg timestamp="20250113 15:18:36.712" level="WARN">Keyword 'RequestsLibrary.Post Request' is deprecated. Please use `POST On Session` instead.</msg>
<msg timestamp="20250113 15:18:36.931" level="WARN">Keyword 'RequestsLibrary.Post Request' is deprecated. Please use `POST On Session` instead.</msg>
<msg timestamp="20250113 15:18:37.300" level="WARN">Keyword 'RequestsLibrary.Post Request' is deprecated. Please use `POST On Session` instead.</msg>
<msg timestamp="20250113 15:18:37.448" level="WARN">Keyword 'RequestsLibrary.Post Request' is deprecated. Please use `POST On Session` instead.</msg>
<msg timestamp="20250113 15:18:37.813" level="WARN">Keyword 'RequestsLibrary.Post Request' is deprecated. Please use `POST On Session` instead.</msg>
<msg timestamp="20250113 15:18:42.855" level="WARN">Keyword 'RequestsLibrary.Post Request' is deprecated. Please use `POST On Session` instead.</msg>
<msg timestamp="20250113 15:18:43.026" level="WARN">Keyword 'RequestsLibrary.Post Request' is deprecated. Please use `POST On Session` instead.</msg>
<msg timestamp="20250113 15:18:43.187" level="WARN">Keyword 'RequestsLibrary.Post Request' is deprecated. Please use `POST On Session` instead.</msg>
<msg timestamp="20250113 15:18:43.610" level="WARN">Keyword 'RequestsLibrary.Post Request' is deprecated. Please use `POST On Session` instead.</msg>
<msg timestamp="20250113 15:18:43.799" level="WARN">Keyword 'RequestsLibrary.Post Request' is deprecated. Please use `POST On Session` instead.</msg>
<msg timestamp="20250113 15:18:43.997" level="WARN">Keyword 'RequestsLibrary.Post Request' is deprecated. Please use `POST On Session` instead.</msg>
<msg timestamp="20250113 15:18:48.955" level="WARN">Keyword 'RequestsLibrary.Post Request' is deprecated. Please use `POST On Session` instead.</msg>
<msg timestamp="20250113 15:18:49.089" level="WARN">Keyword 'RequestsLibrary.Post Request' is deprecated. Please use `POST On Session` instead.</msg>
<msg timestamp="20250113 15:18:49.202" level="WARN">Keyword 'RequestsLibrary.Post Request' is deprecated. Please use `POST On Session` instead.</msg>
<msg timestamp="20250113 15:18:49.531" level="WARN">Keyword 'RequestsLibrary.Post Request' is deprecated. Please use `POST On Session` instead.</msg>
<msg timestamp="20250113 15:18:49.650" level="WARN">Keyword 'RequestsLibrary.Post Request' is deprecated. Please use `POST On Session` instead.</msg>
<msg timestamp="20250113 15:18:49.749" level="WARN">Keyword 'RequestsLibrary.Post Request' is deprecated. Please use `POST On Session` instead.</msg>
<msg timestamp="20250113 15:18:54.680" level="WARN">Keyword 'RequestsLibrary.Post Request' is deprecated. Please use `POST On Session` instead.</msg>
<msg timestamp="20250113 15:18:54.797" level="WARN">Keyword 'RequestsLibrary.Post Request' is deprecated. Please use `POST On Session` instead.</msg>
<msg timestamp="20250113 15:18:54.905" level="WARN">Keyword 'RequestsLibrary.Post Request' is deprecated. Please use `POST On Session` instead.</msg>
<msg timestamp="20250113 15:18:55.209" level="WARN">Keyword 'RequestsLibrary.Post Request' is deprecated. Please use `POST On Session` instead.</msg>
<msg timestamp="20250113 15:18:55.313" level="WARN">Keyword 'RequestsLibrary.Post Request' is deprecated. Please use `POST On Session` instead.</msg>
<msg timestamp="20250113 15:18:55.445" level="WARN">Keyword 'RequestsLibrary.Post Request' is deprecated. Please use `POST On Session` instead.</msg>
<msg timestamp="20250113 15:19:01.343" level="ERROR">Execution stopped by user.</msg>
</errors>
</robot>
