<?xml version="1.0" encoding="UTF-8"?>
<robot generator="Robot 6.1.1 (Python 3.10.11 on win32)" generated="20241218 18:10:03.118" rpa="true" schemaversion="4">
<suite id="s1" name="Tasks" source="D:\RPA2\tasks.robot">
<test id="s1-t1" name="Test" line="6">
<kw name="Evaluate" library="BuiltIn">
<var>${randomLinkeđI}</var>
<arg>random.randint(0, 1000000)</arg>
<doc>Evaluates the given expression in Python and returns the result.</doc>
<msg timestamp="20241218 18:10:03.958" level="INFO">${randomLinkeđI} = 462262</msg>
<status status="PASS" starttime="20241218 18:10:03.957" endtime="20241218 18:10:03.958"/>
</kw>
<kw name="Generate_Phone" library="Common_keyword">
<var>${randomPhone}</var>
<kw name="Evaluate" library="BuiltIn">
<var>${Phone}</var>
<arg>random.choice(${Phone})</arg>
<doc>Evaluates the given expression in Python and returns the result.</doc>
<msg timestamp="20241218 18:10:03.959" level="INFO">${Phone} = 0957890123</msg>
<status status="PASS" starttime="20241218 18:10:03.958" endtime="20241218 18:10:03.959"/>
</kw>
<kw name="Set Variable" library="BuiltIn">
<var>${Phone_}</var>
<arg>${Phone}</arg>
<doc>Returns the given values which can then be assigned to a variables.</doc>
<msg timestamp="20241218 18:10:03.960" level="INFO">${Phone_} = 0957890123</msg>
<status status="PASS" starttime="20241218 18:10:03.959" endtime="20241218 18:10:03.960"/>
</kw>
<return>
<value>${Phone_}</value>
<status status="PASS" starttime="20241218 18:10:03.960" endtime="20241218 18:10:03.960"/>
</return>
<msg timestamp="20241218 18:10:03.960" level="INFO">${randomPhone} = 0957890123</msg>
<status status="PASS" starttime="20241218 18:10:03.958" endtime="20241218 18:10:03.960"/>
</kw>
<kw name="Generate_EXTENTION" library="Common_keyword">
<var>${randomExtention}</var>
<kw name="Evaluate" library="BuiltIn">
<var>${Extension}</var>
<arg>random.choice(${Extension})</arg>
<doc>Evaluates the given expression in Python and returns the result.</doc>
<msg timestamp="20241218 18:10:03.962" level="INFO">${Extension} = 1969</msg>
<status status="PASS" starttime="20241218 18:10:03.961" endtime="20241218 18:10:03.962"/>
</kw>
<kw name="Set Variable" library="BuiltIn">
<var>${Extension_}</var>
<arg>${Extension}</arg>
<doc>Returns the given values which can then be assigned to a variables.</doc>
<msg timestamp="20241218 18:10:03.962" level="INFO">${Extension_} = 1969</msg>
<status status="PASS" starttime="20241218 18:10:03.962" endtime="20241218 18:10:03.962"/>
</kw>
<return>
<value>${Extension_}</value>
<status status="PASS" starttime="20241218 18:10:03.963" endtime="20241218 18:10:03.963"/>
</return>
<msg timestamp="20241218 18:10:03.963" level="INFO">${randomExtention} = 1969</msg>
<status status="PASS" starttime="20241218 18:10:03.960" endtime="20241218 18:10:03.963"/>
</kw>
<kw name="Generate_Random_Email_CALL" library="Common_keyword">
<var>${username_}</var>
<kw name="Evaluate" library="BuiltIn">
<var>${EmailName_Call}</var>
<arg>random.choice(${EmailNameCall})</arg>
<doc>Evaluates the given expression in Python and returns the result.</doc>
<msg timestamp="20241218 18:10:03.964" level="INFO">${EmailName_Call} = user8005@email.com</msg>
<status status="PASS" starttime="20241218 18:10:03.964" endtime="20241218 18:10:03.964"/>
</kw>
<kw name="Set Variable" library="BuiltIn">
<var>${Email_}</var>
<arg>${EmailName_Call}</arg>
<doc>Returns the given values which can then be assigned to a variables.</doc>
<msg timestamp="20241218 18:10:03.965" level="INFO">${Email_} = user8005@email.com</msg>
<status status="PASS" starttime="20241218 18:10:03.965" endtime="20241218 18:10:03.965"/>
</kw>
<return>
<value>${Email_}</value>
<status status="PASS" starttime="20241218 18:10:03.965" endtime="20241218 18:10:03.965"/>
</return>
<msg timestamp="20241218 18:10:03.965" level="INFO">${username_} = user8005@email.com</msg>
<status status="PASS" starttime="20241218 18:10:03.963" endtime="20241218 18:10:03.965"/>
</kw>
<for flavor="IN RANGE">
<var>${i}</var>
<value>100</value>
<iter>
<var name="${i}">0</var>
<kw name="RPACallAPI_CALL_CTI" library="Common_keyword">
<arg>${randomLinkeđI}</arg>
<arg>${randomExtention}</arg>
<arg>RINGING</arg>
<arg>1</arg>
<arg>${randomPhone}</arg>
<arg>${username}</arg>
<kw name="Set Variable" library="BuiltIn">
<var>${PAYLOADRINGING}</var>
<arg>{"LinkedID": "${LinkedID}", "QueueID": "", "CallPhone": "${PhoneNumber}", "CallStartTime": "2024-07-22 11:30:34", "CallConnectTime": "", "CallEndTime": "", "CallStatus": "${CallStatus}", "TotalDuration": "0", "BillDuration": "0", "Username": "${username}", "Hotline": "", "ExtentionID": "${ExtentionID}", "InOutCall": "${Direction}", "CompanyUID": "17e31c2b-c738-4ddb-a406-8f6fce907353", "DepartmentUID": "", "CallHoldStartTime": "", "CallHoldEndTime": "", "ExtentionTransfer": "", "TypeCall": "0", "ReasonCode": "", "ReasonName": "", "uniqueID": "1721622634.1910"}</arg>
<doc>Returns the given values which can then be assigned to a variables.</doc>
<msg timestamp="20241218 18:10:03.967" level="INFO">${PAYLOADRINGING} = {"LinkedID": "462262", "QueueID": "", "CallPhone": "0957890123", "CallStartTime": "2024-07-22 11:30:34", "CallConnectTime": "", "CallEndTime": "", "CallStatus": "RINGING", "TotalDuration": "0", "BillD...</msg>
<status status="PASS" starttime="20241218 18:10:03.967" endtime="20241218 18:10:03.967"/>
</kw>
<kw name="Create Session" library="RequestsLibrary">
<arg>api_session</arg>
<arg>${API_URL_CTI}</arg>
<arg>headers=&amp;{HEADERS_CTI}</arg>
<arg>verify=False</arg>
<doc>Create Session: create a HTTP session to a server</doc>
<msg timestamp="20241218 18:10:03.968" level="INFO">Creating Session using : alias=api_session, url=https://lab.connect247.vn/ucrmapi-cti/cti/call-data, headers={'Content-Type': 'application/json', 'Authorization': 'Bearer eyJ0eXAiOiJKV1QiLCJhbGciOiJIUzI1NiJ9.eyJleHAiOjIwMzY5ODQyMTMsIlRlbmFudHMiOiJ0bnRfdGVzdGFjZmN0ZXN0OV82NDQyOTMyMiIsIklEIjoiNjY5ODg5NTIyOGM5ZGEyY2RkNjEyYTkyIiwiRW1haWwiOiJ0ZXN0YWNmYzlAeW9wbWFpbC5jb20iLCJJc19BZG1pbiI6dHJ1ZX0.mumhNV909rOtFAUFNKpOharTYWPRNo85S2Zi9QY5bJs'},                     cookies={}, auth=None, timeout=None, proxies=None, verify=False,                     debug=0 </msg>
<status status="PASS" starttime="20241218 18:10:03.967" endtime="20241218 18:10:03.968"/>
</kw>
<kw name="POST On Session" library="RequestsLibrary">
<var>${response}</var>
<arg>api_session</arg>
<arg>url=${API_URL_CTI}</arg>
<arg>data=${PAYLOADRINGING}</arg>
<doc>Sends a POST request on a previously created HTTP Session.</doc>
<msg timestamp="20241218 18:10:06.007" level="INFO">POST Request : url=https://lab.connect247.vn/ucrmapi-cti/cti/call-data 
 path_url=/ucrmapi-cti/cti/call-data 
 headers={'User-Agent': 'python-requests/2.32.3', 'Accept-Encoding': 'gzip, deflate', 'Accept': '*/*', 'Connection': 'keep-alive', 'Content-Type': 'application/json', 'Authorization': 'Bearer eyJ0eXAiOiJKV1QiLCJhbGciOiJIUzI1NiJ9.eyJleHAiOjIwMzY5ODQyMTMsIlRlbmFudHMiOiJ0bnRfdGVzdGFjZmN0ZXN0OV82NDQyOTMyMiIsIklEIjoiNjY5ODg5NTIyOGM5ZGEyY2RkNjEyYTkyIiwiRW1haWwiOiJ0ZXN0YWNmYzlAeW9wbWFpbC5jb20iLCJJc19BZG1pbiI6dHJ1ZX0.mumhNV909rOtFAUFNKpOharTYWPRNo85S2Zi9QY5bJs', 'Content-Length': '536'} 
 body={"LinkedID": "462262", "QueueID": "", "CallPhone": "0957890123", "CallStartTime": "2024-07-22 11:30:34", "CallConnectTime": "", "CallEndTime": "", "CallStatus": "RINGING", "TotalDuration": "0", "BillDuration": "0", "Username": "user8005@email.com", "Hotline": "", "ExtentionID": "1969", "InOutCall": "1", "CompanyUID": "17e31c2b-c738-4ddb-a406-8f6fce907353", "DepartmentUID": "", "CallHoldStartTime": "", "CallHoldEndTime": "", "ExtentionTransfer": "", "TypeCall": "0", "ReasonCode": "", "ReasonName": "", "uniqueID": "1721622634.1910"} 
 </msg>
<msg timestamp="20241218 18:10:06.007" level="INFO">POST Response : url=https://lab.connect247.vn/ucrmapi-cti/cti/call-data 
 status=200, reason=OK 
 headers={'Server': 'nginx', 'Date': 'Wed, 18 Dec 2024 11:10:05 GMT', 'Content-Type': 'application/json', 'Content-Length': '54', 'Connection': 'keep-alive', 'Vary': 'Accept, origin', 'Allow': 'OPTIONS, POST, GET', 'X-Content-Type-Options': 'nosniff, nosniff', 'Referrer-Policy': 'same-origin', 'Cross-Origin-Opener-Policy': 'same-origin', 'X-Frame-Options': 'DENY', 'Sec-Fetch-Site': 'cross-site'} 
 body={"data": [], "message": "success", "status_code": 200} 
 </msg>
<msg timestamp="20241218 18:10:06.007" level="INFO">C:\Users\Bui Nguyen Minh Quan\AppData\Local\Programs\Python\Python310\lib\site-packages\urllib3\connectionpool.py:1064: InsecureRequestWarning: Unverified HTTPS request is being made to host 'lab.connect247.vn'. Adding certificate verification is strongly advised. See: https://urllib3.readthedocs.io/en/1.26.x/advanced-usage.html#ssl-warnings
  warnings.warn(</msg>
<msg timestamp="20241218 18:10:06.008" level="INFO">${response} = &lt;Response [200]&gt;</msg>
<status status="PASS" starttime="20241218 18:10:03.968" endtime="20241218 18:10:06.008"/>
</kw>
<status status="PASS" starttime="20241218 18:10:03.966" endtime="20241218 18:10:06.008"/>
</kw>
<kw name="RPACallAPI_CALL_CTI" library="Common_keyword">
<arg>${randomLinkeđI}</arg>
<arg>${randomExtention}</arg>
<arg>ANSWER</arg>
<arg>1</arg>
<arg>${randomPhone}</arg>
<arg>${username}</arg>
<kw name="Set Variable" library="BuiltIn">
<var>${PAYLOADRINGING}</var>
<arg>{"LinkedID": "${LinkedID}", "QueueID": "", "CallPhone": "${PhoneNumber}", "CallStartTime": "2024-07-22 11:30:34", "CallConnectTime": "", "CallEndTime": "", "CallStatus": "${CallStatus}", "TotalDuration": "0", "BillDuration": "0", "Username": "${username}", "Hotline": "", "ExtentionID": "${ExtentionID}", "InOutCall": "${Direction}", "CompanyUID": "17e31c2b-c738-4ddb-a406-8f6fce907353", "DepartmentUID": "", "CallHoldStartTime": "", "CallHoldEndTime": "", "ExtentionTransfer": "", "TypeCall": "0", "ReasonCode": "", "ReasonName": "", "uniqueID": "1721622634.1910"}</arg>
<doc>Returns the given values which can then be assigned to a variables.</doc>
<msg timestamp="20241218 18:10:06.009" level="INFO">${PAYLOADRINGING} = {"LinkedID": "462262", "QueueID": "", "CallPhone": "0957890123", "CallStartTime": "2024-07-22 11:30:34", "CallConnectTime": "", "CallEndTime": "", "CallStatus": "ANSWER", "TotalDuration": "0", "BillDu...</msg>
<status status="PASS" starttime="20241218 18:10:06.009" endtime="20241218 18:10:06.009"/>
</kw>
<kw name="Create Session" library="RequestsLibrary">
<arg>api_session</arg>
<arg>${API_URL_CTI}</arg>
<arg>headers=&amp;{HEADERS_CTI}</arg>
<arg>verify=False</arg>
<doc>Create Session: create a HTTP session to a server</doc>
<msg timestamp="20241218 18:10:06.010" level="INFO">Creating Session using : alias=api_session, url=https://lab.connect247.vn/ucrmapi-cti/cti/call-data, headers={'Content-Type': 'application/json', 'Authorization': 'Bearer eyJ0eXAiOiJKV1QiLCJhbGciOiJIUzI1NiJ9.eyJleHAiOjIwMzY5ODQyMTMsIlRlbmFudHMiOiJ0bnRfdGVzdGFjZmN0ZXN0OV82NDQyOTMyMiIsIklEIjoiNjY5ODg5NTIyOGM5ZGEyY2RkNjEyYTkyIiwiRW1haWwiOiJ0ZXN0YWNmYzlAeW9wbWFpbC5jb20iLCJJc19BZG1pbiI6dHJ1ZX0.mumhNV909rOtFAUFNKpOharTYWPRNo85S2Zi9QY5bJs'},                     cookies={}, auth=None, timeout=None, proxies=None, verify=False,                     debug=0 </msg>
<status status="PASS" starttime="20241218 18:10:06.010" endtime="20241218 18:10:06.010"/>
</kw>
<kw name="POST On Session" library="RequestsLibrary">
<var>${response}</var>
<arg>api_session</arg>
<arg>url=${API_URL_CTI}</arg>
<arg>data=${PAYLOADRINGING}</arg>
<doc>Sends a POST request on a previously created HTTP Session.</doc>
<msg timestamp="20241218 18:10:11.944" level="INFO">POST Request : url=https://lab.connect247.vn/ucrmapi-cti/cti/call-data 
 path_url=/ucrmapi-cti/cti/call-data 
 headers={'User-Agent': 'python-requests/2.32.3', 'Accept-Encoding': 'gzip, deflate', 'Accept': '*/*', 'Connection': 'keep-alive', 'Content-Type': 'application/json', 'Authorization': 'Bearer eyJ0eXAiOiJKV1QiLCJhbGciOiJIUzI1NiJ9.eyJleHAiOjIwMzY5ODQyMTMsIlRlbmFudHMiOiJ0bnRfdGVzdGFjZmN0ZXN0OV82NDQyOTMyMiIsIklEIjoiNjY5ODg5NTIyOGM5ZGEyY2RkNjEyYTkyIiwiRW1haWwiOiJ0ZXN0YWNmYzlAeW9wbWFpbC5jb20iLCJJc19BZG1pbiI6dHJ1ZX0.mumhNV909rOtFAUFNKpOharTYWPRNo85S2Zi9QY5bJs', 'Content-Length': '535'} 
 body={"LinkedID": "462262", "QueueID": "", "CallPhone": "0957890123", "CallStartTime": "2024-07-22 11:30:34", "CallConnectTime": "", "CallEndTime": "", "CallStatus": "ANSWER", "TotalDuration": "0", "BillDuration": "0", "Username": "user8005@email.com", "Hotline": "", "ExtentionID": "1969", "InOutCall": "1", "CompanyUID": "17e31c2b-c738-4ddb-a406-8f6fce907353", "DepartmentUID": "", "CallHoldStartTime": "", "CallHoldEndTime": "", "ExtentionTransfer": "", "TypeCall": "0", "ReasonCode": "", "ReasonName": "", "uniqueID": "1721622634.1910"} 
 </msg>
<msg timestamp="20241218 18:10:11.945" level="INFO">POST Response : url=https://lab.connect247.vn/ucrmapi-cti/cti/call-data 
 status=200, reason=OK 
 headers={'Server': 'nginx', 'Date': 'Wed, 18 Dec 2024 11:10:11 GMT', 'Content-Type': 'application/json', 'Content-Length': '54', 'Connection': 'keep-alive', 'Vary': 'Accept, origin', 'Allow': 'OPTIONS, GET, POST', 'X-Content-Type-Options': 'nosniff, nosniff', 'Referrer-Policy': 'same-origin', 'Cross-Origin-Opener-Policy': 'same-origin', 'X-Frame-Options': 'DENY', 'Sec-Fetch-Site': 'cross-site'} 
 body={"data": [], "message": "success", "status_code": 200} 
 </msg>
<msg timestamp="20241218 18:10:11.945" level="INFO">C:\Users\Bui Nguyen Minh Quan\AppData\Local\Programs\Python\Python310\lib\site-packages\urllib3\connectionpool.py:1064: InsecureRequestWarning: Unverified HTTPS request is being made to host 'lab.connect247.vn'. Adding certificate verification is strongly advised. See: https://urllib3.readthedocs.io/en/1.26.x/advanced-usage.html#ssl-warnings
  warnings.warn(</msg>
<msg timestamp="20241218 18:10:11.945" level="INFO">${response} = &lt;Response [200]&gt;</msg>
<status status="PASS" starttime="20241218 18:10:06.010" endtime="20241218 18:10:11.945"/>
</kw>
<status status="PASS" starttime="20241218 18:10:06.008" endtime="20241218 18:10:11.945"/>
</kw>
<kw name="RPACallAPI_CALL_CTI" library="Common_keyword">
<arg>${randomLinkeđI}</arg>
<arg>${randomExtention}</arg>
<arg>SUCCESS</arg>
<arg>1</arg>
<arg>${randomPhone}</arg>
<arg>${username}</arg>
<kw name="Set Variable" library="BuiltIn">
<var>${PAYLOADRINGING}</var>
<arg>{"LinkedID": "${LinkedID}", "QueueID": "", "CallPhone": "${PhoneNumber}", "CallStartTime": "2024-07-22 11:30:34", "CallConnectTime": "", "CallEndTime": "", "CallStatus": "${CallStatus}", "TotalDuration": "0", "BillDuration": "0", "Username": "${username}", "Hotline": "", "ExtentionID": "${ExtentionID}", "InOutCall": "${Direction}", "CompanyUID": "17e31c2b-c738-4ddb-a406-8f6fce907353", "DepartmentUID": "", "CallHoldStartTime": "", "CallHoldEndTime": "", "ExtentionTransfer": "", "TypeCall": "0", "ReasonCode": "", "ReasonName": "", "uniqueID": "1721622634.1910"}</arg>
<doc>Returns the given values which can then be assigned to a variables.</doc>
<msg timestamp="20241218 18:10:11.947" level="INFO">${PAYLOADRINGING} = {"LinkedID": "462262", "QueueID": "", "CallPhone": "0957890123", "CallStartTime": "2024-07-22 11:30:34", "CallConnectTime": "", "CallEndTime": "", "CallStatus": "SUCCESS", "TotalDuration": "0", "BillD...</msg>
<status status="PASS" starttime="20241218 18:10:11.946" endtime="20241218 18:10:11.947"/>
</kw>
<kw name="Create Session" library="RequestsLibrary">
<arg>api_session</arg>
<arg>${API_URL_CTI}</arg>
<arg>headers=&amp;{HEADERS_CTI}</arg>
<arg>verify=False</arg>
<doc>Create Session: create a HTTP session to a server</doc>
<msg timestamp="20241218 18:10:11.948" level="INFO">Creating Session using : alias=api_session, url=https://lab.connect247.vn/ucrmapi-cti/cti/call-data, headers={'Content-Type': 'application/json', 'Authorization': 'Bearer eyJ0eXAiOiJKV1QiLCJhbGciOiJIUzI1NiJ9.eyJleHAiOjIwMzY5ODQyMTMsIlRlbmFudHMiOiJ0bnRfdGVzdGFjZmN0ZXN0OV82NDQyOTMyMiIsIklEIjoiNjY5ODg5NTIyOGM5ZGEyY2RkNjEyYTkyIiwiRW1haWwiOiJ0ZXN0YWNmYzlAeW9wbWFpbC5jb20iLCJJc19BZG1pbiI6dHJ1ZX0.mumhNV909rOtFAUFNKpOharTYWPRNo85S2Zi9QY5bJs'},                     cookies={}, auth=None, timeout=None, proxies=None, verify=False,                     debug=0 </msg>
<status status="PASS" starttime="20241218 18:10:11.947" endtime="20241218 18:10:11.948"/>
</kw>
<kw name="POST On Session" library="RequestsLibrary">
<var>${response}</var>
<arg>api_session</arg>
<arg>url=${API_URL_CTI}</arg>
<arg>data=${PAYLOADRINGING}</arg>
<doc>Sends a POST request on a previously created HTTP Session.</doc>
<msg timestamp="20241218 18:10:15.431" level="INFO">POST Request : url=https://lab.connect247.vn/ucrmapi-cti/cti/call-data 
 path_url=/ucrmapi-cti/cti/call-data 
 headers={'User-Agent': 'python-requests/2.32.3', 'Accept-Encoding': 'gzip, deflate', 'Accept': '*/*', 'Connection': 'keep-alive', 'Content-Type': 'application/json', 'Authorization': 'Bearer eyJ0eXAiOiJKV1QiLCJhbGciOiJIUzI1NiJ9.eyJleHAiOjIwMzY5ODQyMTMsIlRlbmFudHMiOiJ0bnRfdGVzdGFjZmN0ZXN0OV82NDQyOTMyMiIsIklEIjoiNjY5ODg5NTIyOGM5ZGEyY2RkNjEyYTkyIiwiRW1haWwiOiJ0ZXN0YWNmYzlAeW9wbWFpbC5jb20iLCJJc19BZG1pbiI6dHJ1ZX0.mumhNV909rOtFAUFNKpOharTYWPRNo85S2Zi9QY5bJs', 'Content-Length': '536'} 
 body={"LinkedID": "462262", "QueueID": "", "CallPhone": "0957890123", "CallStartTime": "2024-07-22 11:30:34", "CallConnectTime": "", "CallEndTime": "", "CallStatus": "SUCCESS", "TotalDuration": "0", "BillDuration": "0", "Username": "user8005@email.com", "Hotline": "", "ExtentionID": "1969", "InOutCall": "1", "CompanyUID": "17e31c2b-c738-4ddb-a406-8f6fce907353", "DepartmentUID": "", "CallHoldStartTime": "", "CallHoldEndTime": "", "ExtentionTransfer": "", "TypeCall": "0", "ReasonCode": "", "ReasonName": "", "uniqueID": "1721622634.1910"} 
 </msg>
<msg timestamp="20241218 18:10:15.431" level="INFO">POST Response : url=https://lab.connect247.vn/ucrmapi-cti/cti/call-data 
 status=200, reason=OK 
 headers={'Server': 'nginx', 'Date': 'Wed, 18 Dec 2024 11:10:14 GMT', 'Content-Type': 'application/json', 'Content-Length': '54', 'Connection': 'keep-alive', 'Vary': 'Accept, origin', 'Allow': 'OPTIONS, POST, GET', 'X-Content-Type-Options': 'nosniff, nosniff', 'Referrer-Policy': 'same-origin', 'Cross-Origin-Opener-Policy': 'same-origin', 'X-Frame-Options': 'DENY', 'Sec-Fetch-Site': 'cross-site'} 
 body={"data": [], "message": "success", "status_code": 200} 
 </msg>
<msg timestamp="20241218 18:10:15.431" level="INFO">C:\Users\Bui Nguyen Minh Quan\AppData\Local\Programs\Python\Python310\lib\site-packages\urllib3\connectionpool.py:1064: InsecureRequestWarning: Unverified HTTPS request is being made to host 'lab.connect247.vn'. Adding certificate verification is strongly advised. See: https://urllib3.readthedocs.io/en/1.26.x/advanced-usage.html#ssl-warnings
  warnings.warn(</msg>
<msg timestamp="20241218 18:10:15.432" level="INFO">${response} = &lt;Response [200]&gt;</msg>
<status status="PASS" starttime="20241218 18:10:11.948" endtime="20241218 18:10:15.432"/>
</kw>
<status status="PASS" starttime="20241218 18:10:11.946" endtime="20241218 18:10:15.432"/>
</kw>
<status status="PASS" starttime="20241218 18:10:03.966" endtime="20241218 18:10:15.432"/>
</iter>
<iter>
<var name="${i}">1</var>
<kw name="RPACallAPI_CALL_CTI" library="Common_keyword">
<arg>${randomLinkeđI}</arg>
<arg>${randomExtention}</arg>
<arg>RINGING</arg>
<arg>1</arg>
<arg>${randomPhone}</arg>
<arg>${username}</arg>
<kw name="Set Variable" library="BuiltIn">
<var>${PAYLOADRINGING}</var>
<arg>{"LinkedID": "${LinkedID}", "QueueID": "", "CallPhone": "${PhoneNumber}", "CallStartTime": "2024-07-22 11:30:34", "CallConnectTime": "", "CallEndTime": "", "CallStatus": "${CallStatus}", "TotalDuration": "0", "BillDuration": "0", "Username": "${username}", "Hotline": "", "ExtentionID": "${ExtentionID}", "InOutCall": "${Direction}", "CompanyUID": "17e31c2b-c738-4ddb-a406-8f6fce907353", "DepartmentUID": "", "CallHoldStartTime": "", "CallHoldEndTime": "", "ExtentionTransfer": "", "TypeCall": "0", "ReasonCode": "", "ReasonName": "", "uniqueID": "1721622634.1910"}</arg>
<doc>Returns the given values which can then be assigned to a variables.</doc>
<msg timestamp="20241218 18:10:15.433" level="INFO">${PAYLOADRINGING} = {"LinkedID": "462262", "QueueID": "", "CallPhone": "0957890123", "CallStartTime": "2024-07-22 11:30:34", "CallConnectTime": "", "CallEndTime": "", "CallStatus": "RINGING", "TotalDuration": "0", "BillD...</msg>
<status status="PASS" starttime="20241218 18:10:15.433" endtime="20241218 18:10:15.434"/>
</kw>
<kw name="Create Session" library="RequestsLibrary">
<arg>api_session</arg>
<arg>${API_URL_CTI}</arg>
<arg>headers=&amp;{HEADERS_CTI}</arg>
<arg>verify=False</arg>
<doc>Create Session: create a HTTP session to a server</doc>
<msg timestamp="20241218 18:10:15.434" level="INFO">Creating Session using : alias=api_session, url=https://lab.connect247.vn/ucrmapi-cti/cti/call-data, headers={'Content-Type': 'application/json', 'Authorization': 'Bearer eyJ0eXAiOiJKV1QiLCJhbGciOiJIUzI1NiJ9.eyJleHAiOjIwMzY5ODQyMTMsIlRlbmFudHMiOiJ0bnRfdGVzdGFjZmN0ZXN0OV82NDQyOTMyMiIsIklEIjoiNjY5ODg5NTIyOGM5ZGEyY2RkNjEyYTkyIiwiRW1haWwiOiJ0ZXN0YWNmYzlAeW9wbWFpbC5jb20iLCJJc19BZG1pbiI6dHJ1ZX0.mumhNV909rOtFAUFNKpOharTYWPRNo85S2Zi9QY5bJs'},                     cookies={}, auth=None, timeout=None, proxies=None, verify=False,                     debug=0 </msg>
<status status="PASS" starttime="20241218 18:10:15.434" endtime="20241218 18:10:15.434"/>
</kw>
<kw name="POST On Session" library="RequestsLibrary">
<var>${response}</var>
<arg>api_session</arg>
<arg>url=${API_URL_CTI}</arg>
<arg>data=${PAYLOADRINGING}</arg>
<doc>Sends a POST request on a previously created HTTP Session.</doc>
<msg timestamp="20241218 18:10:17.114" level="INFO">POST Request : url=https://lab.connect247.vn/ucrmapi-cti/cti/call-data 
 path_url=/ucrmapi-cti/cti/call-data 
 headers={'User-Agent': 'python-requests/2.32.3', 'Accept-Encoding': 'gzip, deflate', 'Accept': '*/*', 'Connection': 'keep-alive', 'Content-Type': 'application/json', 'Authorization': 'Bearer eyJ0eXAiOiJKV1QiLCJhbGciOiJIUzI1NiJ9.eyJleHAiOjIwMzY5ODQyMTMsIlRlbmFudHMiOiJ0bnRfdGVzdGFjZmN0ZXN0OV82NDQyOTMyMiIsIklEIjoiNjY5ODg5NTIyOGM5ZGEyY2RkNjEyYTkyIiwiRW1haWwiOiJ0ZXN0YWNmYzlAeW9wbWFpbC5jb20iLCJJc19BZG1pbiI6dHJ1ZX0.mumhNV909rOtFAUFNKpOharTYWPRNo85S2Zi9QY5bJs', 'Content-Length': '536'} 
 body={"LinkedID": "462262", "QueueID": "", "CallPhone": "0957890123", "CallStartTime": "2024-07-22 11:30:34", "CallConnectTime": "", "CallEndTime": "", "CallStatus": "RINGING", "TotalDuration": "0", "BillDuration": "0", "Username": "user8005@email.com", "Hotline": "", "ExtentionID": "1969", "InOutCall": "1", "CompanyUID": "17e31c2b-c738-4ddb-a406-8f6fce907353", "DepartmentUID": "", "CallHoldStartTime": "", "CallHoldEndTime": "", "ExtentionTransfer": "", "TypeCall": "0", "ReasonCode": "", "ReasonName": "", "uniqueID": "1721622634.1910"} 
 </msg>
<msg timestamp="20241218 18:10:17.114" level="INFO">POST Response : url=https://lab.connect247.vn/ucrmapi-cti/cti/call-data 
 status=200, reason=OK 
 headers={'Server': 'nginx', 'Date': 'Wed, 18 Dec 2024 11:10:16 GMT', 'Content-Type': 'application/json', 'Content-Length': '54', 'Connection': 'keep-alive', 'Vary': 'Accept, origin', 'Allow': 'OPTIONS, GET, POST', 'X-Content-Type-Options': 'nosniff, nosniff', 'Referrer-Policy': 'same-origin', 'Cross-Origin-Opener-Policy': 'same-origin', 'X-Frame-Options': 'DENY', 'Sec-Fetch-Site': 'cross-site'} 
 body={"data": [], "message": "success", "status_code": 200} 
 </msg>
<msg timestamp="20241218 18:10:17.114" level="INFO">C:\Users\Bui Nguyen Minh Quan\AppData\Local\Programs\Python\Python310\lib\site-packages\urllib3\connectionpool.py:1064: InsecureRequestWarning: Unverified HTTPS request is being made to host 'lab.connect247.vn'. Adding certificate verification is strongly advised. See: https://urllib3.readthedocs.io/en/1.26.x/advanced-usage.html#ssl-warnings
  warnings.warn(</msg>
<msg timestamp="20241218 18:10:17.115" level="INFO">${response} = &lt;Response [200]&gt;</msg>
<status status="PASS" starttime="20241218 18:10:15.435" endtime="20241218 18:10:17.115"/>
</kw>
<status status="PASS" starttime="20241218 18:10:15.432" endtime="20241218 18:10:17.115"/>
</kw>
<kw name="RPACallAPI_CALL_CTI" library="Common_keyword">
<arg>${randomLinkeđI}</arg>
<arg>${randomExtention}</arg>
<arg>ANSWER</arg>
<arg>1</arg>
<arg>${randomPhone}</arg>
<arg>${username}</arg>
<kw name="Set Variable" library="BuiltIn">
<var>${PAYLOADRINGING}</var>
<arg>{"LinkedID": "${LinkedID}", "QueueID": "", "CallPhone": "${PhoneNumber}", "CallStartTime": "2024-07-22 11:30:34", "CallConnectTime": "", "CallEndTime": "", "CallStatus": "${CallStatus}", "TotalDuration": "0", "BillDuration": "0", "Username": "${username}", "Hotline": "", "ExtentionID": "${ExtentionID}", "InOutCall": "${Direction}", "CompanyUID": "17e31c2b-c738-4ddb-a406-8f6fce907353", "DepartmentUID": "", "CallHoldStartTime": "", "CallHoldEndTime": "", "ExtentionTransfer": "", "TypeCall": "0", "ReasonCode": "", "ReasonName": "", "uniqueID": "1721622634.1910"}</arg>
<doc>Returns the given values which can then be assigned to a variables.</doc>
<msg timestamp="20241218 18:10:17.116" level="INFO">${PAYLOADRINGING} = {"LinkedID": "462262", "QueueID": "", "CallPhone": "0957890123", "CallStartTime": "2024-07-22 11:30:34", "CallConnectTime": "", "CallEndTime": "", "CallStatus": "ANSWER", "TotalDuration": "0", "BillDu...</msg>
<status status="PASS" starttime="20241218 18:10:17.116" endtime="20241218 18:10:17.116"/>
</kw>
<kw name="Create Session" library="RequestsLibrary">
<arg>api_session</arg>
<arg>${API_URL_CTI}</arg>
<arg>headers=&amp;{HEADERS_CTI}</arg>
<arg>verify=False</arg>
<doc>Create Session: create a HTTP session to a server</doc>
<msg timestamp="20241218 18:10:17.117" level="INFO">Creating Session using : alias=api_session, url=https://lab.connect247.vn/ucrmapi-cti/cti/call-data, headers={'Content-Type': 'application/json', 'Authorization': 'Bearer eyJ0eXAiOiJKV1QiLCJhbGciOiJIUzI1NiJ9.eyJleHAiOjIwMzY5ODQyMTMsIlRlbmFudHMiOiJ0bnRfdGVzdGFjZmN0ZXN0OV82NDQyOTMyMiIsIklEIjoiNjY5ODg5NTIyOGM5ZGEyY2RkNjEyYTkyIiwiRW1haWwiOiJ0ZXN0YWNmYzlAeW9wbWFpbC5jb20iLCJJc19BZG1pbiI6dHJ1ZX0.mumhNV909rOtFAUFNKpOharTYWPRNo85S2Zi9QY5bJs'},                     cookies={}, auth=None, timeout=None, proxies=None, verify=False,                     debug=0 </msg>
<status status="PASS" starttime="20241218 18:10:17.117" endtime="20241218 18:10:17.117"/>
</kw>
<kw name="POST On Session" library="RequestsLibrary">
<var>${response}</var>
<arg>api_session</arg>
<arg>url=${API_URL_CTI}</arg>
<arg>data=${PAYLOADRINGING}</arg>
<doc>Sends a POST request on a previously created HTTP Session.</doc>
<msg timestamp="20241218 18:10:17.233" level="INFO">POST Request : url=https://lab.connect247.vn/ucrmapi-cti/cti/call-data 
 path_url=/ucrmapi-cti/cti/call-data 
 headers={'User-Agent': 'python-requests/2.32.3', 'Accept-Encoding': 'gzip, deflate', 'Accept': '*/*', 'Connection': 'keep-alive', 'Content-Type': 'application/json', 'Authorization': 'Bearer eyJ0eXAiOiJKV1QiLCJhbGciOiJIUzI1NiJ9.eyJleHAiOjIwMzY5ODQyMTMsIlRlbmFudHMiOiJ0bnRfdGVzdGFjZmN0ZXN0OV82NDQyOTMyMiIsIklEIjoiNjY5ODg5NTIyOGM5ZGEyY2RkNjEyYTkyIiwiRW1haWwiOiJ0ZXN0YWNmYzlAeW9wbWFpbC5jb20iLCJJc19BZG1pbiI6dHJ1ZX0.mumhNV909rOtFAUFNKpOharTYWPRNo85S2Zi9QY5bJs', 'Content-Length': '535'} 
 body={"LinkedID": "462262", "QueueID": "", "CallPhone": "0957890123", "CallStartTime": "2024-07-22 11:30:34", "CallConnectTime": "", "CallEndTime": "", "CallStatus": "ANSWER", "TotalDuration": "0", "BillDuration": "0", "Username": "user8005@email.com", "Hotline": "", "ExtentionID": "1969", "InOutCall": "1", "CompanyUID": "17e31c2b-c738-4ddb-a406-8f6fce907353", "DepartmentUID": "", "CallHoldStartTime": "", "CallHoldEndTime": "", "ExtentionTransfer": "", "TypeCall": "0", "ReasonCode": "", "ReasonName": "", "uniqueID": "1721622634.1910"} 
 </msg>
<msg timestamp="20241218 18:10:17.233" level="INFO">POST Response : url=https://lab.connect247.vn/ucrmapi-cti/cti/call-data 
 status=200, reason=OK 
 headers={'Server': 'nginx', 'Date': 'Wed, 18 Dec 2024 11:10:16 GMT', 'Content-Type': 'application/json', 'Content-Length': '54', 'Connection': 'keep-alive', 'Vary': 'Accept, origin', 'Allow': 'OPTIONS, POST, GET', 'X-Content-Type-Options': 'nosniff, nosniff', 'Referrer-Policy': 'same-origin', 'Cross-Origin-Opener-Policy': 'same-origin', 'X-Frame-Options': 'DENY', 'Sec-Fetch-Site': 'cross-site'} 
 body={"data": [], "message": "success", "status_code": 200} 
 </msg>
<msg timestamp="20241218 18:10:17.233" level="INFO">C:\Users\Bui Nguyen Minh Quan\AppData\Local\Programs\Python\Python310\lib\site-packages\urllib3\connectionpool.py:1064: InsecureRequestWarning: Unverified HTTPS request is being made to host 'lab.connect247.vn'. Adding certificate verification is strongly advised. See: https://urllib3.readthedocs.io/en/1.26.x/advanced-usage.html#ssl-warnings
  warnings.warn(</msg>
<msg timestamp="20241218 18:10:17.233" level="INFO">${response} = &lt;Response [200]&gt;</msg>
<status status="PASS" starttime="20241218 18:10:17.117" endtime="20241218 18:10:17.233"/>
</kw>
<status status="PASS" starttime="20241218 18:10:17.115" endtime="20241218 18:10:17.233"/>
</kw>
<kw name="RPACallAPI_CALL_CTI" library="Common_keyword">
<arg>${randomLinkeđI}</arg>
<arg>${randomExtention}</arg>
<arg>SUCCESS</arg>
<arg>1</arg>
<arg>${randomPhone}</arg>
<arg>${username}</arg>
<kw name="Set Variable" library="BuiltIn">
<var>${PAYLOADRINGING}</var>
<arg>{"LinkedID": "${LinkedID}", "QueueID": "", "CallPhone": "${PhoneNumber}", "CallStartTime": "2024-07-22 11:30:34", "CallConnectTime": "", "CallEndTime": "", "CallStatus": "${CallStatus}", "TotalDuration": "0", "BillDuration": "0", "Username": "${username}", "Hotline": "", "ExtentionID": "${ExtentionID}", "InOutCall": "${Direction}", "CompanyUID": "17e31c2b-c738-4ddb-a406-8f6fce907353", "DepartmentUID": "", "CallHoldStartTime": "", "CallHoldEndTime": "", "ExtentionTransfer": "", "TypeCall": "0", "ReasonCode": "", "ReasonName": "", "uniqueID": "1721622634.1910"}</arg>
<doc>Returns the given values which can then be assigned to a variables.</doc>
<msg timestamp="20241218 18:10:17.235" level="INFO">${PAYLOADRINGING} = {"LinkedID": "462262", "QueueID": "", "CallPhone": "0957890123", "CallStartTime": "2024-07-22 11:30:34", "CallConnectTime": "", "CallEndTime": "", "CallStatus": "SUCCESS", "TotalDuration": "0", "BillD...</msg>
<status status="PASS" starttime="20241218 18:10:17.234" endtime="20241218 18:10:17.235"/>
</kw>
<kw name="Create Session" library="RequestsLibrary">
<arg>api_session</arg>
<arg>${API_URL_CTI}</arg>
<arg>headers=&amp;{HEADERS_CTI}</arg>
<arg>verify=False</arg>
<doc>Create Session: create a HTTP session to a server</doc>
<msg timestamp="20241218 18:10:17.236" level="INFO">Creating Session using : alias=api_session, url=https://lab.connect247.vn/ucrmapi-cti/cti/call-data, headers={'Content-Type': 'application/json', 'Authorization': 'Bearer eyJ0eXAiOiJKV1QiLCJhbGciOiJIUzI1NiJ9.eyJleHAiOjIwMzY5ODQyMTMsIlRlbmFudHMiOiJ0bnRfdGVzdGFjZmN0ZXN0OV82NDQyOTMyMiIsIklEIjoiNjY5ODg5NTIyOGM5ZGEyY2RkNjEyYTkyIiwiRW1haWwiOiJ0ZXN0YWNmYzlAeW9wbWFpbC5jb20iLCJJc19BZG1pbiI6dHJ1ZX0.mumhNV909rOtFAUFNKpOharTYWPRNo85S2Zi9QY5bJs'},                     cookies={}, auth=None, timeout=None, proxies=None, verify=False,                     debug=0 </msg>
<status status="PASS" starttime="20241218 18:10:17.235" endtime="20241218 18:10:17.236"/>
</kw>
<kw name="POST On Session" library="RequestsLibrary">
<var>${response}</var>
<arg>api_session</arg>
<arg>url=${API_URL_CTI}</arg>
<arg>data=${PAYLOADRINGING}</arg>
<doc>Sends a POST request on a previously created HTTP Session.</doc>
<msg timestamp="20241218 18:10:21.774" level="INFO">POST Request : url=https://lab.connect247.vn/ucrmapi-cti/cti/call-data 
 path_url=/ucrmapi-cti/cti/call-data 
 headers={'User-Agent': 'python-requests/2.32.3', 'Accept-Encoding': 'gzip, deflate', 'Accept': '*/*', 'Connection': 'keep-alive', 'Content-Type': 'application/json', 'Authorization': 'Bearer eyJ0eXAiOiJKV1QiLCJhbGciOiJIUzI1NiJ9.eyJleHAiOjIwMzY5ODQyMTMsIlRlbmFudHMiOiJ0bnRfdGVzdGFjZmN0ZXN0OV82NDQyOTMyMiIsIklEIjoiNjY5ODg5NTIyOGM5ZGEyY2RkNjEyYTkyIiwiRW1haWwiOiJ0ZXN0YWNmYzlAeW9wbWFpbC5jb20iLCJJc19BZG1pbiI6dHJ1ZX0.mumhNV909rOtFAUFNKpOharTYWPRNo85S2Zi9QY5bJs', 'Content-Length': '536'} 
 body={"LinkedID": "462262", "QueueID": "", "CallPhone": "0957890123", "CallStartTime": "2024-07-22 11:30:34", "CallConnectTime": "", "CallEndTime": "", "CallStatus": "SUCCESS", "TotalDuration": "0", "BillDuration": "0", "Username": "user8005@email.com", "Hotline": "", "ExtentionID": "1969", "InOutCall": "1", "CompanyUID": "17e31c2b-c738-4ddb-a406-8f6fce907353", "DepartmentUID": "", "CallHoldStartTime": "", "CallHoldEndTime": "", "ExtentionTransfer": "", "TypeCall": "0", "ReasonCode": "", "ReasonName": "", "uniqueID": "1721622634.1910"} 
 </msg>
<msg timestamp="20241218 18:10:21.774" level="INFO">POST Response : url=https://lab.connect247.vn/ucrmapi-cti/cti/call-data 
 status=200, reason=OK 
 headers={'Server': 'nginx', 'Date': 'Wed, 18 Dec 2024 11:10:21 GMT', 'Content-Type': 'application/json', 'Content-Length': '54', 'Connection': 'keep-alive', 'Vary': 'Accept, origin', 'Allow': 'OPTIONS, GET, POST', 'X-Content-Type-Options': 'nosniff, nosniff', 'Referrer-Policy': 'same-origin', 'Cross-Origin-Opener-Policy': 'same-origin', 'X-Frame-Options': 'DENY', 'Sec-Fetch-Site': 'cross-site'} 
 body={"data": [], "message": "success", "status_code": 200} 
 </msg>
<msg timestamp="20241218 18:10:21.774" level="INFO">C:\Users\Bui Nguyen Minh Quan\AppData\Local\Programs\Python\Python310\lib\site-packages\urllib3\connectionpool.py:1064: InsecureRequestWarning: Unverified HTTPS request is being made to host 'lab.connect247.vn'. Adding certificate verification is strongly advised. See: https://urllib3.readthedocs.io/en/1.26.x/advanced-usage.html#ssl-warnings
  warnings.warn(</msg>
<msg timestamp="20241218 18:10:21.774" level="INFO">${response} = &lt;Response [200]&gt;</msg>
<status status="PASS" starttime="20241218 18:10:17.236" endtime="20241218 18:10:21.774"/>
</kw>
<status status="PASS" starttime="20241218 18:10:17.233" endtime="20241218 18:10:21.774"/>
</kw>
<status status="PASS" starttime="20241218 18:10:15.432" endtime="20241218 18:10:21.775"/>
</iter>
<iter>
<var name="${i}">2</var>
<kw name="RPACallAPI_CALL_CTI" library="Common_keyword">
<arg>${randomLinkeđI}</arg>
<arg>${randomExtention}</arg>
<arg>RINGING</arg>
<arg>1</arg>
<arg>${randomPhone}</arg>
<arg>${username}</arg>
<kw name="Set Variable" library="BuiltIn">
<var>${PAYLOADRINGING}</var>
<arg>{"LinkedID": "${LinkedID}", "QueueID": "", "CallPhone": "${PhoneNumber}", "CallStartTime": "2024-07-22 11:30:34", "CallConnectTime": "", "CallEndTime": "", "CallStatus": "${CallStatus}", "TotalDuration": "0", "BillDuration": "0", "Username": "${username}", "Hotline": "", "ExtentionID": "${ExtentionID}", "InOutCall": "${Direction}", "CompanyUID": "17e31c2b-c738-4ddb-a406-8f6fce907353", "DepartmentUID": "", "CallHoldStartTime": "", "CallHoldEndTime": "", "ExtentionTransfer": "", "TypeCall": "0", "ReasonCode": "", "ReasonName": "", "uniqueID": "1721622634.1910"}</arg>
<doc>Returns the given values which can then be assigned to a variables.</doc>
<msg timestamp="20241218 18:10:21.776" level="INFO">${PAYLOADRINGING} = {"LinkedID": "462262", "QueueID": "", "CallPhone": "0957890123", "CallStartTime": "2024-07-22 11:30:34", "CallConnectTime": "", "CallEndTime": "", "CallStatus": "RINGING", "TotalDuration": "0", "BillD...</msg>
<status status="PASS" starttime="20241218 18:10:21.776" endtime="20241218 18:10:21.776"/>
</kw>
<kw name="Create Session" library="RequestsLibrary">
<arg>api_session</arg>
<arg>${API_URL_CTI}</arg>
<arg>headers=&amp;{HEADERS_CTI}</arg>
<arg>verify=False</arg>
<doc>Create Session: create a HTTP session to a server</doc>
<msg timestamp="20241218 18:10:21.777" level="INFO">Creating Session using : alias=api_session, url=https://lab.connect247.vn/ucrmapi-cti/cti/call-data, headers={'Content-Type': 'application/json', 'Authorization': 'Bearer eyJ0eXAiOiJKV1QiLCJhbGciOiJIUzI1NiJ9.eyJleHAiOjIwMzY5ODQyMTMsIlRlbmFudHMiOiJ0bnRfdGVzdGFjZmN0ZXN0OV82NDQyOTMyMiIsIklEIjoiNjY5ODg5NTIyOGM5ZGEyY2RkNjEyYTkyIiwiRW1haWwiOiJ0ZXN0YWNmYzlAeW9wbWFpbC5jb20iLCJJc19BZG1pbiI6dHJ1ZX0.mumhNV909rOtFAUFNKpOharTYWPRNo85S2Zi9QY5bJs'},                     cookies={}, auth=None, timeout=None, proxies=None, verify=False,                     debug=0 </msg>
<status status="PASS" starttime="20241218 18:10:21.776" endtime="20241218 18:10:21.777"/>
</kw>
<kw name="POST On Session" library="RequestsLibrary">
<var>${response}</var>
<arg>api_session</arg>
<arg>url=${API_URL_CTI}</arg>
<arg>data=${PAYLOADRINGING}</arg>
<doc>Sends a POST request on a previously created HTTP Session.</doc>
<msg timestamp="20241218 18:10:22.086" level="INFO">POST Request : url=https://lab.connect247.vn/ucrmapi-cti/cti/call-data 
 path_url=/ucrmapi-cti/cti/call-data 
 headers={'User-Agent': 'python-requests/2.32.3', 'Accept-Encoding': 'gzip, deflate', 'Accept': '*/*', 'Connection': 'keep-alive', 'Content-Type': 'application/json', 'Authorization': 'Bearer eyJ0eXAiOiJKV1QiLCJhbGciOiJIUzI1NiJ9.eyJleHAiOjIwMzY5ODQyMTMsIlRlbmFudHMiOiJ0bnRfdGVzdGFjZmN0ZXN0OV82NDQyOTMyMiIsIklEIjoiNjY5ODg5NTIyOGM5ZGEyY2RkNjEyYTkyIiwiRW1haWwiOiJ0ZXN0YWNmYzlAeW9wbWFpbC5jb20iLCJJc19BZG1pbiI6dHJ1ZX0.mumhNV909rOtFAUFNKpOharTYWPRNo85S2Zi9QY5bJs', 'Content-Length': '536'} 
 body={"LinkedID": "462262", "QueueID": "", "CallPhone": "0957890123", "CallStartTime": "2024-07-22 11:30:34", "CallConnectTime": "", "CallEndTime": "", "CallStatus": "RINGING", "TotalDuration": "0", "BillDuration": "0", "Username": "user8005@email.com", "Hotline": "", "ExtentionID": "1969", "InOutCall": "1", "CompanyUID": "17e31c2b-c738-4ddb-a406-8f6fce907353", "DepartmentUID": "", "CallHoldStartTime": "", "CallHoldEndTime": "", "ExtentionTransfer": "", "TypeCall": "0", "ReasonCode": "", "ReasonName": "", "uniqueID": "1721622634.1910"} 
 </msg>
<msg timestamp="20241218 18:10:22.087" level="INFO">POST Response : url=https://lab.connect247.vn/ucrmapi-cti/cti/call-data 
 status=200, reason=OK 
 headers={'Server': 'nginx', 'Date': 'Wed, 18 Dec 2024 11:10:21 GMT', 'Content-Type': 'application/json', 'Content-Length': '54', 'Connection': 'keep-alive', 'Vary': 'Accept, origin', 'Allow': 'OPTIONS, POST, GET', 'X-Content-Type-Options': 'nosniff, nosniff', 'Referrer-Policy': 'same-origin', 'Cross-Origin-Opener-Policy': 'same-origin', 'X-Frame-Options': 'DENY', 'Sec-Fetch-Site': 'cross-site'} 
 body={"data": [], "message": "success", "status_code": 200} 
 </msg>
<msg timestamp="20241218 18:10:22.087" level="INFO">C:\Users\Bui Nguyen Minh Quan\AppData\Local\Programs\Python\Python310\lib\site-packages\urllib3\connectionpool.py:1064: InsecureRequestWarning: Unverified HTTPS request is being made to host 'lab.connect247.vn'. Adding certificate verification is strongly advised. See: https://urllib3.readthedocs.io/en/1.26.x/advanced-usage.html#ssl-warnings
  warnings.warn(</msg>
<msg timestamp="20241218 18:10:22.087" level="INFO">${response} = &lt;Response [200]&gt;</msg>
<status status="PASS" starttime="20241218 18:10:21.777" endtime="20241218 18:10:22.087"/>
</kw>
<status status="PASS" starttime="20241218 18:10:21.775" endtime="20241218 18:10:22.087"/>
</kw>
<kw name="RPACallAPI_CALL_CTI" library="Common_keyword">
<arg>${randomLinkeđI}</arg>
<arg>${randomExtention}</arg>
<arg>ANSWER</arg>
<arg>1</arg>
<arg>${randomPhone}</arg>
<arg>${username}</arg>
<kw name="Set Variable" library="BuiltIn">
<var>${PAYLOADRINGING}</var>
<arg>{"LinkedID": "${LinkedID}", "QueueID": "", "CallPhone": "${PhoneNumber}", "CallStartTime": "2024-07-22 11:30:34", "CallConnectTime": "", "CallEndTime": "", "CallStatus": "${CallStatus}", "TotalDuration": "0", "BillDuration": "0", "Username": "${username}", "Hotline": "", "ExtentionID": "${ExtentionID}", "InOutCall": "${Direction}", "CompanyUID": "17e31c2b-c738-4ddb-a406-8f6fce907353", "DepartmentUID": "", "CallHoldStartTime": "", "CallHoldEndTime": "", "ExtentionTransfer": "", "TypeCall": "0", "ReasonCode": "", "ReasonName": "", "uniqueID": "1721622634.1910"}</arg>
<doc>Returns the given values which can then be assigned to a variables.</doc>
<msg timestamp="20241218 18:10:22.089" level="INFO">${PAYLOADRINGING} = {"LinkedID": "462262", "QueueID": "", "CallPhone": "0957890123", "CallStartTime": "2024-07-22 11:30:34", "CallConnectTime": "", "CallEndTime": "", "CallStatus": "ANSWER", "TotalDuration": "0", "BillDu...</msg>
<status status="PASS" starttime="20241218 18:10:22.088" endtime="20241218 18:10:22.089"/>
</kw>
<kw name="Create Session" library="RequestsLibrary">
<arg>api_session</arg>
<arg>${API_URL_CTI}</arg>
<arg>headers=&amp;{HEADERS_CTI}</arg>
<arg>verify=False</arg>
<doc>Create Session: create a HTTP session to a server</doc>
<msg timestamp="20241218 18:10:22.089" level="INFO">Creating Session using : alias=api_session, url=https://lab.connect247.vn/ucrmapi-cti/cti/call-data, headers={'Content-Type': 'application/json', 'Authorization': 'Bearer eyJ0eXAiOiJKV1QiLCJhbGciOiJIUzI1NiJ9.eyJleHAiOjIwMzY5ODQyMTMsIlRlbmFudHMiOiJ0bnRfdGVzdGFjZmN0ZXN0OV82NDQyOTMyMiIsIklEIjoiNjY5ODg5NTIyOGM5ZGEyY2RkNjEyYTkyIiwiRW1haWwiOiJ0ZXN0YWNmYzlAeW9wbWFpbC5jb20iLCJJc19BZG1pbiI6dHJ1ZX0.mumhNV909rOtFAUFNKpOharTYWPRNo85S2Zi9QY5bJs'},                     cookies={}, auth=None, timeout=None, proxies=None, verify=False,                     debug=0 </msg>
<status status="PASS" starttime="20241218 18:10:22.089" endtime="20241218 18:10:22.090"/>
</kw>
<kw name="POST On Session" library="RequestsLibrary">
<var>${response}</var>
<arg>api_session</arg>
<arg>url=${API_URL_CTI}</arg>
<arg>data=${PAYLOADRINGING}</arg>
<doc>Sends a POST request on a previously created HTTP Session.</doc>
<msg timestamp="20241218 18:10:22.206" level="INFO">POST Request : url=https://lab.connect247.vn/ucrmapi-cti/cti/call-data 
 path_url=/ucrmapi-cti/cti/call-data 
 headers={'User-Agent': 'python-requests/2.32.3', 'Accept-Encoding': 'gzip, deflate', 'Accept': '*/*', 'Connection': 'keep-alive', 'Content-Type': 'application/json', 'Authorization': 'Bearer eyJ0eXAiOiJKV1QiLCJhbGciOiJIUzI1NiJ9.eyJleHAiOjIwMzY5ODQyMTMsIlRlbmFudHMiOiJ0bnRfdGVzdGFjZmN0ZXN0OV82NDQyOTMyMiIsIklEIjoiNjY5ODg5NTIyOGM5ZGEyY2RkNjEyYTkyIiwiRW1haWwiOiJ0ZXN0YWNmYzlAeW9wbWFpbC5jb20iLCJJc19BZG1pbiI6dHJ1ZX0.mumhNV909rOtFAUFNKpOharTYWPRNo85S2Zi9QY5bJs', 'Content-Length': '535'} 
 body={"LinkedID": "462262", "QueueID": "", "CallPhone": "0957890123", "CallStartTime": "2024-07-22 11:30:34", "CallConnectTime": "", "CallEndTime": "", "CallStatus": "ANSWER", "TotalDuration": "0", "BillDuration": "0", "Username": "user8005@email.com", "Hotline": "", "ExtentionID": "1969", "InOutCall": "1", "CompanyUID": "17e31c2b-c738-4ddb-a406-8f6fce907353", "DepartmentUID": "", "CallHoldStartTime": "", "CallHoldEndTime": "", "ExtentionTransfer": "", "TypeCall": "0", "ReasonCode": "", "ReasonName": "", "uniqueID": "1721622634.1910"} 
 </msg>
<msg timestamp="20241218 18:10:22.206" level="INFO">POST Response : url=https://lab.connect247.vn/ucrmapi-cti/cti/call-data 
 status=200, reason=OK 
 headers={'Server': 'nginx', 'Date': 'Wed, 18 Dec 2024 11:10:21 GMT', 'Content-Type': 'application/json', 'Content-Length': '54', 'Connection': 'keep-alive', 'Vary': 'Accept, origin', 'Allow': 'OPTIONS, GET, POST', 'X-Content-Type-Options': 'nosniff, nosniff', 'Referrer-Policy': 'same-origin', 'Cross-Origin-Opener-Policy': 'same-origin', 'X-Frame-Options': 'DENY', 'Sec-Fetch-Site': 'cross-site'} 
 body={"data": [], "message": "success", "status_code": 200} 
 </msg>
<msg timestamp="20241218 18:10:22.206" level="INFO">C:\Users\Bui Nguyen Minh Quan\AppData\Local\Programs\Python\Python310\lib\site-packages\urllib3\connectionpool.py:1064: InsecureRequestWarning: Unverified HTTPS request is being made to host 'lab.connect247.vn'. Adding certificate verification is strongly advised. See: https://urllib3.readthedocs.io/en/1.26.x/advanced-usage.html#ssl-warnings
  warnings.warn(</msg>
<msg timestamp="20241218 18:10:22.206" level="INFO">${response} = &lt;Response [200]&gt;</msg>
<status status="PASS" starttime="20241218 18:10:22.090" endtime="20241218 18:10:22.206"/>
</kw>
<status status="PASS" starttime="20241218 18:10:22.087" endtime="20241218 18:10:22.206"/>
</kw>
<kw name="RPACallAPI_CALL_CTI" library="Common_keyword">
<arg>${randomLinkeđI}</arg>
<arg>${randomExtention}</arg>
<arg>SUCCESS</arg>
<arg>1</arg>
<arg>${randomPhone}</arg>
<arg>${username}</arg>
<kw name="Set Variable" library="BuiltIn">
<var>${PAYLOADRINGING}</var>
<arg>{"LinkedID": "${LinkedID}", "QueueID": "", "CallPhone": "${PhoneNumber}", "CallStartTime": "2024-07-22 11:30:34", "CallConnectTime": "", "CallEndTime": "", "CallStatus": "${CallStatus}", "TotalDuration": "0", "BillDuration": "0", "Username": "${username}", "Hotline": "", "ExtentionID": "${ExtentionID}", "InOutCall": "${Direction}", "CompanyUID": "17e31c2b-c738-4ddb-a406-8f6fce907353", "DepartmentUID": "", "CallHoldStartTime": "", "CallHoldEndTime": "", "ExtentionTransfer": "", "TypeCall": "0", "ReasonCode": "", "ReasonName": "", "uniqueID": "1721622634.1910"}</arg>
<doc>Returns the given values which can then be assigned to a variables.</doc>
<msg timestamp="20241218 18:10:22.208" level="INFO">${PAYLOADRINGING} = {"LinkedID": "462262", "QueueID": "", "CallPhone": "0957890123", "CallStartTime": "2024-07-22 11:30:34", "CallConnectTime": "", "CallEndTime": "", "CallStatus": "SUCCESS", "TotalDuration": "0", "BillD...</msg>
<status status="PASS" starttime="20241218 18:10:22.207" endtime="20241218 18:10:22.208"/>
</kw>
<kw name="Create Session" library="RequestsLibrary">
<arg>api_session</arg>
<arg>${API_URL_CTI}</arg>
<arg>headers=&amp;{HEADERS_CTI}</arg>
<arg>verify=False</arg>
<doc>Create Session: create a HTTP session to a server</doc>
<msg timestamp="20241218 18:10:22.209" level="INFO">Creating Session using : alias=api_session, url=https://lab.connect247.vn/ucrmapi-cti/cti/call-data, headers={'Content-Type': 'application/json', 'Authorization': 'Bearer eyJ0eXAiOiJKV1QiLCJhbGciOiJIUzI1NiJ9.eyJleHAiOjIwMzY5ODQyMTMsIlRlbmFudHMiOiJ0bnRfdGVzdGFjZmN0ZXN0OV82NDQyOTMyMiIsIklEIjoiNjY5ODg5NTIyOGM5ZGEyY2RkNjEyYTkyIiwiRW1haWwiOiJ0ZXN0YWNmYzlAeW9wbWFpbC5jb20iLCJJc19BZG1pbiI6dHJ1ZX0.mumhNV909rOtFAUFNKpOharTYWPRNo85S2Zi9QY5bJs'},                     cookies={}, auth=None, timeout=None, proxies=None, verify=False,                     debug=0 </msg>
<status status="PASS" starttime="20241218 18:10:22.208" endtime="20241218 18:10:22.209"/>
</kw>
<kw name="POST On Session" library="RequestsLibrary">
<var>${response}</var>
<arg>api_session</arg>
<arg>url=${API_URL_CTI}</arg>
<arg>data=${PAYLOADRINGING}</arg>
<doc>Sends a POST request on a previously created HTTP Session.</doc>
<msg timestamp="20241218 18:10:22.597" level="INFO">POST Request : url=https://lab.connect247.vn/ucrmapi-cti/cti/call-data 
 path_url=/ucrmapi-cti/cti/call-data 
 headers={'User-Agent': 'python-requests/2.32.3', 'Accept-Encoding': 'gzip, deflate', 'Accept': '*/*', 'Connection': 'keep-alive', 'Content-Type': 'application/json', 'Authorization': 'Bearer eyJ0eXAiOiJKV1QiLCJhbGciOiJIUzI1NiJ9.eyJleHAiOjIwMzY5ODQyMTMsIlRlbmFudHMiOiJ0bnRfdGVzdGFjZmN0ZXN0OV82NDQyOTMyMiIsIklEIjoiNjY5ODg5NTIyOGM5ZGEyY2RkNjEyYTkyIiwiRW1haWwiOiJ0ZXN0YWNmYzlAeW9wbWFpbC5jb20iLCJJc19BZG1pbiI6dHJ1ZX0.mumhNV909rOtFAUFNKpOharTYWPRNo85S2Zi9QY5bJs', 'Content-Length': '536'} 
 body={"LinkedID": "462262", "QueueID": "", "CallPhone": "0957890123", "CallStartTime": "2024-07-22 11:30:34", "CallConnectTime": "", "CallEndTime": "", "CallStatus": "SUCCESS", "TotalDuration": "0", "BillDuration": "0", "Username": "user8005@email.com", "Hotline": "", "ExtentionID": "1969", "InOutCall": "1", "CompanyUID": "17e31c2b-c738-4ddb-a406-8f6fce907353", "DepartmentUID": "", "CallHoldStartTime": "", "CallHoldEndTime": "", "ExtentionTransfer": "", "TypeCall": "0", "ReasonCode": "", "ReasonName": "", "uniqueID": "1721622634.1910"} 
 </msg>
<msg timestamp="20241218 18:10:22.598" level="INFO">POST Response : url=https://lab.connect247.vn/ucrmapi-cti/cti/call-data 
 status=200, reason=OK 
 headers={'Server': 'nginx', 'Date': 'Wed, 18 Dec 2024 11:10:21 GMT', 'Content-Type': 'application/json', 'Content-Length': '54', 'Connection': 'keep-alive', 'Vary': 'Accept, origin', 'Allow': 'OPTIONS, POST, GET', 'X-Content-Type-Options': 'nosniff, nosniff', 'Referrer-Policy': 'same-origin', 'Cross-Origin-Opener-Policy': 'same-origin', 'X-Frame-Options': 'DENY', 'Sec-Fetch-Site': 'cross-site'} 
 body={"data": [], "message": "success", "status_code": 200} 
 </msg>
<msg timestamp="20241218 18:10:22.598" level="INFO">C:\Users\Bui Nguyen Minh Quan\AppData\Local\Programs\Python\Python310\lib\site-packages\urllib3\connectionpool.py:1064: InsecureRequestWarning: Unverified HTTPS request is being made to host 'lab.connect247.vn'. Adding certificate verification is strongly advised. See: https://urllib3.readthedocs.io/en/1.26.x/advanced-usage.html#ssl-warnings
  warnings.warn(</msg>
<msg timestamp="20241218 18:10:22.598" level="INFO">${response} = &lt;Response [200]&gt;</msg>
<status status="PASS" starttime="20241218 18:10:22.209" endtime="20241218 18:10:22.598"/>
</kw>
<status status="PASS" starttime="20241218 18:10:22.207" endtime="20241218 18:10:22.598"/>
</kw>
<status status="PASS" starttime="20241218 18:10:21.775" endtime="20241218 18:10:22.598"/>
</iter>
<iter>
<var name="${i}">3</var>
<kw name="RPACallAPI_CALL_CTI" library="Common_keyword">
<arg>${randomLinkeđI}</arg>
<arg>${randomExtention}</arg>
<arg>RINGING</arg>
<arg>1</arg>
<arg>${randomPhone}</arg>
<arg>${username}</arg>
<kw name="Set Variable" library="BuiltIn">
<var>${PAYLOADRINGING}</var>
<arg>{"LinkedID": "${LinkedID}", "QueueID": "", "CallPhone": "${PhoneNumber}", "CallStartTime": "2024-07-22 11:30:34", "CallConnectTime": "", "CallEndTime": "", "CallStatus": "${CallStatus}", "TotalDuration": "0", "BillDuration": "0", "Username": "${username}", "Hotline": "", "ExtentionID": "${ExtentionID}", "InOutCall": "${Direction}", "CompanyUID": "17e31c2b-c738-4ddb-a406-8f6fce907353", "DepartmentUID": "", "CallHoldStartTime": "", "CallHoldEndTime": "", "ExtentionTransfer": "", "TypeCall": "0", "ReasonCode": "", "ReasonName": "", "uniqueID": "1721622634.1910"}</arg>
<doc>Returns the given values which can then be assigned to a variables.</doc>
<msg timestamp="20241218 18:10:22.600" level="INFO">${PAYLOADRINGING} = {"LinkedID": "462262", "QueueID": "", "CallPhone": "0957890123", "CallStartTime": "2024-07-22 11:30:34", "CallConnectTime": "", "CallEndTime": "", "CallStatus": "RINGING", "TotalDuration": "0", "BillD...</msg>
<status status="PASS" starttime="20241218 18:10:22.599" endtime="20241218 18:10:22.600"/>
</kw>
<kw name="Create Session" library="RequestsLibrary">
<arg>api_session</arg>
<arg>${API_URL_CTI}</arg>
<arg>headers=&amp;{HEADERS_CTI}</arg>
<arg>verify=False</arg>
<doc>Create Session: create a HTTP session to a server</doc>
<msg timestamp="20241218 18:10:22.601" level="INFO">Creating Session using : alias=api_session, url=https://lab.connect247.vn/ucrmapi-cti/cti/call-data, headers={'Content-Type': 'application/json', 'Authorization': 'Bearer eyJ0eXAiOiJKV1QiLCJhbGciOiJIUzI1NiJ9.eyJleHAiOjIwMzY5ODQyMTMsIlRlbmFudHMiOiJ0bnRfdGVzdGFjZmN0ZXN0OV82NDQyOTMyMiIsIklEIjoiNjY5ODg5NTIyOGM5ZGEyY2RkNjEyYTkyIiwiRW1haWwiOiJ0ZXN0YWNmYzlAeW9wbWFpbC5jb20iLCJJc19BZG1pbiI6dHJ1ZX0.mumhNV909rOtFAUFNKpOharTYWPRNo85S2Zi9QY5bJs'},                     cookies={}, auth=None, timeout=None, proxies=None, verify=False,                     debug=0 </msg>
<status status="PASS" starttime="20241218 18:10:22.600" endtime="20241218 18:10:22.601"/>
</kw>
<kw name="POST On Session" library="RequestsLibrary">
<var>${response}</var>
<arg>api_session</arg>
<arg>url=${API_URL_CTI}</arg>
<arg>data=${PAYLOADRINGING}</arg>
<doc>Sends a POST request on a previously created HTTP Session.</doc>
<msg timestamp="20241218 18:10:23.486" level="INFO">POST Request : url=https://lab.connect247.vn/ucrmapi-cti/cti/call-data 
 path_url=/ucrmapi-cti/cti/call-data 
 headers={'User-Agent': 'python-requests/2.32.3', 'Accept-Encoding': 'gzip, deflate', 'Accept': '*/*', 'Connection': 'keep-alive', 'Content-Type': 'application/json', 'Authorization': 'Bearer eyJ0eXAiOiJKV1QiLCJhbGciOiJIUzI1NiJ9.eyJleHAiOjIwMzY5ODQyMTMsIlRlbmFudHMiOiJ0bnRfdGVzdGFjZmN0ZXN0OV82NDQyOTMyMiIsIklEIjoiNjY5ODg5NTIyOGM5ZGEyY2RkNjEyYTkyIiwiRW1haWwiOiJ0ZXN0YWNmYzlAeW9wbWFpbC5jb20iLCJJc19BZG1pbiI6dHJ1ZX0.mumhNV909rOtFAUFNKpOharTYWPRNo85S2Zi9QY5bJs', 'Content-Length': '536'} 
 body={"LinkedID": "462262", "QueueID": "", "CallPhone": "0957890123", "CallStartTime": "2024-07-22 11:30:34", "CallConnectTime": "", "CallEndTime": "", "CallStatus": "RINGING", "TotalDuration": "0", "BillDuration": "0", "Username": "user8005@email.com", "Hotline": "", "ExtentionID": "1969", "InOutCall": "1", "CompanyUID": "17e31c2b-c738-4ddb-a406-8f6fce907353", "DepartmentUID": "", "CallHoldStartTime": "", "CallHoldEndTime": "", "ExtentionTransfer": "", "TypeCall": "0", "ReasonCode": "", "ReasonName": "", "uniqueID": "1721622634.1910"} 
 </msg>
<msg timestamp="20241218 18:10:23.486" level="INFO">POST Response : url=https://lab.connect247.vn/ucrmapi-cti/cti/call-data 
 status=200, reason=OK 
 headers={'Server': 'nginx', 'Date': 'Wed, 18 Dec 2024 11:10:22 GMT', 'Content-Type': 'application/json', 'Content-Length': '54', 'Connection': 'keep-alive', 'Vary': 'Accept, origin', 'Allow': 'OPTIONS, GET, POST', 'X-Content-Type-Options': 'nosniff, nosniff', 'Referrer-Policy': 'same-origin', 'Cross-Origin-Opener-Policy': 'same-origin', 'X-Frame-Options': 'DENY', 'Sec-Fetch-Site': 'cross-site'} 
 body={"data": [], "message": "success", "status_code": 200} 
 </msg>
<msg timestamp="20241218 18:10:23.486" level="INFO">C:\Users\Bui Nguyen Minh Quan\AppData\Local\Programs\Python\Python310\lib\site-packages\urllib3\connectionpool.py:1064: InsecureRequestWarning: Unverified HTTPS request is being made to host 'lab.connect247.vn'. Adding certificate verification is strongly advised. See: https://urllib3.readthedocs.io/en/1.26.x/advanced-usage.html#ssl-warnings
  warnings.warn(</msg>
<msg timestamp="20241218 18:10:23.487" level="INFO">${response} = &lt;Response [200]&gt;</msg>
<status status="PASS" starttime="20241218 18:10:22.601" endtime="20241218 18:10:23.487"/>
</kw>
<status status="PASS" starttime="20241218 18:10:22.599" endtime="20241218 18:10:23.487"/>
</kw>
<kw name="RPACallAPI_CALL_CTI" library="Common_keyword">
<arg>${randomLinkeđI}</arg>
<arg>${randomExtention}</arg>
<arg>ANSWER</arg>
<arg>1</arg>
<arg>${randomPhone}</arg>
<arg>${username}</arg>
<kw name="Set Variable" library="BuiltIn">
<var>${PAYLOADRINGING}</var>
<arg>{"LinkedID": "${LinkedID}", "QueueID": "", "CallPhone": "${PhoneNumber}", "CallStartTime": "2024-07-22 11:30:34", "CallConnectTime": "", "CallEndTime": "", "CallStatus": "${CallStatus}", "TotalDuration": "0", "BillDuration": "0", "Username": "${username}", "Hotline": "", "ExtentionID": "${ExtentionID}", "InOutCall": "${Direction}", "CompanyUID": "17e31c2b-c738-4ddb-a406-8f6fce907353", "DepartmentUID": "", "CallHoldStartTime": "", "CallHoldEndTime": "", "ExtentionTransfer": "", "TypeCall": "0", "ReasonCode": "", "ReasonName": "", "uniqueID": "1721622634.1910"}</arg>
<doc>Returns the given values which can then be assigned to a variables.</doc>
<msg timestamp="20241218 18:10:23.488" level="INFO">${PAYLOADRINGING} = {"LinkedID": "462262", "QueueID": "", "CallPhone": "0957890123", "CallStartTime": "2024-07-22 11:30:34", "CallConnectTime": "", "CallEndTime": "", "CallStatus": "ANSWER", "TotalDuration": "0", "BillDu...</msg>
<status status="PASS" starttime="20241218 18:10:23.488" endtime="20241218 18:10:23.488"/>
</kw>
<kw name="Create Session" library="RequestsLibrary">
<arg>api_session</arg>
<arg>${API_URL_CTI}</arg>
<arg>headers=&amp;{HEADERS_CTI}</arg>
<arg>verify=False</arg>
<doc>Create Session: create a HTTP session to a server</doc>
<msg timestamp="20241218 18:10:23.489" level="INFO">Creating Session using : alias=api_session, url=https://lab.connect247.vn/ucrmapi-cti/cti/call-data, headers={'Content-Type': 'application/json', 'Authorization': 'Bearer eyJ0eXAiOiJKV1QiLCJhbGciOiJIUzI1NiJ9.eyJleHAiOjIwMzY5ODQyMTMsIlRlbmFudHMiOiJ0bnRfdGVzdGFjZmN0ZXN0OV82NDQyOTMyMiIsIklEIjoiNjY5ODg5NTIyOGM5ZGEyY2RkNjEyYTkyIiwiRW1haWwiOiJ0ZXN0YWNmYzlAeW9wbWFpbC5jb20iLCJJc19BZG1pbiI6dHJ1ZX0.mumhNV909rOtFAUFNKpOharTYWPRNo85S2Zi9QY5bJs'},                     cookies={}, auth=None, timeout=None, proxies=None, verify=False,                     debug=0 </msg>
<status status="PASS" starttime="20241218 18:10:23.488" endtime="20241218 18:10:23.489"/>
</kw>
<kw name="POST On Session" library="RequestsLibrary">
<var>${response}</var>
<arg>api_session</arg>
<arg>url=${API_URL_CTI}</arg>
<arg>data=${PAYLOADRINGING}</arg>
<doc>Sends a POST request on a previously created HTTP Session.</doc>
<msg timestamp="20241218 18:10:23.618" level="INFO">POST Request : url=https://lab.connect247.vn/ucrmapi-cti/cti/call-data 
 path_url=/ucrmapi-cti/cti/call-data 
 headers={'User-Agent': 'python-requests/2.32.3', 'Accept-Encoding': 'gzip, deflate', 'Accept': '*/*', 'Connection': 'keep-alive', 'Content-Type': 'application/json', 'Authorization': 'Bearer eyJ0eXAiOiJKV1QiLCJhbGciOiJIUzI1NiJ9.eyJleHAiOjIwMzY5ODQyMTMsIlRlbmFudHMiOiJ0bnRfdGVzdGFjZmN0ZXN0OV82NDQyOTMyMiIsIklEIjoiNjY5ODg5NTIyOGM5ZGEyY2RkNjEyYTkyIiwiRW1haWwiOiJ0ZXN0YWNmYzlAeW9wbWFpbC5jb20iLCJJc19BZG1pbiI6dHJ1ZX0.mumhNV909rOtFAUFNKpOharTYWPRNo85S2Zi9QY5bJs', 'Content-Length': '535'} 
 body={"LinkedID": "462262", "QueueID": "", "CallPhone": "0957890123", "CallStartTime": "2024-07-22 11:30:34", "CallConnectTime": "", "CallEndTime": "", "CallStatus": "ANSWER", "TotalDuration": "0", "BillDuration": "0", "Username": "user8005@email.com", "Hotline": "", "ExtentionID": "1969", "InOutCall": "1", "CompanyUID": "17e31c2b-c738-4ddb-a406-8f6fce907353", "DepartmentUID": "", "CallHoldStartTime": "", "CallHoldEndTime": "", "ExtentionTransfer": "", "TypeCall": "0", "ReasonCode": "", "ReasonName": "", "uniqueID": "1721622634.1910"} 
 </msg>
<msg timestamp="20241218 18:10:23.618" level="INFO">POST Response : url=https://lab.connect247.vn/ucrmapi-cti/cti/call-data 
 status=200, reason=OK 
 headers={'Server': 'nginx', 'Date': 'Wed, 18 Dec 2024 11:10:22 GMT', 'Content-Type': 'application/json', 'Content-Length': '54', 'Connection': 'keep-alive', 'Vary': 'Accept, origin', 'Allow': 'OPTIONS, POST, GET', 'X-Content-Type-Options': 'nosniff, nosniff', 'Referrer-Policy': 'same-origin', 'Cross-Origin-Opener-Policy': 'same-origin', 'X-Frame-Options': 'DENY', 'Sec-Fetch-Site': 'cross-site'} 
 body={"data": [], "message": "success", "status_code": 200} 
 </msg>
<msg timestamp="20241218 18:10:23.618" level="INFO">C:\Users\Bui Nguyen Minh Quan\AppData\Local\Programs\Python\Python310\lib\site-packages\urllib3\connectionpool.py:1064: InsecureRequestWarning: Unverified HTTPS request is being made to host 'lab.connect247.vn'. Adding certificate verification is strongly advised. See: https://urllib3.readthedocs.io/en/1.26.x/advanced-usage.html#ssl-warnings
  warnings.warn(</msg>
<msg timestamp="20241218 18:10:23.618" level="INFO">${response} = &lt;Response [200]&gt;</msg>
<status status="PASS" starttime="20241218 18:10:23.489" endtime="20241218 18:10:23.618"/>
</kw>
<status status="PASS" starttime="20241218 18:10:23.487" endtime="20241218 18:10:23.618"/>
</kw>
<kw name="RPACallAPI_CALL_CTI" library="Common_keyword">
<arg>${randomLinkeđI}</arg>
<arg>${randomExtention}</arg>
<arg>SUCCESS</arg>
<arg>1</arg>
<arg>${randomPhone}</arg>
<arg>${username}</arg>
<kw name="Set Variable" library="BuiltIn">
<var>${PAYLOADRINGING}</var>
<arg>{"LinkedID": "${LinkedID}", "QueueID": "", "CallPhone": "${PhoneNumber}", "CallStartTime": "2024-07-22 11:30:34", "CallConnectTime": "", "CallEndTime": "", "CallStatus": "${CallStatus}", "TotalDuration": "0", "BillDuration": "0", "Username": "${username}", "Hotline": "", "ExtentionID": "${ExtentionID}", "InOutCall": "${Direction}", "CompanyUID": "17e31c2b-c738-4ddb-a406-8f6fce907353", "DepartmentUID": "", "CallHoldStartTime": "", "CallHoldEndTime": "", "ExtentionTransfer": "", "TypeCall": "0", "ReasonCode": "", "ReasonName": "", "uniqueID": "1721622634.1910"}</arg>
<doc>Returns the given values which can then be assigned to a variables.</doc>
<msg timestamp="20241218 18:10:23.620" level="INFO">${PAYLOADRINGING} = {"LinkedID": "462262", "QueueID": "", "CallPhone": "0957890123", "CallStartTime": "2024-07-22 11:30:34", "CallConnectTime": "", "CallEndTime": "", "CallStatus": "SUCCESS", "TotalDuration": "0", "BillD...</msg>
<status status="PASS" starttime="20241218 18:10:23.620" endtime="20241218 18:10:23.620"/>
</kw>
<kw name="Create Session" library="RequestsLibrary">
<arg>api_session</arg>
<arg>${API_URL_CTI}</arg>
<arg>headers=&amp;{HEADERS_CTI}</arg>
<arg>verify=False</arg>
<doc>Create Session: create a HTTP session to a server</doc>
<msg timestamp="20241218 18:10:23.621" level="INFO">Creating Session using : alias=api_session, url=https://lab.connect247.vn/ucrmapi-cti/cti/call-data, headers={'Content-Type': 'application/json', 'Authorization': 'Bearer eyJ0eXAiOiJKV1QiLCJhbGciOiJIUzI1NiJ9.eyJleHAiOjIwMzY5ODQyMTMsIlRlbmFudHMiOiJ0bnRfdGVzdGFjZmN0ZXN0OV82NDQyOTMyMiIsIklEIjoiNjY5ODg5NTIyOGM5ZGEyY2RkNjEyYTkyIiwiRW1haWwiOiJ0ZXN0YWNmYzlAeW9wbWFpbC5jb20iLCJJc19BZG1pbiI6dHJ1ZX0.mumhNV909rOtFAUFNKpOharTYWPRNo85S2Zi9QY5bJs'},                     cookies={}, auth=None, timeout=None, proxies=None, verify=False,                     debug=0 </msg>
<status status="PASS" starttime="20241218 18:10:23.621" endtime="20241218 18:10:23.621"/>
</kw>
<kw name="POST On Session" library="RequestsLibrary">
<var>${response}</var>
<arg>api_session</arg>
<arg>url=${API_URL_CTI}</arg>
<arg>data=${PAYLOADRINGING}</arg>
<doc>Sends a POST request on a previously created HTTP Session.</doc>
<msg timestamp="20241218 18:10:36.791" level="INFO">POST Request : url=https://lab.connect247.vn/ucrmapi-cti/cti/call-data 
 path_url=/ucrmapi-cti/cti/call-data 
 headers={'User-Agent': 'python-requests/2.32.3', 'Accept-Encoding': 'gzip, deflate', 'Accept': '*/*', 'Connection': 'keep-alive', 'Content-Type': 'application/json', 'Authorization': 'Bearer eyJ0eXAiOiJKV1QiLCJhbGciOiJIUzI1NiJ9.eyJleHAiOjIwMzY5ODQyMTMsIlRlbmFudHMiOiJ0bnRfdGVzdGFjZmN0ZXN0OV82NDQyOTMyMiIsIklEIjoiNjY5ODg5NTIyOGM5ZGEyY2RkNjEyYTkyIiwiRW1haWwiOiJ0ZXN0YWNmYzlAeW9wbWFpbC5jb20iLCJJc19BZG1pbiI6dHJ1ZX0.mumhNV909rOtFAUFNKpOharTYWPRNo85S2Zi9QY5bJs', 'Content-Length': '536'} 
 body={"LinkedID": "462262", "QueueID": "", "CallPhone": "0957890123", "CallStartTime": "2024-07-22 11:30:34", "CallConnectTime": "", "CallEndTime": "", "CallStatus": "SUCCESS", "TotalDuration": "0", "BillDuration": "0", "Username": "user8005@email.com", "Hotline": "", "ExtentionID": "1969", "InOutCall": "1", "CompanyUID": "17e31c2b-c738-4ddb-a406-8f6fce907353", "DepartmentUID": "", "CallHoldStartTime": "", "CallHoldEndTime": "", "ExtentionTransfer": "", "TypeCall": "0", "ReasonCode": "", "ReasonName": "", "uniqueID": "1721622634.1910"} 
 </msg>
<msg timestamp="20241218 18:10:36.791" level="INFO">POST Response : url=https://lab.connect247.vn/ucrmapi-cti/cti/call-data 
 status=200, reason=OK 
 headers={'Server': 'nginx', 'Date': 'Wed, 18 Dec 2024 11:10:36 GMT', 'Content-Type': 'application/json', 'Content-Length': '54', 'Connection': 'keep-alive', 'Vary': 'Accept, origin', 'Allow': 'OPTIONS, GET, POST', 'X-Content-Type-Options': 'nosniff, nosniff', 'Referrer-Policy': 'same-origin', 'Cross-Origin-Opener-Policy': 'same-origin', 'X-Frame-Options': 'DENY', 'Sec-Fetch-Site': 'cross-site'} 
 body={"data": [], "message": "success", "status_code": 200} 
 </msg>
<msg timestamp="20241218 18:10:36.791" level="INFO">C:\Users\Bui Nguyen Minh Quan\AppData\Local\Programs\Python\Python310\lib\site-packages\urllib3\connectionpool.py:1064: InsecureRequestWarning: Unverified HTTPS request is being made to host 'lab.connect247.vn'. Adding certificate verification is strongly advised. See: https://urllib3.readthedocs.io/en/1.26.x/advanced-usage.html#ssl-warnings
  warnings.warn(</msg>
<msg timestamp="20241218 18:10:36.791" level="INFO">${response} = &lt;Response [200]&gt;</msg>
<status status="PASS" starttime="20241218 18:10:23.621" endtime="20241218 18:10:36.791"/>
</kw>
<status status="PASS" starttime="20241218 18:10:23.619" endtime="20241218 18:10:36.791"/>
</kw>
<status status="PASS" starttime="20241218 18:10:22.598" endtime="20241218 18:10:36.792"/>
</iter>
<iter>
<var name="${i}">4</var>
<kw name="RPACallAPI_CALL_CTI" library="Common_keyword">
<arg>${randomLinkeđI}</arg>
<arg>${randomExtention}</arg>
<arg>RINGING</arg>
<arg>1</arg>
<arg>${randomPhone}</arg>
<arg>${username}</arg>
<kw name="Set Variable" library="BuiltIn">
<var>${PAYLOADRINGING}</var>
<arg>{"LinkedID": "${LinkedID}", "QueueID": "", "CallPhone": "${PhoneNumber}", "CallStartTime": "2024-07-22 11:30:34", "CallConnectTime": "", "CallEndTime": "", "CallStatus": "${CallStatus}", "TotalDuration": "0", "BillDuration": "0", "Username": "${username}", "Hotline": "", "ExtentionID": "${ExtentionID}", "InOutCall": "${Direction}", "CompanyUID": "17e31c2b-c738-4ddb-a406-8f6fce907353", "DepartmentUID": "", "CallHoldStartTime": "", "CallHoldEndTime": "", "ExtentionTransfer": "", "TypeCall": "0", "ReasonCode": "", "ReasonName": "", "uniqueID": "1721622634.1910"}</arg>
<doc>Returns the given values which can then be assigned to a variables.</doc>
<msg timestamp="20241218 18:10:36.793" level="INFO">${PAYLOADRINGING} = {"LinkedID": "462262", "QueueID": "", "CallPhone": "0957890123", "CallStartTime": "2024-07-22 11:30:34", "CallConnectTime": "", "CallEndTime": "", "CallStatus": "RINGING", "TotalDuration": "0", "BillD...</msg>
<status status="PASS" starttime="20241218 18:10:36.793" endtime="20241218 18:10:36.793"/>
</kw>
<kw name="Create Session" library="RequestsLibrary">
<arg>api_session</arg>
<arg>${API_URL_CTI}</arg>
<arg>headers=&amp;{HEADERS_CTI}</arg>
<arg>verify=False</arg>
<doc>Create Session: create a HTTP session to a server</doc>
<msg timestamp="20241218 18:10:36.794" level="INFO">Creating Session using : alias=api_session, url=https://lab.connect247.vn/ucrmapi-cti/cti/call-data, headers={'Content-Type': 'application/json', 'Authorization': 'Bearer eyJ0eXAiOiJKV1QiLCJhbGciOiJIUzI1NiJ9.eyJleHAiOjIwMzY5ODQyMTMsIlRlbmFudHMiOiJ0bnRfdGVzdGFjZmN0ZXN0OV82NDQyOTMyMiIsIklEIjoiNjY5ODg5NTIyOGM5ZGEyY2RkNjEyYTkyIiwiRW1haWwiOiJ0ZXN0YWNmYzlAeW9wbWFpbC5jb20iLCJJc19BZG1pbiI6dHJ1ZX0.mumhNV909rOtFAUFNKpOharTYWPRNo85S2Zi9QY5bJs'},                     cookies={}, auth=None, timeout=None, proxies=None, verify=False,                     debug=0 </msg>
<status status="PASS" starttime="20241218 18:10:36.794" endtime="20241218 18:10:36.794"/>
</kw>
<kw name="POST On Session" library="RequestsLibrary">
<var>${response}</var>
<arg>api_session</arg>
<arg>url=${API_URL_CTI}</arg>
<arg>data=${PAYLOADRINGING}</arg>
<doc>Sends a POST request on a previously created HTTP Session.</doc>
<msg timestamp="20241218 18:10:37.048" level="INFO">POST Request : url=https://lab.connect247.vn/ucrmapi-cti/cti/call-data 
 path_url=/ucrmapi-cti/cti/call-data 
 headers={'User-Agent': 'python-requests/2.32.3', 'Accept-Encoding': 'gzip, deflate', 'Accept': '*/*', 'Connection': 'keep-alive', 'Content-Type': 'application/json', 'Authorization': 'Bearer eyJ0eXAiOiJKV1QiLCJhbGciOiJIUzI1NiJ9.eyJleHAiOjIwMzY5ODQyMTMsIlRlbmFudHMiOiJ0bnRfdGVzdGFjZmN0ZXN0OV82NDQyOTMyMiIsIklEIjoiNjY5ODg5NTIyOGM5ZGEyY2RkNjEyYTkyIiwiRW1haWwiOiJ0ZXN0YWNmYzlAeW9wbWFpbC5jb20iLCJJc19BZG1pbiI6dHJ1ZX0.mumhNV909rOtFAUFNKpOharTYWPRNo85S2Zi9QY5bJs', 'Content-Length': '536'} 
 body={"LinkedID": "462262", "QueueID": "", "CallPhone": "0957890123", "CallStartTime": "2024-07-22 11:30:34", "CallConnectTime": "", "CallEndTime": "", "CallStatus": "RINGING", "TotalDuration": "0", "BillDuration": "0", "Username": "user8005@email.com", "Hotline": "", "ExtentionID": "1969", "InOutCall": "1", "CompanyUID": "17e31c2b-c738-4ddb-a406-8f6fce907353", "DepartmentUID": "", "CallHoldStartTime": "", "CallHoldEndTime": "", "ExtentionTransfer": "", "TypeCall": "0", "ReasonCode": "", "ReasonName": "", "uniqueID": "1721622634.1910"} 
 </msg>
<msg timestamp="20241218 18:10:37.048" level="INFO">POST Response : url=https://lab.connect247.vn/ucrmapi-cti/cti/call-data 
 status=200, reason=OK 
 headers={'Server': 'nginx', 'Date': 'Wed, 18 Dec 2024 11:10:36 GMT', 'Content-Type': 'application/json', 'Content-Length': '54', 'Connection': 'keep-alive', 'Vary': 'Accept, origin', 'Allow': 'OPTIONS, GET, POST', 'X-Content-Type-Options': 'nosniff, nosniff', 'Referrer-Policy': 'same-origin', 'Cross-Origin-Opener-Policy': 'same-origin', 'X-Frame-Options': 'DENY', 'Sec-Fetch-Site': 'cross-site'} 
 body={"data": [], "message": "success", "status_code": 200} 
 </msg>
<msg timestamp="20241218 18:10:37.048" level="INFO">C:\Users\Bui Nguyen Minh Quan\AppData\Local\Programs\Python\Python310\lib\site-packages\urllib3\connectionpool.py:1064: InsecureRequestWarning: Unverified HTTPS request is being made to host 'lab.connect247.vn'. Adding certificate verification is strongly advised. See: https://urllib3.readthedocs.io/en/1.26.x/advanced-usage.html#ssl-warnings
  warnings.warn(</msg>
<msg timestamp="20241218 18:10:37.049" level="INFO">${response} = &lt;Response [200]&gt;</msg>
<status status="PASS" starttime="20241218 18:10:36.795" endtime="20241218 18:10:37.049"/>
</kw>
<status status="PASS" starttime="20241218 18:10:36.792" endtime="20241218 18:10:37.049"/>
</kw>
<kw name="RPACallAPI_CALL_CTI" library="Common_keyword">
<arg>${randomLinkeđI}</arg>
<arg>${randomExtention}</arg>
<arg>ANSWER</arg>
<arg>1</arg>
<arg>${randomPhone}</arg>
<arg>${username}</arg>
<kw name="Set Variable" library="BuiltIn">
<var>${PAYLOADRINGING}</var>
<arg>{"LinkedID": "${LinkedID}", "QueueID": "", "CallPhone": "${PhoneNumber}", "CallStartTime": "2024-07-22 11:30:34", "CallConnectTime": "", "CallEndTime": "", "CallStatus": "${CallStatus}", "TotalDuration": "0", "BillDuration": "0", "Username": "${username}", "Hotline": "", "ExtentionID": "${ExtentionID}", "InOutCall": "${Direction}", "CompanyUID": "17e31c2b-c738-4ddb-a406-8f6fce907353", "DepartmentUID": "", "CallHoldStartTime": "", "CallHoldEndTime": "", "ExtentionTransfer": "", "TypeCall": "0", "ReasonCode": "", "ReasonName": "", "uniqueID": "1721622634.1910"}</arg>
<doc>Returns the given values which can then be assigned to a variables.</doc>
<msg timestamp="20241218 18:10:37.053" level="INFO">${PAYLOADRINGING} = {"LinkedID": "462262", "QueueID": "", "CallPhone": "0957890123", "CallStartTime": "2024-07-22 11:30:34", "CallConnectTime": "", "CallEndTime": "", "CallStatus": "ANSWER", "TotalDuration": "0", "BillDu...</msg>
<status status="PASS" starttime="20241218 18:10:37.051" endtime="20241218 18:10:37.053"/>
</kw>
<kw name="Create Session" library="RequestsLibrary">
<arg>api_session</arg>
<arg>${API_URL_CTI}</arg>
<arg>headers=&amp;{HEADERS_CTI}</arg>
<arg>verify=False</arg>
<doc>Create Session: create a HTTP session to a server</doc>
<msg timestamp="20241218 18:10:37.058" level="INFO">Creating Session using : alias=api_session, url=https://lab.connect247.vn/ucrmapi-cti/cti/call-data, headers={'Content-Type': 'application/json', 'Authorization': 'Bearer eyJ0eXAiOiJKV1QiLCJhbGciOiJIUzI1NiJ9.eyJleHAiOjIwMzY5ODQyMTMsIlRlbmFudHMiOiJ0bnRfdGVzdGFjZmN0ZXN0OV82NDQyOTMyMiIsIklEIjoiNjY5ODg5NTIyOGM5ZGEyY2RkNjEyYTkyIiwiRW1haWwiOiJ0ZXN0YWNmYzlAeW9wbWFpbC5jb20iLCJJc19BZG1pbiI6dHJ1ZX0.mumhNV909rOtFAUFNKpOharTYWPRNo85S2Zi9QY5bJs'},                     cookies={}, auth=None, timeout=None, proxies=None, verify=False,                     debug=0 </msg>
<status status="PASS" starttime="20241218 18:10:37.054" endtime="20241218 18:10:37.058"/>
</kw>
<kw name="POST On Session" library="RequestsLibrary">
<var>${response}</var>
<arg>api_session</arg>
<arg>url=${API_URL_CTI}</arg>
<arg>data=${PAYLOADRINGING}</arg>
<doc>Sends a POST request on a previously created HTTP Session.</doc>
<msg timestamp="20241218 18:10:37.482" level="INFO">POST Request : url=https://lab.connect247.vn/ucrmapi-cti/cti/call-data 
 path_url=/ucrmapi-cti/cti/call-data 
 headers={'User-Agent': 'python-requests/2.32.3', 'Accept-Encoding': 'gzip, deflate', 'Accept': '*/*', 'Connection': 'keep-alive', 'Content-Type': 'application/json', 'Authorization': 'Bearer eyJ0eXAiOiJKV1QiLCJhbGciOiJIUzI1NiJ9.eyJleHAiOjIwMzY5ODQyMTMsIlRlbmFudHMiOiJ0bnRfdGVzdGFjZmN0ZXN0OV82NDQyOTMyMiIsIklEIjoiNjY5ODg5NTIyOGM5ZGEyY2RkNjEyYTkyIiwiRW1haWwiOiJ0ZXN0YWNmYzlAeW9wbWFpbC5jb20iLCJJc19BZG1pbiI6dHJ1ZX0.mumhNV909rOtFAUFNKpOharTYWPRNo85S2Zi9QY5bJs', 'Content-Length': '535'} 
 body={"LinkedID": "462262", "QueueID": "", "CallPhone": "0957890123", "CallStartTime": "2024-07-22 11:30:34", "CallConnectTime": "", "CallEndTime": "", "CallStatus": "ANSWER", "TotalDuration": "0", "BillDuration": "0", "Username": "user8005@email.com", "Hotline": "", "ExtentionID": "1969", "InOutCall": "1", "CompanyUID": "17e31c2b-c738-4ddb-a406-8f6fce907353", "DepartmentUID": "", "CallHoldStartTime": "", "CallHoldEndTime": "", "ExtentionTransfer": "", "TypeCall": "0", "ReasonCode": "", "ReasonName": "", "uniqueID": "1721622634.1910"} 
 </msg>
<msg timestamp="20241218 18:10:37.482" level="INFO">POST Response : url=https://lab.connect247.vn/ucrmapi-cti/cti/call-data 
 status=200, reason=OK 
 headers={'Server': 'nginx', 'Date': 'Wed, 18 Dec 2024 11:10:36 GMT', 'Content-Type': 'application/json', 'Content-Length': '54', 'Connection': 'keep-alive', 'Vary': 'Accept, origin', 'Allow': 'OPTIONS, GET, POST', 'X-Content-Type-Options': 'nosniff, nosniff', 'Referrer-Policy': 'same-origin', 'Cross-Origin-Opener-Policy': 'same-origin', 'X-Frame-Options': 'DENY', 'Sec-Fetch-Site': 'cross-site'} 
 body={"data": [], "message": "success", "status_code": 200} 
 </msg>
<msg timestamp="20241218 18:10:37.482" level="INFO">C:\Users\Bui Nguyen Minh Quan\AppData\Local\Programs\Python\Python310\lib\site-packages\urllib3\connectionpool.py:1064: InsecureRequestWarning: Unverified HTTPS request is being made to host 'lab.connect247.vn'. Adding certificate verification is strongly advised. See: https://urllib3.readthedocs.io/en/1.26.x/advanced-usage.html#ssl-warnings
  warnings.warn(</msg>
<msg timestamp="20241218 18:10:37.482" level="INFO">${response} = &lt;Response [200]&gt;</msg>
<status status="PASS" starttime="20241218 18:10:37.058" endtime="20241218 18:10:37.482"/>
</kw>
<status status="PASS" starttime="20241218 18:10:37.050" endtime="20241218 18:10:37.482"/>
</kw>
<kw name="RPACallAPI_CALL_CTI" library="Common_keyword">
<arg>${randomLinkeđI}</arg>
<arg>${randomExtention}</arg>
<arg>SUCCESS</arg>
<arg>1</arg>
<arg>${randomPhone}</arg>
<arg>${username}</arg>
<kw name="Set Variable" library="BuiltIn">
<var>${PAYLOADRINGING}</var>
<arg>{"LinkedID": "${LinkedID}", "QueueID": "", "CallPhone": "${PhoneNumber}", "CallStartTime": "2024-07-22 11:30:34", "CallConnectTime": "", "CallEndTime": "", "CallStatus": "${CallStatus}", "TotalDuration": "0", "BillDuration": "0", "Username": "${username}", "Hotline": "", "ExtentionID": "${ExtentionID}", "InOutCall": "${Direction}", "CompanyUID": "17e31c2b-c738-4ddb-a406-8f6fce907353", "DepartmentUID": "", "CallHoldStartTime": "", "CallHoldEndTime": "", "ExtentionTransfer": "", "TypeCall": "0", "ReasonCode": "", "ReasonName": "", "uniqueID": "1721622634.1910"}</arg>
<doc>Returns the given values which can then be assigned to a variables.</doc>
<msg timestamp="20241218 18:10:37.484" level="INFO">${PAYLOADRINGING} = {"LinkedID": "462262", "QueueID": "", "CallPhone": "0957890123", "CallStartTime": "2024-07-22 11:30:34", "CallConnectTime": "", "CallEndTime": "", "CallStatus": "SUCCESS", "TotalDuration": "0", "BillD...</msg>
<status status="PASS" starttime="20241218 18:10:37.483" endtime="20241218 18:10:37.484"/>
</kw>
<kw name="Create Session" library="RequestsLibrary">
<arg>api_session</arg>
<arg>${API_URL_CTI}</arg>
<arg>headers=&amp;{HEADERS_CTI}</arg>
<arg>verify=False</arg>
<doc>Create Session: create a HTTP session to a server</doc>
<msg timestamp="20241218 18:10:37.485" level="INFO">Creating Session using : alias=api_session, url=https://lab.connect247.vn/ucrmapi-cti/cti/call-data, headers={'Content-Type': 'application/json', 'Authorization': 'Bearer eyJ0eXAiOiJKV1QiLCJhbGciOiJIUzI1NiJ9.eyJleHAiOjIwMzY5ODQyMTMsIlRlbmFudHMiOiJ0bnRfdGVzdGFjZmN0ZXN0OV82NDQyOTMyMiIsIklEIjoiNjY5ODg5NTIyOGM5ZGEyY2RkNjEyYTkyIiwiRW1haWwiOiJ0ZXN0YWNmYzlAeW9wbWFpbC5jb20iLCJJc19BZG1pbiI6dHJ1ZX0.mumhNV909rOtFAUFNKpOharTYWPRNo85S2Zi9QY5bJs'},                     cookies={}, auth=None, timeout=None, proxies=None, verify=False,                     debug=0 </msg>
<status status="PASS" starttime="20241218 18:10:37.484" endtime="20241218 18:10:37.485"/>
</kw>
<kw name="POST On Session" library="RequestsLibrary">
<var>${response}</var>
<arg>api_session</arg>
<arg>url=${API_URL_CTI}</arg>
<arg>data=${PAYLOADRINGING}</arg>
<doc>Sends a POST request on a previously created HTTP Session.</doc>
<msg timestamp="20241218 18:10:37.940" level="INFO">POST Request : url=https://lab.connect247.vn/ucrmapi-cti/cti/call-data 
 path_url=/ucrmapi-cti/cti/call-data 
 headers={'User-Agent': 'python-requests/2.32.3', 'Accept-Encoding': 'gzip, deflate', 'Accept': '*/*', 'Connection': 'keep-alive', 'Content-Type': 'application/json', 'Authorization': 'Bearer eyJ0eXAiOiJKV1QiLCJhbGciOiJIUzI1NiJ9.eyJleHAiOjIwMzY5ODQyMTMsIlRlbmFudHMiOiJ0bnRfdGVzdGFjZmN0ZXN0OV82NDQyOTMyMiIsIklEIjoiNjY5ODg5NTIyOGM5ZGEyY2RkNjEyYTkyIiwiRW1haWwiOiJ0ZXN0YWNmYzlAeW9wbWFpbC5jb20iLCJJc19BZG1pbiI6dHJ1ZX0.mumhNV909rOtFAUFNKpOharTYWPRNo85S2Zi9QY5bJs', 'Content-Length': '536'} 
 body={"LinkedID": "462262", "QueueID": "", "CallPhone": "0957890123", "CallStartTime": "2024-07-22 11:30:34", "CallConnectTime": "", "CallEndTime": "", "CallStatus": "SUCCESS", "TotalDuration": "0", "BillDuration": "0", "Username": "user8005@email.com", "Hotline": "", "ExtentionID": "1969", "InOutCall": "1", "CompanyUID": "17e31c2b-c738-4ddb-a406-8f6fce907353", "DepartmentUID": "", "CallHoldStartTime": "", "CallHoldEndTime": "", "ExtentionTransfer": "", "TypeCall": "0", "ReasonCode": "", "ReasonName": "", "uniqueID": "1721622634.1910"} 
 </msg>
<msg timestamp="20241218 18:10:37.941" level="INFO">POST Response : url=https://lab.connect247.vn/ucrmapi-cti/cti/call-data 
 status=200, reason=OK 
 headers={'Server': 'nginx', 'Date': 'Wed, 18 Dec 2024 11:10:37 GMT', 'Content-Type': 'application/json', 'Content-Length': '54', 'Connection': 'keep-alive', 'Vary': 'Accept, origin', 'Allow': 'OPTIONS, POST, GET', 'X-Content-Type-Options': 'nosniff, nosniff', 'Referrer-Policy': 'same-origin', 'Cross-Origin-Opener-Policy': 'same-origin', 'X-Frame-Options': 'DENY', 'Sec-Fetch-Site': 'cross-site'} 
 body={"data": [], "message": "success", "status_code": 200} 
 </msg>
<msg timestamp="20241218 18:10:37.941" level="INFO">C:\Users\Bui Nguyen Minh Quan\AppData\Local\Programs\Python\Python310\lib\site-packages\urllib3\connectionpool.py:1064: InsecureRequestWarning: Unverified HTTPS request is being made to host 'lab.connect247.vn'. Adding certificate verification is strongly advised. See: https://urllib3.readthedocs.io/en/1.26.x/advanced-usage.html#ssl-warnings
  warnings.warn(</msg>
<msg timestamp="20241218 18:10:37.941" level="INFO">${response} = &lt;Response [200]&gt;</msg>
<status status="PASS" starttime="20241218 18:10:37.485" endtime="20241218 18:10:37.942"/>
</kw>
<status status="PASS" starttime="20241218 18:10:37.482" endtime="20241218 18:10:37.942"/>
</kw>
<status status="PASS" starttime="20241218 18:10:36.792" endtime="20241218 18:10:37.942"/>
</iter>
<iter>
<var name="${i}">5</var>
<kw name="RPACallAPI_CALL_CTI" library="Common_keyword">
<arg>${randomLinkeđI}</arg>
<arg>${randomExtention}</arg>
<arg>RINGING</arg>
<arg>1</arg>
<arg>${randomPhone}</arg>
<arg>${username}</arg>
<kw name="Set Variable" library="BuiltIn">
<var>${PAYLOADRINGING}</var>
[...]
<status status="PASS" starttime="20241218 18:11:24.271" endtime="20241218 18:11:24.272"/>
</kw>
<kw name="POST On Session" library="RequestsLibrary">
<var>${response}</var>
<arg>api_session</arg>
<arg>url=${API_URL_CTI}</arg>
<arg>data=${PAYLOADRINGING}</arg>
<doc>Sends a POST request on a previously created HTTP Session.</doc>
<msg timestamp="20241218 18:11:24.539" level="INFO">POST Request : url=https://lab.connect247.vn/ucrmapi-cti/cti/call-data 
 path_url=/ucrmapi-cti/cti/call-data 
 headers={'User-Agent': 'python-requests/2.32.3', 'Accept-Encoding': 'gzip, deflate', 'Accept': '*/*', 'Connection': 'keep-alive', 'Content-Type': 'application/json', 'Authorization': 'Bearer eyJ0eXAiOiJKV1QiLCJhbGciOiJIUzI1NiJ9.eyJleHAiOjIwMzY5ODQyMTMsIlRlbmFudHMiOiJ0bnRfdGVzdGFjZmN0ZXN0OV82NDQyOTMyMiIsIklEIjoiNjY5ODg5NTIyOGM5ZGEyY2RkNjEyYTkyIiwiRW1haWwiOiJ0ZXN0YWNmYzlAeW9wbWFpbC5jb20iLCJJc19BZG1pbiI6dHJ1ZX0.mumhNV909rOtFAUFNKpOharTYWPRNo85S2Zi9QY5bJs', 'Content-Length': '536'} 
 body={"LinkedID": "462262", "QueueID": "", "CallPhone": "0957890123", "CallStartTime": "2024-07-22 11:30:34", "CallConnectTime": "", "CallEndTime": "", "CallStatus": "SUCCESS", "TotalDuration": "0", "BillDuration": "0", "Username": "user8005@email.com", "Hotline": "", "ExtentionID": "1969", "InOutCall": "1", "CompanyUID": "17e31c2b-c738-4ddb-a406-8f6fce907353", "DepartmentUID": "", "CallHoldStartTime": "", "CallHoldEndTime": "", "ExtentionTransfer": "", "TypeCall": "0", "ReasonCode": "", "ReasonName": "", "uniqueID": "1721622634.1910"} 
 </msg>
<msg timestamp="20241218 18:11:24.539" level="INFO">POST Response : url=https://lab.connect247.vn/ucrmapi-cti/cti/call-data 
 status=200, reason=OK 
 headers={'Server': 'nginx', 'Date': 'Wed, 18 Dec 2024 11:11:23 GMT', 'Content-Type': 'application/json', 'Content-Length': '54', 'Connection': 'keep-alive', 'Vary': 'Accept, origin', 'Allow': 'OPTIONS, GET, POST', 'X-Content-Type-Options': 'nosniff, nosniff', 'Referrer-Policy': 'same-origin', 'Cross-Origin-Opener-Policy': 'same-origin', 'X-Frame-Options': 'DENY', 'Sec-Fetch-Site': 'cross-site'} 
 body={"data": [], "message": "success", "status_code": 200} 
 </msg>
<msg timestamp="20241218 18:11:24.539" level="INFO">C:\Users\Bui Nguyen Minh Quan\AppData\Local\Programs\Python\Python310\lib\site-packages\urllib3\connectionpool.py:1064: InsecureRequestWarning: Unverified HTTPS request is being made to host 'lab.connect247.vn'. Adding certificate verification is strongly advised. See: https://urllib3.readthedocs.io/en/1.26.x/advanced-usage.html#ssl-warnings
  warnings.warn(</msg>
<msg timestamp="20241218 18:11:24.539" level="INFO">${response} = &lt;Response [200]&gt;</msg>
<status status="PASS" starttime="20241218 18:11:24.272" endtime="20241218 18:11:24.539"/>
</kw>
<status status="PASS" starttime="20241218 18:11:24.270" endtime="20241218 18:11:24.539"/>
</kw>
<status status="PASS" starttime="20241218 18:11:23.948" endtime="20241218 18:11:24.539"/>
</iter>
<iter>
<var name="${i}">37</var>
<kw name="RPACallAPI_CALL_CTI" library="Common_keyword">
<arg>${randomLinkeđI}</arg>
<arg>${randomExtention}</arg>
<arg>RINGING</arg>
<arg>1</arg>
<arg>${randomPhone}</arg>
<arg>${username}</arg>
<kw name="Set Variable" library="BuiltIn">
<var>${PAYLOADRINGING}</var>
<arg>{"LinkedID": "${LinkedID}", "QueueID": "", "CallPhone": "${PhoneNumber}", "CallStartTime": "2024-07-22 11:30:34", "CallConnectTime": "", "CallEndTime": "", "CallStatus": "${CallStatus}", "TotalDuration": "0", "BillDuration": "0", "Username": "${username}", "Hotline": "", "ExtentionID": "${ExtentionID}", "InOutCall": "${Direction}", "CompanyUID": "17e31c2b-c738-4ddb-a406-8f6fce907353", "DepartmentUID": "", "CallHoldStartTime": "", "CallHoldEndTime": "", "ExtentionTransfer": "", "TypeCall": "0", "ReasonCode": "", "ReasonName": "", "uniqueID": "1721622634.1910"}</arg>
<doc>Returns the given values which can then be assigned to a variables.</doc>
<msg timestamp="20241218 18:11:24.541" level="INFO">${PAYLOADRINGING} = {"LinkedID": "462262", "QueueID": "", "CallPhone": "0957890123", "CallStartTime": "2024-07-22 11:30:34", "CallConnectTime": "", "CallEndTime": "", "CallStatus": "RINGING", "TotalDuration": "0", "BillD...</msg>
<status status="PASS" starttime="20241218 18:11:24.541" endtime="20241218 18:11:24.541"/>
</kw>
<kw name="Create Session" library="RequestsLibrary">
<arg>api_session</arg>
<arg>${API_URL_CTI}</arg>
<arg>headers=&amp;{HEADERS_CTI}</arg>
<arg>verify=False</arg>
<doc>Create Session: create a HTTP session to a server</doc>
<msg timestamp="20241218 18:11:24.542" level="INFO">Creating Session using : alias=api_session, url=https://lab.connect247.vn/ucrmapi-cti/cti/call-data, headers={'Content-Type': 'application/json', 'Authorization': 'Bearer eyJ0eXAiOiJKV1QiLCJhbGciOiJIUzI1NiJ9.eyJleHAiOjIwMzY5ODQyMTMsIlRlbmFudHMiOiJ0bnRfdGVzdGFjZmN0ZXN0OV82NDQyOTMyMiIsIklEIjoiNjY5ODg5NTIyOGM5ZGEyY2RkNjEyYTkyIiwiRW1haWwiOiJ0ZXN0YWNmYzlAeW9wbWFpbC5jb20iLCJJc19BZG1pbiI6dHJ1ZX0.mumhNV909rOtFAUFNKpOharTYWPRNo85S2Zi9QY5bJs'},                     cookies={}, auth=None, timeout=None, proxies=None, verify=False,                     debug=0 </msg>
<status status="PASS" starttime="20241218 18:11:24.541" endtime="20241218 18:11:24.542"/>
</kw>
<kw name="POST On Session" library="RequestsLibrary">
<var>${response}</var>
<arg>api_session</arg>
<arg>url=${API_URL_CTI}</arg>
<arg>data=${PAYLOADRINGING}</arg>
<doc>Sends a POST request on a previously created HTTP Session.</doc>
<msg timestamp="20241218 18:11:24.954" level="INFO">POST Request : url=https://lab.connect247.vn/ucrmapi-cti/cti/call-data 
 path_url=/ucrmapi-cti/cti/call-data 
 headers={'User-Agent': 'python-requests/2.32.3', 'Accept-Encoding': 'gzip, deflate', 'Accept': '*/*', 'Connection': 'keep-alive', 'Content-Type': 'application/json', 'Authorization': 'Bearer eyJ0eXAiOiJKV1QiLCJhbGciOiJIUzI1NiJ9.eyJleHAiOjIwMzY5ODQyMTMsIlRlbmFudHMiOiJ0bnRfdGVzdGFjZmN0ZXN0OV82NDQyOTMyMiIsIklEIjoiNjY5ODg5NTIyOGM5ZGEyY2RkNjEyYTkyIiwiRW1haWwiOiJ0ZXN0YWNmYzlAeW9wbWFpbC5jb20iLCJJc19BZG1pbiI6dHJ1ZX0.mumhNV909rOtFAUFNKpOharTYWPRNo85S2Zi9QY5bJs', 'Content-Length': '536'} 
 body={"LinkedID": "462262", "QueueID": "", "CallPhone": "0957890123", "CallStartTime": "2024-07-22 11:30:34", "CallConnectTime": "", "CallEndTime": "", "CallStatus": "RINGING", "TotalDuration": "0", "BillDuration": "0", "Username": "user8005@email.com", "Hotline": "", "ExtentionID": "1969", "InOutCall": "1", "CompanyUID": "17e31c2b-c738-4ddb-a406-8f6fce907353", "DepartmentUID": "", "CallHoldStartTime": "", "CallHoldEndTime": "", "ExtentionTransfer": "", "TypeCall": "0", "ReasonCode": "", "ReasonName": "", "uniqueID": "1721622634.1910"} 
 </msg>
<msg timestamp="20241218 18:11:24.954" level="INFO">POST Response : url=https://lab.connect247.vn/ucrmapi-cti/cti/call-data 
 status=200, reason=OK 
 headers={'Server': 'nginx', 'Date': 'Wed, 18 Dec 2024 11:11:24 GMT', 'Content-Type': 'application/json', 'Content-Length': '54', 'Connection': 'keep-alive', 'Vary': 'Accept, origin', 'Allow': 'OPTIONS, POST, GET', 'X-Content-Type-Options': 'nosniff, nosniff', 'Referrer-Policy': 'same-origin', 'Cross-Origin-Opener-Policy': 'same-origin', 'X-Frame-Options': 'DENY', 'Sec-Fetch-Site': 'cross-site'} 
 body={"data": [], "message": "success", "status_code": 200} 
 </msg>
<msg timestamp="20241218 18:11:24.954" level="INFO">C:\Users\Bui Nguyen Minh Quan\AppData\Local\Programs\Python\Python310\lib\site-packages\urllib3\connectionpool.py:1064: InsecureRequestWarning: Unverified HTTPS request is being made to host 'lab.connect247.vn'. Adding certificate verification is strongly advised. See: https://urllib3.readthedocs.io/en/1.26.x/advanced-usage.html#ssl-warnings
  warnings.warn(</msg>
<msg timestamp="20241218 18:11:24.955" level="INFO">${response} = &lt;Response [200]&gt;</msg>
<status status="PASS" starttime="20241218 18:11:24.542" endtime="20241218 18:11:24.955"/>
</kw>
<status status="PASS" starttime="20241218 18:11:24.540" endtime="20241218 18:11:24.955"/>
</kw>
<kw name="RPACallAPI_CALL_CTI" library="Common_keyword">
<arg>${randomLinkeđI}</arg>
<arg>${randomExtention}</arg>
<arg>ANSWER</arg>
<arg>1</arg>
<arg>${randomPhone}</arg>
<arg>${username}</arg>
<kw name="Set Variable" library="BuiltIn">
<var>${PAYLOADRINGING}</var>
<arg>{"LinkedID": "${LinkedID}", "QueueID": "", "CallPhone": "${PhoneNumber}", "CallStartTime": "2024-07-22 11:30:34", "CallConnectTime": "", "CallEndTime": "", "CallStatus": "${CallStatus}", "TotalDuration": "0", "BillDuration": "0", "Username": "${username}", "Hotline": "", "ExtentionID": "${ExtentionID}", "InOutCall": "${Direction}", "CompanyUID": "17e31c2b-c738-4ddb-a406-8f6fce907353", "DepartmentUID": "", "CallHoldStartTime": "", "CallHoldEndTime": "", "ExtentionTransfer": "", "TypeCall": "0", "ReasonCode": "", "ReasonName": "", "uniqueID": "1721622634.1910"}</arg>
<doc>Returns the given values which can then be assigned to a variables.</doc>
<msg timestamp="20241218 18:11:24.956" level="INFO">${PAYLOADRINGING} = {"LinkedID": "462262", "QueueID": "", "CallPhone": "0957890123", "CallStartTime": "2024-07-22 11:30:34", "CallConnectTime": "", "CallEndTime": "", "CallStatus": "ANSWER", "TotalDuration": "0", "BillDu...</msg>
<status status="PASS" starttime="20241218 18:11:24.956" endtime="20241218 18:11:24.956"/>
</kw>
<kw name="Create Session" library="RequestsLibrary">
<arg>api_session</arg>
<arg>${API_URL_CTI}</arg>
<arg>headers=&amp;{HEADERS_CTI}</arg>
<arg>verify=False</arg>
<doc>Create Session: create a HTTP session to a server</doc>
<msg timestamp="20241218 18:11:24.957" level="INFO">Creating Session using : alias=api_session, url=https://lab.connect247.vn/ucrmapi-cti/cti/call-data, headers={'Content-Type': 'application/json', 'Authorization': 'Bearer eyJ0eXAiOiJKV1QiLCJhbGciOiJIUzI1NiJ9.eyJleHAiOjIwMzY5ODQyMTMsIlRlbmFudHMiOiJ0bnRfdGVzdGFjZmN0ZXN0OV82NDQyOTMyMiIsIklEIjoiNjY5ODg5NTIyOGM5ZGEyY2RkNjEyYTkyIiwiRW1haWwiOiJ0ZXN0YWNmYzlAeW9wbWFpbC5jb20iLCJJc19BZG1pbiI6dHJ1ZX0.mumhNV909rOtFAUFNKpOharTYWPRNo85S2Zi9QY5bJs'},                     cookies={}, auth=None, timeout=None, proxies=None, verify=False,                     debug=0 </msg>
<status status="PASS" starttime="20241218 18:11:24.956" endtime="20241218 18:11:24.957"/>
</kw>
<kw name="POST On Session" library="RequestsLibrary">
<var>${response}</var>
<arg>api_session</arg>
<arg>url=${API_URL_CTI}</arg>
<arg>data=${PAYLOADRINGING}</arg>
<doc>Sends a POST request on a previously created HTTP Session.</doc>
<msg timestamp="20241218 18:11:25.078" level="INFO">POST Request : url=https://lab.connect247.vn/ucrmapi-cti/cti/call-data 
 path_url=/ucrmapi-cti/cti/call-data 
 headers={'User-Agent': 'python-requests/2.32.3', 'Accept-Encoding': 'gzip, deflate', 'Accept': '*/*', 'Connection': 'keep-alive', 'Content-Type': 'application/json', 'Authorization': 'Bearer eyJ0eXAiOiJKV1QiLCJhbGciOiJIUzI1NiJ9.eyJleHAiOjIwMzY5ODQyMTMsIlRlbmFudHMiOiJ0bnRfdGVzdGFjZmN0ZXN0OV82NDQyOTMyMiIsIklEIjoiNjY5ODg5NTIyOGM5ZGEyY2RkNjEyYTkyIiwiRW1haWwiOiJ0ZXN0YWNmYzlAeW9wbWFpbC5jb20iLCJJc19BZG1pbiI6dHJ1ZX0.mumhNV909rOtFAUFNKpOharTYWPRNo85S2Zi9QY5bJs', 'Content-Length': '535'} 
 body={"LinkedID": "462262", "QueueID": "", "CallPhone": "0957890123", "CallStartTime": "2024-07-22 11:30:34", "CallConnectTime": "", "CallEndTime": "", "CallStatus": "ANSWER", "TotalDuration": "0", "BillDuration": "0", "Username": "user8005@email.com", "Hotline": "", "ExtentionID": "1969", "InOutCall": "1", "CompanyUID": "17e31c2b-c738-4ddb-a406-8f6fce907353", "DepartmentUID": "", "CallHoldStartTime": "", "CallHoldEndTime": "", "ExtentionTransfer": "", "TypeCall": "0", "ReasonCode": "", "ReasonName": "", "uniqueID": "1721622634.1910"} 
 </msg>
<msg timestamp="20241218 18:11:25.078" level="INFO">POST Response : url=https://lab.connect247.vn/ucrmapi-cti/cti/call-data 
 status=200, reason=OK 
 headers={'Server': 'nginx', 'Date': 'Wed, 18 Dec 2024 11:11:24 GMT', 'Content-Type': 'application/json', 'Content-Length': '54', 'Connection': 'keep-alive', 'Vary': 'Accept, origin', 'Allow': 'OPTIONS, GET, POST', 'X-Content-Type-Options': 'nosniff, nosniff', 'Referrer-Policy': 'same-origin', 'Cross-Origin-Opener-Policy': 'same-origin', 'X-Frame-Options': 'DENY', 'Sec-Fetch-Site': 'cross-site'} 
 body={"data": [], "message": "success", "status_code": 200} 
 </msg>
<msg timestamp="20241218 18:11:25.078" level="INFO">C:\Users\Bui Nguyen Minh Quan\AppData\Local\Programs\Python\Python310\lib\site-packages\urllib3\connectionpool.py:1064: InsecureRequestWarning: Unverified HTTPS request is being made to host 'lab.connect247.vn'. Adding certificate verification is strongly advised. See: https://urllib3.readthedocs.io/en/1.26.x/advanced-usage.html#ssl-warnings
  warnings.warn(</msg>
<msg timestamp="20241218 18:11:25.079" level="INFO">${response} = &lt;Response [200]&gt;</msg>
<status status="PASS" starttime="20241218 18:11:24.957" endtime="20241218 18:11:25.079"/>
</kw>
<status status="PASS" starttime="20241218 18:11:24.955" endtime="20241218 18:11:25.079"/>
</kw>
<kw name="RPACallAPI_CALL_CTI" library="Common_keyword">
<arg>${randomLinkeđI}</arg>
<arg>${randomExtention}</arg>
<arg>SUCCESS</arg>
<arg>1</arg>
<arg>${randomPhone}</arg>
<arg>${username}</arg>
<kw name="Set Variable" library="BuiltIn">
<var>${PAYLOADRINGING}</var>
<arg>{"LinkedID": "${LinkedID}", "QueueID": "", "CallPhone": "${PhoneNumber}", "CallStartTime": "2024-07-22 11:30:34", "CallConnectTime": "", "CallEndTime": "", "CallStatus": "${CallStatus}", "TotalDuration": "0", "BillDuration": "0", "Username": "${username}", "Hotline": "", "ExtentionID": "${ExtentionID}", "InOutCall": "${Direction}", "CompanyUID": "17e31c2b-c738-4ddb-a406-8f6fce907353", "DepartmentUID": "", "CallHoldStartTime": "", "CallHoldEndTime": "", "ExtentionTransfer": "", "TypeCall": "0", "ReasonCode": "", "ReasonName": "", "uniqueID": "1721622634.1910"}</arg>
<doc>Returns the given values which can then be assigned to a variables.</doc>
<msg timestamp="20241218 18:11:25.082" level="INFO">${PAYLOADRINGING} = {"LinkedID": "462262", "QueueID": "", "CallPhone": "0957890123", "CallStartTime": "2024-07-22 11:30:34", "CallConnectTime": "", "CallEndTime": "", "CallStatus": "SUCCESS", "TotalDuration": "0", "BillD...</msg>
<status status="PASS" starttime="20241218 18:11:25.080" endtime="20241218 18:11:25.082"/>
</kw>
<kw name="Create Session" library="RequestsLibrary">
<arg>api_session</arg>
<arg>${API_URL_CTI}</arg>
<arg>headers=&amp;{HEADERS_CTI}</arg>
<arg>verify=False</arg>
<doc>Create Session: create a HTTP session to a server</doc>
<msg timestamp="20241218 18:11:25.084" level="INFO">Creating Session using : alias=api_session, url=https://lab.connect247.vn/ucrmapi-cti/cti/call-data, headers={'Content-Type': 'application/json', 'Authorization': 'Bearer eyJ0eXAiOiJKV1QiLCJhbGciOiJIUzI1NiJ9.eyJleHAiOjIwMzY5ODQyMTMsIlRlbmFudHMiOiJ0bnRfdGVzdGFjZmN0ZXN0OV82NDQyOTMyMiIsIklEIjoiNjY5ODg5NTIyOGM5ZGEyY2RkNjEyYTkyIiwiRW1haWwiOiJ0ZXN0YWNmYzlAeW9wbWFpbC5jb20iLCJJc19BZG1pbiI6dHJ1ZX0.mumhNV909rOtFAUFNKpOharTYWPRNo85S2Zi9QY5bJs'},                     cookies={}, auth=None, timeout=None, proxies=None, verify=False,                     debug=0 </msg>
<status status="PASS" starttime="20241218 18:11:25.083" endtime="20241218 18:11:25.084"/>
</kw>
<kw name="POST On Session" library="RequestsLibrary">
<var>${response}</var>
<arg>api_session</arg>
<arg>url=${API_URL_CTI}</arg>
<arg>data=${PAYLOADRINGING}</arg>
<doc>Sends a POST request on a previously created HTTP Session.</doc>
<msg timestamp="20241218 18:11:56.581" level="INFO">POST Request : url=https://lab.connect247.vn/ucrmapi-cti/cti/call-data 
 path_url=/ucrmapi-cti/cti/call-data 
 headers={'User-Agent': 'python-requests/2.32.3', 'Accept-Encoding': 'gzip, deflate', 'Accept': '*/*', 'Connection': 'keep-alive', 'Content-Type': 'application/json', 'Authorization': 'Bearer eyJ0eXAiOiJKV1QiLCJhbGciOiJIUzI1NiJ9.eyJleHAiOjIwMzY5ODQyMTMsIlRlbmFudHMiOiJ0bnRfdGVzdGFjZmN0ZXN0OV82NDQyOTMyMiIsIklEIjoiNjY5ODg5NTIyOGM5ZGEyY2RkNjEyYTkyIiwiRW1haWwiOiJ0ZXN0YWNmYzlAeW9wbWFpbC5jb20iLCJJc19BZG1pbiI6dHJ1ZX0.mumhNV909rOtFAUFNKpOharTYWPRNo85S2Zi9QY5bJs', 'Content-Length': '536'} 
 body={"LinkedID": "462262", "QueueID": "", "CallPhone": "0957890123", "CallStartTime": "2024-07-22 11:30:34", "CallConnectTime": "", "CallEndTime": "", "CallStatus": "SUCCESS", "TotalDuration": "0", "BillDuration": "0", "Username": "user8005@email.com", "Hotline": "", "ExtentionID": "1969", "InOutCall": "1", "CompanyUID": "17e31c2b-c738-4ddb-a406-8f6fce907353", "DepartmentUID": "", "CallHoldStartTime": "", "CallHoldEndTime": "", "ExtentionTransfer": "", "TypeCall": "0", "ReasonCode": "", "ReasonName": "", "uniqueID": "1721622634.1910"} 
 </msg>
<msg timestamp="20241218 18:11:56.581" level="INFO">POST Response : url=https://lab.connect247.vn/ucrmapi-cti/cti/call-data 
 status=502, reason=Bad Gateway 
 headers={'Server': 'nginx', 'Date': 'Wed, 18 Dec 2024 11:11:55 GMT', 'Content-Type': 'text/html', 'Content-Length': '150', 'Connection': 'keep-alive'} 
 body=&lt;html&gt;
&lt;head&gt;&lt;title&gt;502 Bad Gateway&lt;/title&gt;&lt;/head&gt;
&lt;body&gt;
&lt;center&gt;&lt;h1&gt;502 Bad Gateway&lt;/h1&gt;&lt;/center&gt;
&lt;hr&gt;&lt;center&gt;nginx&lt;/center&gt;
&lt;/body&gt;
&lt;/html&gt;
 
 </msg>
<msg timestamp="20241218 18:11:56.581" level="INFO">C:\Users\Bui Nguyen Minh Quan\AppData\Local\Programs\Python\Python310\lib\site-packages\urllib3\connectionpool.py:1064: InsecureRequestWarning: Unverified HTTPS request is being made to host 'lab.connect247.vn'. Adding certificate verification is strongly advised. See: https://urllib3.readthedocs.io/en/1.26.x/advanced-usage.html#ssl-warnings
  warnings.warn(</msg>
<msg timestamp="20241218 18:11:56.581" level="FAIL">HTTPError: 502 Server Error: Bad Gateway for url: https://lab.connect247.vn/ucrmapi-cti/cti/call-data</msg>
<status status="FAIL" starttime="20241218 18:11:25.085" endtime="20241218 18:11:56.582"/>
</kw>
<status status="FAIL" starttime="20241218 18:11:25.079" endtime="20241218 18:11:56.587"/>
</kw>
<status status="FAIL" starttime="20241218 18:11:24.540" endtime="20241218 18:11:56.589"/>
</iter>
<status status="FAIL" starttime="20241218 18:10:03.966" endtime="20241218 18:11:56.591"/>
</for>
<kw name="Log To Console" library="BuiltIn">
<arg>Done</arg>
<doc>Logs the given message to the console.</doc>
<status status="NOT RUN" starttime="20241218 18:11:56.593" endtime="20241218 18:11:56.593"/>
</kw>
<status status="FAIL" starttime="20241218 18:10:03.957" endtime="20241218 18:11:56.593">HTTPError: 502 Server Error: Bad Gateway for url: https://lab.connect247.vn/ucrmapi-cti/cti/call-data</status>
</test>
<status status="FAIL" starttime="20241218 18:10:03.126" endtime="20241218 18:11:56.594"/>
</suite>
<statistics>
<total>
<stat pass="0" fail="1" skip="0">All Tasks</stat>
</total>
<tag>
</tag>
<suite>
<stat pass="0" fail="1" skip="0" id="s1" name="Tasks">Tasks</stat>
</suite>
</statistics>
<errors>
<msg timestamp="20241218 18:11:56.587" level="ERROR">Calling method 'end_keyword' of listener 'RobotStackTracer' failed: UnicodeEncodeError: 'charmap' codec can't encode character '\u0111' in position 611: character maps to &lt;undefined&gt;</msg>
<msg timestamp="20241218 18:11:56.589" level="ERROR">Calling method 'end_keyword' of listener 'RobotStackTracer' failed: UnicodeEncodeError: 'charmap' codec can't encode character '\u0111' in position 611: character maps to &lt;undefined&gt;</msg>
<msg timestamp="20241218 18:11:56.591" level="ERROR">Calling method 'end_keyword' of listener 'RobotStackTracer' failed: UnicodeEncodeError: 'charmap' codec can't encode character '\u0111' in position 611: character maps to &lt;undefined&gt;</msg>
<msg timestamp="20241218 18:11:56.592" level="ERROR">Calling method 'end_keyword' of listener 'RobotStackTracer' failed: UnicodeEncodeError: 'charmap' codec can't encode character '\u0111' in position 611: character maps to &lt;undefined&gt;</msg>
</errors>
</robot>
