<?xml version="1.0" encoding="UTF-8"?>
<robot generator="Robot 6.1.1 (Python 3.10.11 on win32)" generated="20250106 15:50:11.047" rpa="false" schemaversion="4">
<suite id="s1" name="Suites">
<suite id="s1-s1" name="Tasks2" source="D:\RPA2\tasks2.robot">
<test id="s1-s1-t1" name="BotCall2" line="30">
<kw name="random_number" library="Common_keyword">
<var>${LINKEDID RANDOM}</var>
<arg>1</arg>
<arg>1000000000</arg>
<kw name="Evaluate" library="BuiltIn">
<var>${random_number}</var>
<arg>random.randint(${min}, ${max})</arg>
<doc>Evaluates the given expression in Python and returns the result.</doc>
<msg timestamp="20250106 15:50:12.871" level="INFO">${random_number} = 588717520</msg>
<status status="PASS" starttime="20250106 15:50:12.870" endtime="20250106 15:50:12.871"/>
</kw>
<return>
<value>${random_number}</value>
<status status="PASS" starttime="20250106 15:50:12.871" endtime="20250106 15:50:12.871"/>
</return>
<msg timestamp="20250106 15:50:12.872" level="INFO">${LINKEDID RANDOM} = 588717520</msg>
<status status="PASS" starttime="20250106 15:50:12.869" endtime="20250106 15:50:12.872"/>
</kw>
<kw name="Generate_Phone" library="Common_keyword">
<var>${RANDOMPHONE}</var>
<kw name="Set Variable" library="BuiltIn">
<var>${prefix}</var>
<arg>090</arg>
<doc>Returns the given values which can then be assigned to a variables.</doc>
<msg timestamp="20250106 15:50:12.873" level="INFO">${prefix} = 090</msg>
<status status="PASS" starttime="20250106 15:50:12.872" endtime="20250106 15:50:12.873"/>
</kw>
<kw name="random_number" library="Common_keyword">
<var>${phone_number}</var>
<arg>1000000</arg>
<arg>9999999</arg>
<kw name="Evaluate" library="BuiltIn">
<var>${random_number}</var>
<arg>random.randint(${min}, ${max})</arg>
<doc>Evaluates the given expression in Python and returns the result.</doc>
<msg timestamp="20250106 15:50:12.874" level="INFO">${random_number} = 7981570</msg>
<status status="PASS" starttime="20250106 15:50:12.873" endtime="20250106 15:50:12.874"/>
</kw>
<return>
<value>${random_number}</value>
<status status="PASS" starttime="20250106 15:50:12.874" endtime="20250106 15:50:12.874"/>
</return>
<msg timestamp="20250106 15:50:12.874" level="INFO">${phone_number} = 7981570</msg>
<status status="PASS" starttime="20250106 15:50:12.873" endtime="20250106 15:50:12.874"/>
</kw>
<kw name="Set Variable" library="BuiltIn">
<var>${phone}</var>
<arg>${prefix}${phone_number}</arg>
<doc>Returns the given values which can then be assigned to a variables.</doc>
<msg timestamp="20250106 15:50:12.875" level="INFO">${phone} = 0907981570</msg>
<status status="PASS" starttime="20250106 15:50:12.875" endtime="20250106 15:50:12.875"/>
</kw>
<return>
<value>${phone}</value>
<status status="PASS" starttime="20250106 15:50:12.875" endtime="20250106 15:50:12.876"/>
</return>
<kw name="Log To Console" library="BuiltIn">
<arg>message: ${phone}</arg>
<doc>Logs the given message to the console.</doc>
<status status="NOT RUN" starttime="20250106 15:50:12.876" endtime="20250106 15:50:12.876"/>
</kw>
<msg timestamp="20250106 15:50:12.876" level="INFO">${RANDOMPHONE} = 0907981570</msg>
<status status="PASS" starttime="20250106 15:50:12.872" endtime="20250106 15:50:12.876"/>
</kw>
<kw name="Generate_EXTENTION" library="Common_keyword">
<var>${Extension}</var>
<kw name="Evaluate" library="BuiltIn">
<var>${Extension}</var>
<arg>random.choice(${Extension})</arg>
<doc>Evaluates the given expression in Python and returns the result.</doc>
<msg timestamp="20250106 15:50:12.878" level="FAIL">Variable '${Extension}' not found.</msg>
<status status="FAIL" starttime="20250106 15:50:12.877" endtime="20250106 15:50:12.878"/>
</kw>
<kw name="Set Variable" library="BuiltIn">
<var>${Extension_}</var>
<arg>${Extension}</arg>
<doc>Returns the given values which can then be assigned to a variables.</doc>
<status status="NOT RUN" starttime="20250106 15:50:12.879" endtime="20250106 15:50:12.880"/>
</kw>
<return>
<value>${Extension_}</value>
<status status="NOT RUN" starttime="20250106 15:50:12.880" endtime="20250106 15:50:12.880"/>
</return>
<status status="FAIL" starttime="20250106 15:50:12.877" endtime="20250106 15:50:12.880"/>
</kw>
<kw name="Generate_Random_Email_CALL" library="Common_keyword">
<var>${EmailNameCall}</var>
<status status="NOT RUN" starttime="20250106 15:50:12.880" endtime="20250106 15:50:12.881"/>
</kw>
<for flavor="IN RANGE">
<var>${i}</var>
<value>100</value>
<iter>
<var name="${i}"/>
<kw name="Generate_Phone" library="Common_keyword">
<var>${RANDOMPHONE}</var>
<status status="NOT RUN" starttime="20250106 15:50:12.882" endtime="20250106 15:50:12.882"/>
</kw>
<kw name="Log To Console" library="BuiltIn">
<arg>${RANDOMPHONE}</arg>
<doc>Logs the given message to the console.</doc>
<status status="NOT RUN" starttime="20250106 15:50:12.883" endtime="20250106 15:50:12.883"/>
</kw>
<kw name="Get Time" library="BuiltIn">
<var>${start_time}</var>
<arg>epoch</arg>
<doc>Returns the given time in the requested format.</doc>
<status status="NOT RUN" starttime="20250106 15:50:12.883" endtime="20250106 15:50:12.883"/>
</kw>
<kw name="RPACallAPI_CALL_CTI" library="Common_keyword">
<arg>${LINKEDID RANDOM}</arg>
<arg>${Extension}</arg>
<arg>RINGING</arg>
<arg>1</arg>
<arg>${RANDOMPHONE}</arg>
<arg>${EmailNameCall}</arg>
<status status="NOT RUN" starttime="20250106 15:50:12.884" endtime="20250106 15:50:12.884"/>
</kw>
<kw name="Get Time" library="BuiltIn">
<var>${end_time}</var>
<arg>epoch</arg>
<doc>Returns the given time in the requested format.</doc>
<status status="NOT RUN" starttime="20250106 15:50:12.884" endtime="20250106 15:50:12.884"/>
</kw>
<kw name="Subtract Time From Date" library="DateTime">
<var>${time}</var>
<arg>${end_time}</arg>
<arg>${start_time}</arg>
<arg>result_format=%S</arg>
<doc>Subtracts time from date and returns the resulting date.</doc>
<status status="NOT RUN" starttime="20250106 15:50:12.884" endtime="20250106 15:50:12.884"/>
</kw>
<kw name="Log To Console" library="BuiltIn">
<arg>message=${time}</arg>
<doc>Logs the given message to the console.</doc>
<status status="NOT RUN" starttime="20250106 15:50:12.885" endtime="20250106 15:50:12.885"/>
</kw>
<status status="NOT RUN" starttime="20250106 15:50:12.881" endtime="20250106 15:50:12.885"/>
</iter>
<status status="NOT RUN" starttime="20250106 15:50:12.881" endtime="20250106 15:50:12.885"/>
</for>
<status status="FAIL" starttime="20250106 15:50:12.868" endtime="20250106 15:50:12.885">Variable '${Extension}' not found.</status>
</test>
<status status="FAIL" starttime="20250106 15:50:11.092" endtime="20250106 15:50:12.887"/>
</suite>
<status status="FAIL" starttime="20250106 15:50:11.064" endtime="20250106 15:50:12.888"/>
</suite>
<statistics>
<total>
<stat pass="0" fail="1" skip="0">All Tests</stat>
</total>
<tag>
</tag>
<suite>
<stat pass="0" fail="1" skip="0" id="s1" name="Suites">Suites</stat>
<stat pass="0" fail="1" skip="0" id="s1-s1" name="Tasks2">Suites.Tasks2</stat>
</suite>
</statistics>
<errors>
<msg timestamp="20250106 15:50:11.112" level="ERROR">Error in file 'D:\RPA2\PageObject\Locators\Common_keyword.robot' on line 2: Resource file 'PageObject\Locators\SettingsCRMLocators.robot' does not exist.</msg>
<msg timestamp="20250106 15:50:11.114" level="ERROR">Error in file 'D:\RPA2\PageObject\Locators\Common_keyword.robot' on line 3: Resource file 'PageObject\Data\Data.robot' does not exist.</msg>
<msg timestamp="20250106 15:50:12.857" level="ERROR">Error in file 'D:\RPA2\PageObject\Locators\LoginPageLocators.robot' on line 2: Resource file 'PageObject\Locators\LoginPageLocators.robot' does not exist.</msg>
<msg timestamp="20250106 15:50:12.858" level="ERROR">Error in file 'D:\RPA2\PageObject\Locators\LoginPageLocators.robot' on line 3: Resource file 'PageObject\Locators\Common_keyword.robot' does not exist.</msg>
<msg timestamp="20250106 15:50:12.862" level="ERROR">Error in file 'D:\RPA2\PageObject\Locators\LoginPageLocators.robot' on line 6: Resource file 'PageObject\Data\Variables .robot' does not exist.</msg>
</errors>
</robot>
